2023-12-14 09:57:11,243 [INFO] Activator:176 - 


2023-12-14 09:57:11,249 [INFO] Activator:177 - !SESSION log4j initialized
2023-12-14 09:57:14,563 [INFO] LogOutputStream:77 - [STDOUT_REDIRECT] 
2023-12-14 09:57:17,473 [INFO] ApplicationProperties:184 - Using Application install path: D:\Non-Project\STM CubeIDE\STM32CubeIDE_1.14.0\STM32CubeIDE\plugins\com.st.stm32cube.common.mx_6.10.0.202311202037
2023-12-14 09:57:17,504 [INFO] DbMcusXml:78 - Set database path to: D:\Non-Project\STM CubeIDE\STM32CubeIDE_1.14.0\STM32CubeIDE\plugins\com.st.stm32cube.common.mx_6.10.0.202311202037\\db\/mcu/
2023-12-14 09:57:17,505 [INFO] ApiDb:274 - Set plugin database path to: D:\Non-Project\STM CubeIDE\STM32CubeIDE_1.14.0\STM32CubeIDE\plugins\com.st.stm32cube.common.mx_6.10.0.202311202037\\db\/plugins/boardmanager/
2023-12-14 09:57:17,506 [WARN] ApiDb:259 - Overriding images path with different value:  => D:\Non-Project\STM CubeIDE\STM32CubeIDE_1.14.0\STM32CubeIDE\plugins\com.st.stm32cube.common.mx_6.10.0.202311202037\\db\/plugins/mcufinder/images/
2023-12-14 09:57:17,535 [INFO] ApiDb:250 - Set database path to: C:\Users\hchandegara\.stmcufinder\plugins\mcufinder//mcu/
2023-12-14 09:57:17,538 [INFO] DbMcusAds:125 - Set database path to: C:\Users\hchandegara\.stmcufinder\plugins\mcufinder//mcu/
2023-12-14 09:57:17,543 [INFO] CrossReferenceDbSqlite:203 - Set database path to: C:\Users\hchandegara\.stmcufinder\plugins\mcufinder//mcu/cs/
2023-12-14 09:57:17,697 [INFO] RulesReader:64 - Compatibility file has been processed (297 Rules)
2023-12-14 09:57:17,808 [INFO] DbMcusXml:78 - Set database path to: D:\Non-Project\STM CubeIDE\STM32CubeIDE_1.14.0\STM32CubeIDE\plugins\com.st.stm32cube.common.mx_6.10.0.202311202037\\db\/mcu/
2023-12-14 09:57:17,808 [INFO] ApiDb:274 - Set plugin database path to: D:\Non-Project\STM CubeIDE\STM32CubeIDE_1.14.0\STM32CubeIDE\plugins\com.st.stm32cube.common.mx_6.10.0.202311202037\\db\/plugins/boardmanager/
2023-12-14 09:57:17,808 [INFO] ApiDb:261 - Set plugin images path to: D:\Non-Project\STM CubeIDE\STM32CubeIDE_1.14.0\STM32CubeIDE\plugins\com.st.stm32cube.common.mx_6.10.0.202311202037\\db\/plugins/mcufinder/images/
2023-12-14 09:57:17,809 [WARN] DbFile:41 - Overriding database path with different value: C:\Users\hchandegara\.stmcufinder\plugins\mcufinder/ => C:\Users\hchandegara\.stmcufinder\plugins\mcufinder
2023-12-14 09:57:17,809 [INFO] ApiDb:250 - Set database path to: C:\Users\hchandegara\.stmcufinder\plugins\mcufinder//mcu/
2023-12-14 09:57:17,809 [WARN] DbFile:41 - Overriding database path with different value: C:\Users\hchandegara\.stmcufinder\plugins\mcufinder/ => C:\Users\hchandegara\.stmcufinder\plugins\mcufinder
2023-12-14 09:57:17,809 [INFO] DbMcusAds:125 - Set database path to: C:\Users\hchandegara\.stmcufinder\plugins\mcufinder//mcu/
2023-12-14 09:57:17,809 [WARN] DbFile:41 - Overriding database path with different value: C:\Users\hchandegara\.stmcufinder\plugins\mcufinder/ => C:\Users\hchandegara\.stmcufinder\plugins\mcufinder
2023-12-14 09:57:17,809 [WARN] DbFile:41 - Overriding database path with different value: C:\Users\hchandegara\.stmcufinder\plugins\mcufinder/ => C:\Users\hchandegara\.stmcufinder\plugins\mcufinder
2023-12-14 09:57:17,809 [INFO] CrossReferenceDbSqlite:203 - Set database path to: C:\Users\hchandegara\.stmcufinder\plugins\mcufinder//mcu/cs/
2023-12-14 09:57:17,901 [INFO] MainPanel:264 - HeapMemory: 268435456
2023-12-14 09:57:18,017 [INFO] DbMcusXml:78 - Set database path to: D:\Non-Project\STM CubeIDE\STM32CubeIDE_1.14.0\STM32CubeIDE\plugins\com.st.stm32cube.common.mx_6.10.0.202311202037\\db\/mcu/
2023-12-14 09:57:18,018 [INFO] ApiDb:274 - Set plugin database path to: D:\Non-Project\STM CubeIDE\STM32CubeIDE_1.14.0\STM32CubeIDE\plugins\com.st.stm32cube.common.mx_6.10.0.202311202037\\db\/plugins/boardmanager/
2023-12-14 09:57:18,018 [INFO] ApiDb:261 - Set plugin images path to: D:\Non-Project\STM CubeIDE\STM32CubeIDE_1.14.0\STM32CubeIDE\plugins\com.st.stm32cube.common.mx_6.10.0.202311202037\\db\/plugins/mcufinder/images/
2023-12-14 09:57:18,018 [WARN] DbFile:41 - Overriding database path with different value: C:\Users\hchandegara\.stmcufinder\plugins\mcufinder/ => C:\Users\hchandegara\.stmcufinder\plugins\mcufinder
2023-12-14 09:57:18,018 [INFO] ApiDb:250 - Set database path to: C:\Users\hchandegara\.stmcufinder\plugins\mcufinder//mcu/
2023-12-14 09:57:18,019 [WARN] DbFile:41 - Overriding database path with different value: C:\Users\hchandegara\.stmcufinder\plugins\mcufinder/ => C:\Users\hchandegara\.stmcufinder\plugins\mcufinder
2023-12-14 09:57:18,019 [INFO] DbMcusAds:125 - Set database path to: C:\Users\hchandegara\.stmcufinder\plugins\mcufinder//mcu/
2023-12-14 09:57:18,019 [WARN] DbFile:41 - Overriding database path with different value: C:\Users\hchandegara\.stmcufinder\plugins\mcufinder/ => C:\Users\hchandegara\.stmcufinder\plugins\mcufinder
2023-12-14 09:57:18,019 [WARN] DbFile:41 - Overriding database path with different value: C:\Users\hchandegara\.stmcufinder\plugins\mcufinder/ => C:\Users\hchandegara\.stmcufinder\plugins\mcufinder
2023-12-14 09:57:18,019 [INFO] CrossReferenceDbSqlite:203 - Set database path to: C:\Users\hchandegara\.stmcufinder\plugins\mcufinder//mcu/cs/
2023-12-14 09:57:18,048 [INFO] ApplicationProperties:184 - Using Application install path: D:\Non-Project\STM CubeIDE\STM32CubeIDE_1.14.0\STM32CubeIDE\plugins\com.st.stm32cube.common.mx_6.10.0.202311202037
2023-12-14 09:57:18,050 [INFO] PluginManage:196 - Search for loadable plugins [exclusion list=, ]
2023-12-14 09:57:18,051 [INFO] PluginManage:310 - Check plugin analytics
2023-12-14 09:57:18,262 [INFO] AnalyticsPlugin:253 - Accepted Software Licenses: STM32CubeMX.6.9.2,STM32CubeMX.6.10.0
2023-12-14 09:57:18,262 [INFO] AnalyticsPlugin:255 - Accepted CMSIS Pack Licenses: 
2023-12-14 09:57:18,263 [INFO] AnalyticsPlugin:257 - Accepted Firmware Licenses: FW.L4.1.18.0
2023-12-14 09:57:18,265 [INFO] PluginManage:359 - Loaded plugin analytics (category:tool,tabindex:-1)
2023-12-14 09:57:18,265 [INFO] PluginManage:310 - Check plugin cadmodel
2023-12-14 09:57:18,293 [INFO] CADModel:105 - Init CAD model plugin
2023-12-14 09:57:18,293 [INFO] PluginManage:359 - Loaded plugin cadmodel (category:power,tabindex:5)
2023-12-14 09:57:18,294 [INFO] PluginManage:310 - Check plugin clock
2023-12-14 09:57:18,324 [INFO] PluginManage:359 - Loaded plugin clock (category:base,tabindex:2)
2023-12-14 09:57:18,324 [INFO] PluginManage:310 - Check plugin ddr
2023-12-14 09:57:18,327 [INFO] PluginManage:359 - Loaded plugin ddr (category:tool,tabindex:6)
2023-12-14 09:57:18,327 [INFO] PluginManage:310 - Check plugin filemanager
2023-12-14 09:57:18,480 [INFO] PluginManage:359 - Loaded plugin filemanager (category:base,tabindex:10)
2023-12-14 09:57:18,481 [INFO] PluginManage:310 - Check plugin ipmanager
2023-12-14 09:57:18,489 [INFO] PluginManage:359 - Loaded plugin ipmanager (category:base,tabindex:5)
2023-12-14 09:57:18,489 [INFO] PluginManage:310 - Check plugin lpbam
2023-12-14 09:57:18,527 [INFO] PluginManage:359 - Loaded plugin lpbam (category:base,tabindex:0)
2023-12-14 09:57:18,528 [INFO] PluginManage:310 - Check plugin memorymap
2023-12-14 09:57:18,573 [INFO] PluginManage:359 - Loaded plugin memorymap (category:base,tabindex:4)
2023-12-14 09:57:18,574 [INFO] PluginManage:310 - Check plugin pinoutandconfiguration
2023-12-14 09:57:18,606 [INFO] PluginManage:359 - Loaded plugin pinoutandconfiguration (category:base,tabindex:1)
2023-12-14 09:57:18,607 [INFO] PluginManage:310 - Check plugin pinoutconfig
2023-12-14 09:57:18,806 [WARN] SupportedApi:132 - Cannot load RTOS API schema: s4s-elt-must-match.1: The content of 'definitions' must match (annotation?, (simpleType | complexType)?, (unique | key | keyref)*)). A problem was found starting at: attribute.
2023-12-14 09:57:18,957 [INFO] PluginManage:359 - Loaded plugin pinoutconfig (category:base,tabindex:0)
2023-12-14 09:57:18,958 [INFO] PluginManage:310 - Check plugin power
2023-12-14 09:57:18,989 [INFO] PluginManage:359 - Loaded plugin power (category:power,tabindex:4)
2023-12-14 09:57:18,989 [INFO] PluginManage:310 - Check plugin projectmanager
2023-12-14 09:57:19,004 [INFO] PluginManage:359 - Loaded plugin projectmanager (category:projectmanager,tabindex:3)
2023-12-14 09:57:19,004 [INFO] PluginManage:310 - Check plugin thirdparty
2023-12-14 09:57:19,526 [INFO] PluginManage:359 - Loaded plugin thirdparty (category:base,tabindex:-1)
2023-12-14 09:57:19,526 [WARN] IntegrityCheckThread:84 - waiting for thirdparty lock release [integrity check]
2023-12-14 09:57:19,527 [INFO] PluginManage:310 - Check plugin tools
2023-12-14 09:57:19,527 [INFO] IntegrityCheckThread:86 - entering critical section [integrity check]
2023-12-14 09:57:19,528 [INFO] ThirdPartyUpdaterWithRetryManager:70 - Updater plugin not ready yet. [1/15]
2023-12-14 09:57:19,590 [INFO] PluginManage:359 - Loaded plugin tools (category:base,tabindex:7)
2023-12-14 09:57:19,591 [INFO] PluginManage:310 - Check plugin tutovideos
2023-12-14 09:57:20,016 [INFO] PluginManage:359 - Loaded plugin tutovideos (category:base,tabindex:-1)
2023-12-14 09:57:20,016 [INFO] PluginManage:310 - Check plugin updater
2023-12-14 09:57:20,038 [INFO] PluginManage:359 - Loaded plugin updater (category:base,tabindex:12)
2023-12-14 09:57:20,038 [INFO] PluginManage:310 - Check plugin userauth
2023-12-14 09:57:20,047 [INFO] UserAuth:114 - Init User Auth plugin
2023-12-14 09:57:20,047 [INFO] PluginManage:359 - Loaded plugin userauth (category:base,tabindex:14)
2023-12-14 09:57:20,048 [INFO] PluginManage:283 - PluginManage : Loaded plugins [17]
2023-12-14 09:57:20,594 [INFO] PinOutPanel:1499 - setPackage(No Configuration,No Configuration)
2023-12-14 09:57:20,692 [INFO] CADModel:165 - CPN selected for project level
2023-12-14 09:57:20,693 [INFO] CADModel:114 - Register for checkConnection events
2023-12-14 09:57:20,730 [INFO] IPUIPlugin:80 - create IPUIPlugin
2023-12-14 09:57:20,730 [INFO] PluginManager:220 - loadIPPluginJar : add adc
2023-12-14 09:57:20,785 [INFO] IPUIPlugin:80 - create IPUIPlugin
2023-12-14 09:57:20,785 [INFO] PluginManager:220 - loadIPPluginJar : add aes
2023-12-14 09:57:20,855 [INFO] IPUIPlugin:80 - create IPUIPlugin
2023-12-14 09:57:20,855 [INFO] PluginManager:220 - loadIPPluginJar : add can
2023-12-14 09:57:20,887 [INFO] IPUIPlugin:80 - create IPUIPlugin
2023-12-14 09:57:20,887 [INFO] PluginManager:220 - loadIPPluginJar : add comp
2023-12-14 09:57:20,921 [INFO] IPUIPlugin:80 - create IPUIPlugin
2023-12-14 09:57:20,921 [INFO] PluginManager:220 - loadIPPluginJar : add cryp
2023-12-14 09:57:20,972 [INFO] IPUIPlugin:80 - create IPUIPlugin
2023-12-14 09:57:20,973 [INFO] PluginManager:220 - loadIPPluginJar : add dfsdm
2023-12-14 09:57:21,004 [INFO] IPUIPlugin:80 - create IPUIPlugin
2023-12-14 09:57:21,005 [INFO] PluginManager:220 - loadIPPluginJar : add dma
2023-12-14 09:57:21,067 [INFO] IPUIPlugin:80 - create IPUIPlugin
2023-12-14 09:57:21,067 [INFO] PluginManager:220 - loadIPPluginJar : add dma3
2023-12-14 09:57:21,088 [INFO] IPUIPlugin:80 - create IPUIPlugin
2023-12-14 09:57:21,089 [INFO] PluginManager:220 - loadIPPluginJar : add fatfs
2023-12-14 09:57:21,139 [INFO] IPUIPlugin:80 - create IPUIPlugin
2023-12-14 09:57:21,140 [INFO] PluginManager:220 - loadIPPluginJar : add fmc
2023-12-14 09:57:21,163 [INFO] IPUIPlugin:80 - create IPUIPlugin
2023-12-14 09:57:21,163 [INFO] PluginManager:220 - loadIPPluginJar : add freertos
2023-12-14 09:57:21,203 [INFO] IPUIPlugin:80 - create IPUIPlugin
2023-12-14 09:57:21,203 [INFO] PluginManager:220 - loadIPPluginJar : add genericplugin
2023-12-14 09:57:21,316 [INFO] IPUIPlugin:80 - create IPUIPlugin
2023-12-14 09:57:21,316 [INFO] PluginManager:220 - loadIPPluginJar : add gfxmmu
2023-12-14 09:57:21,414 [INFO] IPUIPlugin:80 - create IPUIPlugin
2023-12-14 09:57:21,414 [INFO] PluginManager:220 - loadIPPluginJar : add gic
2023-12-14 09:57:21,431 [INFO] IPUIPlugin:80 - create IPUIPlugin
2023-12-14 09:57:21,431 [INFO] PluginManager:220 - loadIPPluginJar : add gpio
2023-12-14 09:57:21,501 [INFO] IPUIPlugin:80 - create IPUIPlugin
2023-12-14 09:57:21,501 [INFO] PluginManager:220 - loadIPPluginJar : add gtzc
2023-12-14 09:57:21,528 [INFO] IPUIPlugin:80 - create IPUIPlugin
2023-12-14 09:57:21,528 [INFO] PluginManager:220 - loadIPPluginJar : add hash
2023-12-14 09:57:21,596 [INFO] IPUIPlugin:80 - create IPUIPlugin
2023-12-14 09:57:21,597 [INFO] PluginManager:220 - loadIPPluginJar : add i2c
2023-12-14 09:57:21,638 [INFO] IPUIPlugin:80 - create IPUIPlugin
2023-12-14 09:57:21,638 [INFO] PluginManager:220 - loadIPPluginJar : add i2s
2023-12-14 09:57:21,679 [INFO] IPUIPlugin:80 - create IPUIPlugin
2023-12-14 09:57:21,680 [INFO] PluginManager:220 - loadIPPluginJar : add i3c
2023-12-14 09:57:21,772 [INFO] IPUIPlugin:80 - create IPUIPlugin
2023-12-14 09:57:21,772 [INFO] PluginManager:220 - loadIPPluginJar : add ipddr
2023-12-14 09:57:21,867 [INFO] IPUIPlugin:80 - create IPUIPlugin
2023-12-14 09:57:21,868 [INFO] PluginManager:220 - loadIPPluginJar : add linkedlist
2023-12-14 09:57:21,902 [INFO] IPUIPlugin:80 - create IPUIPlugin
2023-12-14 09:57:21,902 [INFO] PluginManager:220 - loadIPPluginJar : add lorawan
2023-12-14 09:57:21,931 [INFO] IPUIPlugin:80 - create IPUIPlugin
2023-12-14 09:57:21,931 [INFO] PluginManager:220 - loadIPPluginJar : add ltdc
2023-12-14 09:57:21,948 [INFO] IPUIPlugin:80 - create IPUIPlugin
2023-12-14 09:57:21,948 [INFO] PluginManager:220 - loadIPPluginJar : add mdma
2023-12-14 09:57:21,965 [INFO] IPUIPlugin:80 - create IPUIPlugin
2023-12-14 09:57:21,965 [INFO] PluginManager:220 - loadIPPluginJar : add nvic
2023-12-14 09:57:22,006 [INFO] IPUIPlugin:80 - create IPUIPlugin
2023-12-14 09:57:22,007 [INFO] PluginManager:220 - loadIPPluginJar : add opamp
2023-12-14 09:57:22,087 [INFO] IPUIPlugin:80 - create IPUIPlugin
2023-12-14 09:57:22,087 [INFO] PluginManager:220 - loadIPPluginJar : add openamp
2023-12-14 09:57:22,168 [INFO] IPUIPlugin:80 - create IPUIPlugin
2023-12-14 09:57:22,168 [INFO] PluginManager:220 - loadIPPluginJar : add pdm2pcm
2023-12-14 09:57:22,191 [INFO] IPUIPlugin:80 - create IPUIPlugin
2023-12-14 09:57:22,194 [INFO] PluginManager:220 - loadIPPluginJar : add plateformsettings
2023-12-14 09:57:22,233 [INFO] IPUIPlugin:80 - create IPUIPlugin
2023-12-14 09:57:22,233 [INFO] PluginManager:220 - loadIPPluginJar : add quadspi
2023-12-14 09:57:22,254 [INFO] IPUIPlugin:80 - create IPUIPlugin
2023-12-14 09:57:22,254 [INFO] PluginManager:220 - loadIPPluginJar : add resmgrutility
2023-12-14 09:57:22,308 [INFO] IPUIPlugin:80 - create IPUIPlugin
2023-12-14 09:57:22,308 [INFO] PluginManager:220 - loadIPPluginJar : add sai
2023-12-14 09:57:22,379 [INFO] IPUIPlugin:80 - create IPUIPlugin
2023-12-14 09:57:22,379 [INFO] PluginManager:220 - loadIPPluginJar : add spi
2023-12-14 09:57:22,467 [INFO] IPUIPlugin:80 - create IPUIPlugin
2023-12-14 09:57:22,467 [INFO] PluginManager:220 - loadIPPluginJar : add stm32_wpan
2023-12-14 09:57:22,490 [INFO] IPUIPlugin:80 - create IPUIPlugin
2023-12-14 09:57:22,490 [INFO] PluginManager:220 - loadIPPluginJar : add tim
2023-12-14 09:57:22,528 [INFO] ThirdPartyUpdaterWithRetryManager:70 - Updater plugin not ready yet. [2/15]
2023-12-14 09:57:22,538 [INFO] IPUIPlugin:80 - create IPUIPlugin
2023-12-14 09:57:22,539 [INFO] PluginManager:220 - loadIPPluginJar : add touchsensing
2023-12-14 09:57:22,572 [INFO] IPUIPlugin:80 - create IPUIPlugin
2023-12-14 09:57:22,572 [INFO] PluginManager:220 - loadIPPluginJar : add tracer_emb
2023-12-14 09:57:22,607 [INFO] IPUIPlugin:80 - create IPUIPlugin
2023-12-14 09:57:22,608 [INFO] PluginManager:220 - loadIPPluginJar : add ts
2023-12-14 09:57:22,647 [INFO] IPUIPlugin:80 - create IPUIPlugin
2023-12-14 09:57:22,647 [INFO] PluginManager:220 - loadIPPluginJar : add tsc
2023-12-14 09:57:22,686 [INFO] IPUIPlugin:80 - create IPUIPlugin
2023-12-14 09:57:22,687 [INFO] PluginManager:220 - loadIPPluginJar : add ucpd
2023-12-14 09:57:22,728 [INFO] IPUIPlugin:80 - create IPUIPlugin
2023-12-14 09:57:22,728 [INFO] PluginManager:220 - loadIPPluginJar : add usart
2023-12-14 09:57:22,762 [INFO] IPUIPlugin:80 - create IPUIPlugin
2023-12-14 09:57:22,762 [INFO] PluginManager:220 - loadIPPluginJar : add usbx
2023-12-14 09:57:22,976 [INFO] CADModel:165 - CPN selected for project level
2023-12-14 09:57:22,976 [INFO] CADModel:114 - Register for checkConnection events
2023-12-14 09:57:22,977 [FATAL] Updater:308 - Updater called before beeing initialized
2023-12-14 09:57:22,977 [ERROR] CADModel:125 - Updater not yet initialized, retry later 
2023-12-14 09:57:23,197 [INFO] CADModel:165 - CPN selected for project level
2023-12-14 09:57:23,198 [INFO] CADModel:114 - Register for checkConnection events
2023-12-14 09:57:23,198 [FATAL] Updater:308 - Updater called before beeing initialized
2023-12-14 09:57:23,198 [ERROR] CADModel:125 - Updater not yet initialized, retry later 
2023-12-14 09:57:23,201 [FATAL] Updater:308 - Updater called before beeing initialized
2023-12-14 09:57:23,313 [FATAL] Updater:308 - Updater called before beeing initialized
2023-12-14 09:57:23,327 [INFO] DbMcusAds:53 - JSON generation date=Wed Nov 29 16:22:38 IST 2023 (1701255158764)
2023-12-14 09:57:23,327 [FATAL] Updater:308 - Updater called before beeing initialized
2023-12-14 09:57:23,527 [WARN] DetailPanel:346 - Failed to get advertising image, set to default
2023-12-14 09:57:23,646 [FATAL] Updater:308 - Updater called before beeing initialized
2023-12-14 09:57:23,648 [FATAL] Updater:308 - Updater called before beeing initialized
2023-12-14 09:57:23,648 [FATAL] Updater:308 - Updater called before beeing initialized
2023-12-14 09:57:23,648 [WARN] DetailPanel:346 - Failed to get advertising image, set to default
2023-12-14 09:57:23,649 [FATAL] Updater:308 - Updater called before beeing initialized
2023-12-14 09:57:23,723 [ERROR] Updater:1120 - MainUpdater not yet initialized. External WinMGr cannot be set.
2023-12-14 09:57:23,739 [INFO] Updater:1056 - Updater Version found : 6.10.0
2023-12-14 09:57:23,774 [INFO] ApplicationProperties:184 - Using Application install path: D:\Non-Project\STM CubeIDE\STM32CubeIDE_1.14.0\STM32CubeIDE\plugins\com.st.stm32cube.common.mx_6.10.0.202311202037
2023-12-14 09:57:24,831 [INFO] MainUpdater:2873 - connection check result : 10
2023-12-14 09:57:24,832 [INFO] MainUpdater:290 - Updater Check For Update Now.
2023-12-14 09:57:24,832 [INFO] MicroXplorer:498 - Change Database Version : DB.6.0.100
2023-12-14 09:57:24,870 [INFO] McuFinderGlobals:63 - Set McuFinder mode to 2 (CubeIDE integrated)
2023-12-14 09:57:24,871 [INFO] UserAuth:180 - activating auth plugin
2023-12-14 09:57:24,879 [INFO] UserAuth:404 - Internet connection configuration mode: 1
2023-12-14 09:57:24,934 [INFO] JxBrowserEngine:152 - Initiate JxBrowser Engine with user profile folder
2023-12-14 09:57:25,089 [INFO] CheckServerUpdateThread:120 - End of CheckServer Thread
2023-12-14 09:57:25,758 [WARN] PackLoader:240 - Cannot read IP mode file for STMicroelectronics.X-CUBE-SMBUS.2.1.0
2023-12-14 09:57:25,802 [WARN] PackLoader:240 - Cannot read IP mode file for STMicroelectronics.X-CUBE-AZRTOS-F7.1.1.0
2023-12-14 09:57:25,820 [WARN] PackLoader:240 - Cannot read IP mode file for STMicroelectronics.FP-SNS-MOTENV1.4.3.2
2023-12-14 09:57:25,838 [WARN] PackLoader:240 - Cannot read IP mode file for STMicroelectronics.FP-SNS-FLIGHT1.5.0.2
2023-12-14 09:57:25,855 [WARN] PackLoader:240 - Cannot read IP mode file for STMicroelectronics.X-CUBE-DISPLAY.3.0.0
2023-12-14 09:57:25,876 [WARN] PackLoader:240 - Cannot read IP mode file for STMicroelectronics.X-CUBE-BLE1.7.0.0
2023-12-14 09:57:25,890 [WARN] PackLoader:240 - Cannot read IP mode file for emotas.I-CUBE-CANOPEN.1.3.0
2023-12-14 09:57:25,906 [WARN] PackLoader:240 - Cannot read IP mode file for STMicroelectronics.X-CUBE-TOUCHGFX.4.22.1
2023-12-14 09:57:25,920 [WARN] PackLoader:240 - Cannot read IP mode file for STMicroelectronics.FP-SNS-SMARTAG2.1.2.0
2023-12-14 09:57:25,944 [INFO] LogOutputStream:77 - [STDOUT_REDIRECT] 1 : Invalid condition id : UX_CORESTACK_Condition cause : null
2023-12-14 09:57:25,944 [INFO] LogOutputStream:77 - [STDOUT_REDIRECT] 1 : Invalid condition id : UX_CORESTACK_Condition cause : null
2023-12-14 09:57:25,945 [INFO] LogOutputStream:77 - [STDOUT_REDIRECT] 1 : Invalid condition id : UX_CORESTACK_Condition cause : null
2023-12-14 09:57:25,946 [INFO] LogOutputStream:77 - [STDOUT_REDIRECT] 1 : Invalid condition id : UX_CORESTACK_Condition cause : null
2023-12-14 09:57:25,947 [INFO] LogOutputStream:77 - [STDOUT_REDIRECT] 1 : Invalid condition id : UX_CORESTACK_Condition cause : null
2023-12-14 09:57:25,952 [WARN] PackLoader:240 - Cannot read IP mode file for STMicroelectronics.X-CUBE-AZRTOS-WL.2.0.0
2023-12-14 09:57:25,971 [WARN] PackLoader:240 - Cannot read IP mode file for WES.I-CUBE-Cesium.1.3.0
2023-12-14 09:57:25,981 [WARN] PackLoader:240 - Cannot read IP mode file for STMicroelectronics.X-CUBE-BLE2.3.3.0
2023-12-14 09:57:25,995 [WARN] PackLoader:240 - Cannot read IP mode file for STMicroelectronics.X-CUBE-ALGOBUILD.1.3.0
2023-12-14 09:57:26,016 [WARN] PackLoader:240 - Cannot read IP mode file for STMicroelectronics.X-CUBE-AZRTOS-G0.1.1.0
2023-12-14 09:57:26,032 [WARN] PackLoader:240 - Cannot read IP mode file for STMicroelectronics.X-CUBE-NFC4.3.0.0
2023-12-14 09:57:26,051 [WARN] PackLoader:240 - Cannot read IP mode file for STMicroelectronics.X-CUBE-BLEMGR.3.0.0
2023-12-14 09:57:26,064 [WARN] PackLoader:240 - Cannot read IP mode file for STMicroelectronics.FP-ATR-SIGFOX1.3.2.0
2023-12-14 09:57:26,077 [WARN] PackLoader:240 - Cannot read IP mode file for STMicroelectronics.X-CUBE-GNSS1.6.0.0
2023-12-14 09:57:26,104 [WARN] PackLoader:240 - Cannot read IP mode file for STMicroelectronics.X-CUBE-AZRTOS-F4.1.1.0
2023-12-14 09:57:26,120 [WARN] PackLoader:240 - Cannot read IP mode file for wolfSSL.I-CUBE-wolfSSL.5.6.4
2023-12-14 09:57:26,148 [WARN] PackLoader:240 - Cannot read IP mode file for STMicroelectronics.X-CUBE-AZRTOS-L5.2.0.0
2023-12-14 09:57:26,164 [WARN] PackLoader:240 - Cannot read IP mode file for STMicroelectronics.X-CUBE-EEPRMA1.4.2.0
2023-12-14 09:57:26,178 [WARN] PackLoader:240 - Cannot read IP mode file for ITTIA_DB.I-CUBE-ITTIADB.8.8.0
2023-12-14 09:57:26,206 [WARN] ConditionMgr:438 - getConditionDescription Invalid condition id : UX DEVICE CLASS RTOS Condition cause : null
2023-12-14 09:57:26,206 [WARN] ConditionMgr:438 - getConditionDescription Invalid condition id : UX DEVICE CLASS RTOS Condition cause : null
2023-12-14 09:57:26,213 [WARN] PackLoader:240 - Cannot read IP mode file for STMicroelectronics.X-CUBE-AZRTOS-H7.3.1.0
2023-12-14 09:57:26,215 [WARN] ConditionMgr:1039 - genDependencies : Invalid condition id : UX DEVICE CLASS RTOS Condition cause : null
2023-12-14 09:57:26,216 [WARN] ConditionMgr:1039 - genDependencies : Invalid condition id : UX DEVICE CLASS RTOS Condition cause : null
2023-12-14 09:57:26,217 [WARN] ConditionMgr:1039 - genDependencies : Invalid condition id : UX DEVICE CLASS RTOS Condition cause : null
2023-12-14 09:57:26,217 [WARN] ConditionMgr:1039 - genDependencies : Invalid condition id : UX DEVICE CLASS RTOS Condition cause : null
2023-12-14 09:57:26,218 [WARN] ConditionMgr:1039 - genDependencies : Invalid condition id : UX DEVICE CLASS RTOS Condition cause : null
2023-12-14 09:57:26,236 [WARN] PackLoader:240 - Cannot read IP mode file for STMicroelectronics.X-CUBE-NFC7.1.0.1
2023-12-14 09:57:26,263 [WARN] PackLoader:240 - Cannot read IP mode file for STMicroelectronics.X-CUBE-NFC6.3.0.0
2023-12-14 09:57:26,281 [WARN] PackLoader:240 - Cannot read IP mode file for STMicroelectronics.X-CUBE-AI.8.1.0
2023-12-14 09:57:26,310 [WARN] ConditionMgr:438 - getConditionDescription Invalid condition id : LAN8742 Phy interface Condition cause : null
2023-12-14 09:57:26,311 [WARN] PackLoader:240 - Cannot read IP mode file for STMicroelectronics.X-CUBE-AZRTOS-L4.2.0.0
2023-12-14 09:57:26,312 [WARN] ConditionMgr:1039 - genDependencies : Invalid condition id : LAN8742 Phy interface Condition cause : null
2023-12-14 09:57:26,313 [WARN] ConditionMgr:1039 - genDependencies : Invalid condition id : LAN8742 Phy interface Condition cause : null
2023-12-14 09:57:26,313 [WARN] ConditionMgr:1039 - genDependencies : Invalid condition id : LAN8742 Phy interface Condition cause : null
2023-12-14 09:57:26,335 [WARN] PackLoader:240 - Cannot read IP mode file for STMicroelectronics.X-CUBE-SFXS2LP1.4.0.0
2023-12-14 09:57:26,351 [WARN] PackLoader:240 - Cannot read IP mode file for STMicroelectronics.X-CUBE-ISPU.1.1.0
2023-12-14 09:57:26,380 [WARN] ConditionMgr:438 - getConditionDescription Invalid condition id : UX DEVICE CLASS RTOS Condition cause : null
2023-12-14 09:57:26,380 [WARN] ConditionMgr:438 - getConditionDescription Invalid condition id : UX DEVICE CLASS RTOS Condition cause : null
2023-12-14 09:57:26,382 [WARN] PackLoader:240 - Cannot read IP mode file for STMicroelectronics.X-CUBE-AZRTOS-WB.2.0.0
2023-12-14 09:57:26,382 [WARN] ConditionMgr:1039 - genDependencies : Invalid condition id : UX DEVICE CLASS RTOS Condition cause : null
2023-12-14 09:57:26,382 [WARN] ConditionMgr:1039 - genDependencies : Invalid condition id : UX DEVICE CLASS RTOS Condition cause : null
2023-12-14 09:57:26,383 [WARN] ConditionMgr:1039 - genDependencies : Invalid condition id : UX DEVICE CLASS RTOS Condition cause : null
2023-12-14 09:57:26,383 [WARN] ConditionMgr:1039 - genDependencies : Invalid condition id : UX DEVICE CLASS RTOS Condition cause : null
2023-12-14 09:57:26,383 [WARN] ConditionMgr:1039 - genDependencies : Invalid condition id : UX DEVICE CLASS RTOS Condition cause : null
2023-12-14 09:57:26,402 [WARN] PackLoader:240 - Cannot read IP mode file for STMicroelectronics.X-CUBE-SUBG2.5.0.0
2023-12-14 09:57:26,426 [WARN] PackLoader:240 - Cannot read IP mode file for STMicroelectronics.X-CUBE-AZRTOS-G4.2.0.0
2023-12-14 09:57:26,447 [WARN] PackLoader:240 - Cannot read IP mode file for Infineon.AIROC-Wi-Fi-Bluetooth-STM32.1.5.1
2023-12-14 09:57:26,466 [WARN] PackLoader:240 - Cannot read IP mode file for STMicroelectronics.FP-SNS-MOTENVWB1.1.3.1
2023-12-14 09:57:26,478 [WARN] PackLoader:240 - Cannot read IP mode file for STMicroelectronics.X-CUBE-ISPU.2.0.0
2023-12-14 09:57:26,517 [WARN] PackLoader:240 - Cannot read IP mode file for STMicroelectronics.X-CUBE-MEMS1.10.0.0
2023-12-14 09:57:26,632 [WARN] PackLoader:240 - Cannot read IP mode file for STMicroelectronics.X-CUBE-FREERTOS.1.1.0
2023-12-14 09:57:26,647 [WARN] PackLoader:240 - Cannot read IP mode file for portGmbH.I-Cube-SoM-uGOAL.1.1.0
2023-12-14 09:57:26,659 [WARN] PackLoader:240 - Cannot read IP mode file for STMicroelectronics.X-CUBE-ALS.1.0.1
2023-12-14 09:57:26,671 [WARN] PackLoader:240 - Cannot read IP mode file for STMicroelectronics.FP-ATR-ASTRA1.2.0.0
2023-12-14 09:57:26,690 [WARN] PackLoader:240 - Cannot read IP mode file for STMicroelectronics.X-CUBE-TOF1.3.4.0
2023-12-14 09:57:26,725 [WARN] PackLoader:240 - Cannot read IP mode file for STMicroelectronics.X-CUBE-AZRTOS-H7.3.2.0
2023-12-14 09:57:26,729 [INFO] ThirdParty:978 - Integrity check success = true
2023-12-14 09:57:26,729 [INFO] IntegrityCheckThread:100 - exiting critical section [integrity check]
2023-12-14 09:57:26,729 [INFO] IntegrityCheckThread:103 - End integrity checks thread
2023-12-14 09:57:33,822 [INFO] WebApp:161 - Instantiating new browser for Auth
2023-12-14 09:57:34,678 [INFO] WebApp:780 - Register for checkConnection events
2023-12-14 09:57:34,678 [INFO] WebApp:414 - Apply proxy settings
2023-12-14 09:57:34,679 [INFO] WebApp:499 - Chromium requires no authentication
2023-12-14 09:57:34,690 [INFO] WebApp:442 - Direct internet connection detected
2023-12-14 09:57:34,887 [INFO] WebApp:192 - Starting web application
2023-12-14 09:57:34,888 [INFO] WebApp:544 - Web application path used D:\Non-Project\STM CubeIDE\STM32CubeIDE_1.14.0\STM32CubeIDE\plugins\com.st.stm32cube.common.mx_6.10.0.202311202037\db\plugins\mcufinder\reactClient1\index.html
2023-12-14 09:57:56,275 [ERROR] LogOutputStream:75 - [STDERR_REDIRECT] SLF4J: Failed to load class "org.slf4j.impl.StaticLoggerBinder".
2023-12-14 09:57:56,275 [ERROR] LogOutputStream:75 - [STDERR_REDIRECT] SLF4J: Defaulting to no-operation (NOP) logger implementation
2023-12-14 09:57:56,278 [ERROR] LogOutputStream:75 - [STDERR_REDIRECT] SLF4J: See http://www.slf4j.org/codes.html#StaticLoggerBinder for further details.
2023-12-14 12:45:08,276 [ERROR] LogOutputStream:75 - [STDERR_REDIRECT] 
