2023-12-06 10:15:26,523 [INFO] Activator:176 - 


2023-12-06 10:15:26,533 [INFO] Activator:177 - !SESSION log4j initialized
2023-12-06 10:15:31,894 [INFO] LogOutputStream:77 - [STDOUT_REDIRECT] 
2023-12-06 10:15:34,591 [INFO] ApplicationProperties:184 - Using Application install path: D:\Non-Project\STM CubeIDE\STM32CubeIDE_1.14.0\STM32CubeIDE\plugins\com.st.stm32cube.common.mx_6.10.0.202311202037
2023-12-06 10:15:34,612 [INFO] DbMcusXml:78 - Set database path to: D:\Non-Project\STM CubeIDE\STM32CubeIDE_1.14.0\STM32CubeIDE\plugins\com.st.stm32cube.common.mx_6.10.0.202311202037\\db\/mcu/
2023-12-06 10:15:34,612 [INFO] ApiDb:274 - Set plugin database path to: D:\Non-Project\STM CubeIDE\STM32CubeIDE_1.14.0\STM32CubeIDE\plugins\com.st.stm32cube.common.mx_6.10.0.202311202037\\db\/plugins/boardmanager/
2023-12-06 10:15:34,617 [WARN] ApiDb:259 - Overriding images path with different value:  => D:\Non-Project\STM CubeIDE\STM32CubeIDE_1.14.0\STM32CubeIDE\plugins\com.st.stm32cube.common.mx_6.10.0.202311202037\\db\/plugins/mcufinder/images/
2023-12-06 10:15:34,633 [INFO] ApiDb:250 - Set database path to: C:\Users\hchandegara\.stmcufinder\plugins\mcufinder//mcu/
2023-12-06 10:15:34,633 [INFO] DbMcusAds:125 - Set database path to: C:\Users\hchandegara\.stmcufinder\plugins\mcufinder//mcu/
2023-12-06 10:15:34,633 [INFO] CrossReferenceDbSqlite:203 - Set database path to: C:\Users\hchandegara\.stmcufinder\plugins\mcufinder//mcu/cs/
2023-12-06 10:15:34,745 [INFO] RulesReader:64 - Compatibility file has been processed (297 Rules)
2023-12-06 10:15:34,888 [INFO] DbMcusXml:78 - Set database path to: D:\Non-Project\STM CubeIDE\STM32CubeIDE_1.14.0\STM32CubeIDE\plugins\com.st.stm32cube.common.mx_6.10.0.202311202037\\db\/mcu/
2023-12-06 10:15:34,888 [INFO] ApiDb:274 - Set plugin database path to: D:\Non-Project\STM CubeIDE\STM32CubeIDE_1.14.0\STM32CubeIDE\plugins\com.st.stm32cube.common.mx_6.10.0.202311202037\\db\/plugins/boardmanager/
2023-12-06 10:15:34,888 [INFO] ApiDb:261 - Set plugin images path to: D:\Non-Project\STM CubeIDE\STM32CubeIDE_1.14.0\STM32CubeIDE\plugins\com.st.stm32cube.common.mx_6.10.0.202311202037\\db\/plugins/mcufinder/images/
2023-12-06 10:15:34,888 [WARN] DbFile:41 - Overriding database path with different value: C:\Users\hchandegara\.stmcufinder\plugins\mcufinder/ => C:\Users\hchandegara\.stmcufinder\plugins\mcufinder
2023-12-06 10:15:34,888 [INFO] ApiDb:250 - Set database path to: C:\Users\hchandegara\.stmcufinder\plugins\mcufinder//mcu/
2023-12-06 10:15:34,888 [WARN] DbFile:41 - Overriding database path with different value: C:\Users\hchandegara\.stmcufinder\plugins\mcufinder/ => C:\Users\hchandegara\.stmcufinder\plugins\mcufinder
2023-12-06 10:15:34,888 [INFO] DbMcusAds:125 - Set database path to: C:\Users\hchandegara\.stmcufinder\plugins\mcufinder//mcu/
2023-12-06 10:15:34,888 [WARN] DbFile:41 - Overriding database path with different value: C:\Users\hchandegara\.stmcufinder\plugins\mcufinder/ => C:\Users\hchandegara\.stmcufinder\plugins\mcufinder
2023-12-06 10:15:34,888 [WARN] DbFile:41 - Overriding database path with different value: C:\Users\hchandegara\.stmcufinder\plugins\mcufinder/ => C:\Users\hchandegara\.stmcufinder\plugins\mcufinder
2023-12-06 10:15:34,888 [INFO] CrossReferenceDbSqlite:203 - Set database path to: C:\Users\hchandegara\.stmcufinder\plugins\mcufinder//mcu/cs/
2023-12-06 10:15:34,979 [INFO] MainPanel:264 - HeapMemory: 268435456
2023-12-06 10:15:35,071 [INFO] DbMcusXml:78 - Set database path to: D:\Non-Project\STM CubeIDE\STM32CubeIDE_1.14.0\STM32CubeIDE\plugins\com.st.stm32cube.common.mx_6.10.0.202311202037\\db\/mcu/
2023-12-06 10:15:35,071 [INFO] ApiDb:274 - Set plugin database path to: D:\Non-Project\STM CubeIDE\STM32CubeIDE_1.14.0\STM32CubeIDE\plugins\com.st.stm32cube.common.mx_6.10.0.202311202037\\db\/plugins/boardmanager/
2023-12-06 10:15:35,071 [INFO] ApiDb:261 - Set plugin images path to: D:\Non-Project\STM CubeIDE\STM32CubeIDE_1.14.0\STM32CubeIDE\plugins\com.st.stm32cube.common.mx_6.10.0.202311202037\\db\/plugins/mcufinder/images/
2023-12-06 10:15:35,071 [WARN] DbFile:41 - Overriding database path with different value: C:\Users\hchandegara\.stmcufinder\plugins\mcufinder/ => C:\Users\hchandegara\.stmcufinder\plugins\mcufinder
2023-12-06 10:15:35,071 [INFO] ApiDb:250 - Set database path to: C:\Users\hchandegara\.stmcufinder\plugins\mcufinder//mcu/
2023-12-06 10:15:35,071 [WARN] DbFile:41 - Overriding database path with different value: C:\Users\hchandegara\.stmcufinder\plugins\mcufinder/ => C:\Users\hchandegara\.stmcufinder\plugins\mcufinder
2023-12-06 10:15:35,071 [INFO] DbMcusAds:125 - Set database path to: C:\Users\hchandegara\.stmcufinder\plugins\mcufinder//mcu/
2023-12-06 10:15:35,071 [WARN] DbFile:41 - Overriding database path with different value: C:\Users\hchandegara\.stmcufinder\plugins\mcufinder/ => C:\Users\hchandegara\.stmcufinder\plugins\mcufinder
2023-12-06 10:15:35,071 [WARN] DbFile:41 - Overriding database path with different value: C:\Users\hchandegara\.stmcufinder\plugins\mcufinder/ => C:\Users\hchandegara\.stmcufinder\plugins\mcufinder
2023-12-06 10:15:35,071 [INFO] CrossReferenceDbSqlite:203 - Set database path to: C:\Users\hchandegara\.stmcufinder\plugins\mcufinder//mcu/cs/
2023-12-06 10:15:35,091 [INFO] ApplicationProperties:184 - Using Application install path: D:\Non-Project\STM CubeIDE\STM32CubeIDE_1.14.0\STM32CubeIDE\plugins\com.st.stm32cube.common.mx_6.10.0.202311202037
2023-12-06 10:15:35,091 [INFO] PluginManage:196 - Search for loadable plugins [exclusion list=, ]
2023-12-06 10:15:35,091 [INFO] PluginManage:310 - Check plugin analytics
2023-12-06 10:15:35,299 [INFO] AnalyticsPlugin:253 - Accepted Software Licenses: STM32CubeMX.6.9.2,STM32CubeMX.6.10.0
2023-12-06 10:15:35,299 [INFO] AnalyticsPlugin:255 - Accepted CMSIS Pack Licenses: 
2023-12-06 10:15:35,299 [INFO] AnalyticsPlugin:257 - Accepted Firmware Licenses: FW.L4.1.18.0
2023-12-06 10:15:35,299 [INFO] PluginManage:359 - Loaded plugin analytics (category:tool,tabindex:-1)
2023-12-06 10:15:35,299 [INFO] PluginManage:310 - Check plugin cadmodel
2023-12-06 10:15:35,320 [INFO] CADModel:105 - Init CAD model plugin
2023-12-06 10:15:35,320 [INFO] PluginManage:359 - Loaded plugin cadmodel (category:power,tabindex:5)
2023-12-06 10:15:35,320 [INFO] PluginManage:310 - Check plugin clock
2023-12-06 10:15:35,340 [INFO] PluginManage:359 - Loaded plugin clock (category:base,tabindex:2)
2023-12-06 10:15:35,340 [INFO] PluginManage:310 - Check plugin ddr
2023-12-06 10:15:35,350 [INFO] PluginManage:359 - Loaded plugin ddr (category:tool,tabindex:6)
2023-12-06 10:15:35,350 [INFO] PluginManage:310 - Check plugin filemanager
2023-12-06 10:15:35,462 [INFO] PluginManage:359 - Loaded plugin filemanager (category:base,tabindex:10)
2023-12-06 10:15:35,462 [INFO] PluginManage:310 - Check plugin ipmanager
2023-12-06 10:15:35,472 [INFO] PluginManage:359 - Loaded plugin ipmanager (category:base,tabindex:5)
2023-12-06 10:15:35,472 [INFO] PluginManage:310 - Check plugin lpbam
2023-12-06 10:15:35,493 [INFO] PluginManage:359 - Loaded plugin lpbam (category:base,tabindex:0)
2023-12-06 10:15:35,493 [INFO] PluginManage:310 - Check plugin memorymap
2023-12-06 10:15:35,523 [INFO] PluginManage:359 - Loaded plugin memorymap (category:base,tabindex:4)
2023-12-06 10:15:35,523 [INFO] PluginManage:310 - Check plugin pinoutandconfiguration
2023-12-06 10:15:35,544 [INFO] PluginManage:359 - Loaded plugin pinoutandconfiguration (category:base,tabindex:1)
2023-12-06 10:15:35,544 [INFO] PluginManage:310 - Check plugin pinoutconfig
2023-12-06 10:15:35,656 [WARN] SupportedApi:132 - Cannot load RTOS API schema: s4s-elt-must-match.1: The content of 'definitions' must match (annotation?, (simpleType | complexType)?, (unique | key | keyref)*)). A problem was found starting at: attribute.
2023-12-06 10:15:35,819 [INFO] PluginManage:359 - Loaded plugin pinoutconfig (category:base,tabindex:0)
2023-12-06 10:15:35,819 [INFO] PluginManage:310 - Check plugin power
2023-12-06 10:15:35,839 [INFO] PluginManage:359 - Loaded plugin power (category:power,tabindex:4)
2023-12-06 10:15:35,839 [INFO] PluginManage:310 - Check plugin projectmanager
2023-12-06 10:15:35,859 [INFO] PluginManage:359 - Loaded plugin projectmanager (category:projectmanager,tabindex:3)
2023-12-06 10:15:35,859 [INFO] PluginManage:310 - Check plugin thirdparty
2023-12-06 10:15:36,123 [INFO] PluginManage:359 - Loaded plugin thirdparty (category:base,tabindex:-1)
2023-12-06 10:15:36,123 [INFO] PluginManage:310 - Check plugin tools
2023-12-06 10:15:36,123 [WARN] IntegrityCheckThread:84 - waiting for thirdparty lock release [integrity check]
2023-12-06 10:15:36,123 [INFO] IntegrityCheckThread:86 - entering critical section [integrity check]
2023-12-06 10:15:36,123 [INFO] ThirdPartyUpdaterWithRetryManager:70 - Updater plugin not ready yet. [1/15]
2023-12-06 10:15:36,144 [INFO] PluginManage:359 - Loaded plugin tools (category:base,tabindex:7)
2023-12-06 10:15:36,144 [INFO] PluginManage:310 - Check plugin tutovideos
2023-12-06 10:15:36,426 [INFO] PluginManage:359 - Loaded plugin tutovideos (category:base,tabindex:-1)
2023-12-06 10:15:36,426 [INFO] PluginManage:310 - Check plugin updater
2023-12-06 10:15:36,436 [INFO] PluginManage:359 - Loaded plugin updater (category:base,tabindex:12)
2023-12-06 10:15:36,436 [INFO] PluginManage:310 - Check plugin userauth
2023-12-06 10:15:36,446 [INFO] UserAuth:114 - Init User Auth plugin
2023-12-06 10:15:36,446 [INFO] PluginManage:359 - Loaded plugin userauth (category:base,tabindex:14)
2023-12-06 10:15:36,446 [INFO] PluginManage:283 - PluginManage : Loaded plugins [17]
2023-12-06 10:15:36,690 [INFO] PinOutPanel:1499 - setPackage(No Configuration,No Configuration)
2023-12-06 10:15:36,771 [INFO] CADModel:165 - CPN selected for project level
2023-12-06 10:15:36,771 [INFO] CADModel:114 - Register for checkConnection events
2023-12-06 10:15:36,812 [INFO] IPUIPlugin:80 - create IPUIPlugin
2023-12-06 10:15:36,812 [INFO] PluginManager:220 - loadIPPluginJar : add adc
2023-12-06 10:15:36,845 [INFO] IPUIPlugin:80 - create IPUIPlugin
2023-12-06 10:15:36,845 [INFO] PluginManager:220 - loadIPPluginJar : add aes
2023-12-06 10:15:36,880 [INFO] IPUIPlugin:80 - create IPUIPlugin
2023-12-06 10:15:36,880 [INFO] PluginManager:220 - loadIPPluginJar : add can
2023-12-06 10:15:36,901 [INFO] IPUIPlugin:80 - create IPUIPlugin
2023-12-06 10:15:36,901 [INFO] PluginManager:220 - loadIPPluginJar : add comp
2023-12-06 10:15:36,940 [INFO] IPUIPlugin:80 - create IPUIPlugin
2023-12-06 10:15:36,940 [INFO] PluginManager:220 - loadIPPluginJar : add cryp
2023-12-06 10:15:36,971 [INFO] IPUIPlugin:80 - create IPUIPlugin
2023-12-06 10:15:36,971 [INFO] PluginManager:220 - loadIPPluginJar : add dfsdm
2023-12-06 10:15:36,984 [INFO] IPUIPlugin:80 - create IPUIPlugin
2023-12-06 10:15:36,984 [INFO] PluginManager:220 - loadIPPluginJar : add dma
2023-12-06 10:15:37,023 [INFO] IPUIPlugin:80 - create IPUIPlugin
2023-12-06 10:15:37,023 [INFO] PluginManager:220 - loadIPPluginJar : add dma3
2023-12-06 10:15:37,036 [INFO] IPUIPlugin:80 - create IPUIPlugin
2023-12-06 10:15:37,036 [INFO] PluginManager:220 - loadIPPluginJar : add fatfs
2023-12-06 10:15:37,067 [INFO] IPUIPlugin:80 - create IPUIPlugin
2023-12-06 10:15:37,067 [INFO] PluginManager:220 - loadIPPluginJar : add fmc
2023-12-06 10:15:37,087 [INFO] IPUIPlugin:80 - create IPUIPlugin
2023-12-06 10:15:37,087 [INFO] PluginManager:220 - loadIPPluginJar : add freertos
2023-12-06 10:15:37,108 [INFO] IPUIPlugin:80 - create IPUIPlugin
2023-12-06 10:15:37,108 [INFO] PluginManager:220 - loadIPPluginJar : add genericplugin
2023-12-06 10:15:37,189 [INFO] IPUIPlugin:80 - create IPUIPlugin
2023-12-06 10:15:37,189 [INFO] PluginManager:220 - loadIPPluginJar : add gfxmmu
2023-12-06 10:15:37,271 [INFO] IPUIPlugin:80 - create IPUIPlugin
2023-12-06 10:15:37,271 [INFO] PluginManager:220 - loadIPPluginJar : add gic
2023-12-06 10:15:37,291 [INFO] IPUIPlugin:80 - create IPUIPlugin
2023-12-06 10:15:37,291 [INFO] PluginManager:220 - loadIPPluginJar : add gpio
2023-12-06 10:15:37,353 [INFO] IPUIPlugin:80 - create IPUIPlugin
2023-12-06 10:15:37,353 [INFO] PluginManager:220 - loadIPPluginJar : add gtzc
2023-12-06 10:15:37,373 [INFO] IPUIPlugin:80 - create IPUIPlugin
2023-12-06 10:15:37,373 [INFO] PluginManager:220 - loadIPPluginJar : add hash
2023-12-06 10:15:37,414 [INFO] IPUIPlugin:80 - create IPUIPlugin
2023-12-06 10:15:37,414 [INFO] PluginManager:220 - loadIPPluginJar : add i2c
2023-12-06 10:15:37,455 [INFO] IPUIPlugin:80 - create IPUIPlugin
2023-12-06 10:15:37,455 [INFO] PluginManager:220 - loadIPPluginJar : add i2s
2023-12-06 10:15:37,485 [INFO] IPUIPlugin:80 - create IPUIPlugin
2023-12-06 10:15:37,485 [INFO] PluginManager:220 - loadIPPluginJar : add i3c
2023-12-06 10:15:37,547 [INFO] IPUIPlugin:80 - create IPUIPlugin
2023-12-06 10:15:37,547 [INFO] PluginManager:220 - loadIPPluginJar : add ipddr
2023-12-06 10:15:37,608 [INFO] IPUIPlugin:80 - create IPUIPlugin
2023-12-06 10:15:37,608 [INFO] PluginManager:220 - loadIPPluginJar : add linkedlist
2023-12-06 10:15:37,653 [INFO] IPUIPlugin:80 - create IPUIPlugin
2023-12-06 10:15:37,653 [INFO] PluginManager:220 - loadIPPluginJar : add lorawan
2023-12-06 10:15:37,673 [INFO] IPUIPlugin:80 - create IPUIPlugin
2023-12-06 10:15:37,673 [INFO] PluginManager:220 - loadIPPluginJar : add ltdc
2023-12-06 10:15:37,694 [INFO] IPUIPlugin:80 - create IPUIPlugin
2023-12-06 10:15:37,694 [INFO] PluginManager:220 - loadIPPluginJar : add mdma
2023-12-06 10:15:37,704 [INFO] IPUIPlugin:80 - create IPUIPlugin
2023-12-06 10:15:37,704 [INFO] PluginManager:220 - loadIPPluginJar : add nvic
2023-12-06 10:15:37,724 [INFO] IPUIPlugin:80 - create IPUIPlugin
2023-12-06 10:15:37,724 [INFO] PluginManager:220 - loadIPPluginJar : add opamp
2023-12-06 10:15:37,776 [INFO] IPUIPlugin:80 - create IPUIPlugin
2023-12-06 10:15:37,776 [INFO] PluginManager:220 - loadIPPluginJar : add openamp
2023-12-06 10:15:37,806 [INFO] IPUIPlugin:80 - create IPUIPlugin
2023-12-06 10:15:37,806 [INFO] PluginManager:220 - loadIPPluginJar : add pdm2pcm
2023-12-06 10:15:37,827 [INFO] IPUIPlugin:80 - create IPUIPlugin
2023-12-06 10:15:37,827 [INFO] PluginManager:220 - loadIPPluginJar : add plateformsettings
2023-12-06 10:15:37,848 [INFO] IPUIPlugin:80 - create IPUIPlugin
2023-12-06 10:15:37,848 [INFO] PluginManager:220 - loadIPPluginJar : add quadspi
2023-12-06 10:15:37,868 [INFO] IPUIPlugin:80 - create IPUIPlugin
2023-12-06 10:15:37,868 [INFO] PluginManager:220 - loadIPPluginJar : add resmgrutility
2023-12-06 10:15:37,899 [INFO] IPUIPlugin:80 - create IPUIPlugin
2023-12-06 10:15:37,899 [INFO] PluginManager:220 - loadIPPluginJar : add sai
2023-12-06 10:15:37,919 [INFO] IPUIPlugin:80 - create IPUIPlugin
2023-12-06 10:15:37,919 [INFO] PluginManager:220 - loadIPPluginJar : add spi
2023-12-06 10:15:37,971 [INFO] IPUIPlugin:80 - create IPUIPlugin
2023-12-06 10:15:37,971 [INFO] PluginManager:220 - loadIPPluginJar : add stm32_wpan
2023-12-06 10:15:37,991 [INFO] IPUIPlugin:80 - create IPUIPlugin
2023-12-06 10:15:37,991 [INFO] PluginManager:220 - loadIPPluginJar : add tim
2023-12-06 10:15:38,043 [INFO] IPUIPlugin:80 - create IPUIPlugin
2023-12-06 10:15:38,043 [INFO] PluginManager:220 - loadIPPluginJar : add touchsensing
2023-12-06 10:15:38,063 [INFO] IPUIPlugin:80 - create IPUIPlugin
2023-12-06 10:15:38,063 [INFO] PluginManager:220 - loadIPPluginJar : add tracer_emb
2023-12-06 10:15:38,083 [INFO] IPUIPlugin:80 - create IPUIPlugin
2023-12-06 10:15:38,083 [INFO] PluginManager:220 - loadIPPluginJar : add ts
2023-12-06 10:15:38,103 [INFO] IPUIPlugin:80 - create IPUIPlugin
2023-12-06 10:15:38,103 [INFO] PluginManager:220 - loadIPPluginJar : add tsc
2023-12-06 10:15:38,124 [INFO] IPUIPlugin:80 - create IPUIPlugin
2023-12-06 10:15:38,124 [INFO] PluginManager:220 - loadIPPluginJar : add ucpd
2023-12-06 10:15:38,155 [INFO] IPUIPlugin:80 - create IPUIPlugin
2023-12-06 10:15:38,165 [INFO] PluginManager:220 - loadIPPluginJar : add usart
2023-12-06 10:15:38,185 [INFO] IPUIPlugin:80 - create IPUIPlugin
2023-12-06 10:15:38,185 [INFO] PluginManager:220 - loadIPPluginJar : add usbx
2023-12-06 10:15:38,318 [INFO] CADModel:165 - CPN selected for project level
2023-12-06 10:15:38,318 [INFO] CADModel:114 - Register for checkConnection events
2023-12-06 10:15:38,318 [FATAL] Updater:308 - Updater called before beeing initialized
2023-12-06 10:15:38,318 [ERROR] CADModel:125 - Updater not yet initialized, retry later 
2023-12-06 10:15:38,552 [INFO] CADModel:165 - CPN selected for project level
2023-12-06 10:15:38,552 [INFO] CADModel:114 - Register for checkConnection events
2023-12-06 10:15:38,552 [FATAL] Updater:308 - Updater called before beeing initialized
2023-12-06 10:15:38,552 [ERROR] CADModel:125 - Updater not yet initialized, retry later 
2023-12-06 10:15:38,552 [FATAL] Updater:308 - Updater called before beeing initialized
2023-12-06 10:15:38,681 [FATAL] Updater:308 - Updater called before beeing initialized
2023-12-06 10:15:38,691 [INFO] DbMcusAds:53 - JSON generation date=Wed Nov 29 16:22:38 IST 2023 (1701255158764)
2023-12-06 10:15:38,691 [FATAL] Updater:308 - Updater called before beeing initialized
2023-12-06 10:15:38,850 [WARN] DetailPanel:346 - Failed to get advertising image, set to default
2023-12-06 10:15:38,978 [FATAL] Updater:308 - Updater called before beeing initialized
2023-12-06 10:15:38,978 [FATAL] Updater:308 - Updater called before beeing initialized
2023-12-06 10:15:38,978 [FATAL] Updater:308 - Updater called before beeing initialized
2023-12-06 10:15:38,978 [WARN] DetailPanel:346 - Failed to get advertising image, set to default
2023-12-06 10:15:38,978 [FATAL] Updater:308 - Updater called before beeing initialized
2023-12-06 10:15:39,105 [ERROR] Updater:1120 - MainUpdater not yet initialized. External WinMGr cannot be set.
2023-12-06 10:15:39,115 [INFO] Updater:1056 - Updater Version found : 6.10.0
2023-12-06 10:15:39,125 [INFO] ApplicationProperties:184 - Using Application install path: D:\Non-Project\STM CubeIDE\STM32CubeIDE_1.14.0\STM32CubeIDE\plugins\com.st.stm32cube.common.mx_6.10.0.202311202037
2023-12-06 10:15:39,135 [INFO] ThirdPartyUpdaterWithRetryManager:70 - Updater plugin not ready yet. [2/15]
2023-12-06 10:15:39,717 [INFO] MainUpdater:2873 - connection check result : 10
2023-12-06 10:15:39,717 [INFO] MainUpdater:290 - Updater Check For Update Now.
2023-12-06 10:15:39,717 [INFO] MicroXplorer:498 - Change Database Version : DB.6.0.100
2023-12-06 10:15:39,767 [INFO] McuFinderGlobals:63 - Set McuFinder mode to 2 (CubeIDE integrated)
2023-12-06 10:15:39,767 [INFO] UserAuth:180 - activating auth plugin
2023-12-06 10:15:39,775 [INFO] UserAuth:404 - Internet connection configuration mode: 1
2023-12-06 10:15:39,844 [INFO] JxBrowserEngine:152 - Initiate JxBrowser Engine with user profile folder
2023-12-06 10:15:39,987 [INFO] CheckServerUpdateThread:120 - End of CheckServer Thread
2023-12-06 10:15:42,310 [WARN] PackLoader:240 - Cannot read IP mode file for STMicroelectronics.X-CUBE-SMBUS.2.1.0
2023-12-06 10:15:42,350 [WARN] PackLoader:240 - Cannot read IP mode file for STMicroelectronics.X-CUBE-AZRTOS-F7.1.1.0
2023-12-06 10:15:42,371 [WARN] PackLoader:240 - Cannot read IP mode file for STMicroelectronics.FP-SNS-MOTENV1.4.3.2
2023-12-06 10:15:42,394 [WARN] PackLoader:240 - Cannot read IP mode file for STMicroelectronics.FP-SNS-FLIGHT1.5.0.2
2023-12-06 10:15:42,441 [WARN] PackLoader:240 - Cannot read IP mode file for STMicroelectronics.X-CUBE-DISPLAY.3.0.0
2023-12-06 10:15:42,517 [WARN] PackLoader:240 - Cannot read IP mode file for STMicroelectronics.X-CUBE-BLE1.7.0.0
2023-12-06 10:15:42,547 [WARN] PackLoader:240 - Cannot read IP mode file for emotas.I-CUBE-CANOPEN.1.3.0
2023-12-06 10:15:42,558 [WARN] PackLoader:240 - Cannot read IP mode file for STMicroelectronics.X-CUBE-TOUCHGFX.4.22.1
2023-12-06 10:15:42,578 [WARN] PackLoader:240 - Cannot read IP mode file for STMicroelectronics.FP-SNS-SMARTAG2.1.2.0
2023-12-06 10:15:42,588 [INFO] LogOutputStream:77 - [STDOUT_REDIRECT] 1 : Invalid condition id : UX_CORESTACK_Condition cause : null
2023-12-06 10:15:42,588 [INFO] LogOutputStream:77 - [STDOUT_REDIRECT] 1 : Invalid condition id : UX_CORESTACK_Condition cause : null
2023-12-06 10:15:42,588 [INFO] LogOutputStream:77 - [STDOUT_REDIRECT] 1 : Invalid condition id : UX_CORESTACK_Condition cause : null
2023-12-06 10:15:42,588 [INFO] LogOutputStream:77 - [STDOUT_REDIRECT] 1 : Invalid condition id : UX_CORESTACK_Condition cause : null
2023-12-06 10:15:42,588 [INFO] LogOutputStream:77 - [STDOUT_REDIRECT] 1 : Invalid condition id : UX_CORESTACK_Condition cause : null
2023-12-06 10:15:42,603 [WARN] PackLoader:240 - Cannot read IP mode file for STMicroelectronics.X-CUBE-AZRTOS-WL.2.0.0
2023-12-06 10:15:42,624 [WARN] PackLoader:240 - Cannot read IP mode file for WES.I-CUBE-Cesium.1.3.0
2023-12-06 10:15:42,634 [WARN] PackLoader:240 - Cannot read IP mode file for STMicroelectronics.X-CUBE-BLE2.3.3.0
2023-12-06 10:15:42,651 [WARN] PackLoader:240 - Cannot read IP mode file for STMicroelectronics.X-CUBE-ALGOBUILD.1.3.0
2023-12-06 10:15:42,695 [WARN] PackLoader:240 - Cannot read IP mode file for STMicroelectronics.X-CUBE-AZRTOS-G0.1.1.0
2023-12-06 10:15:42,735 [WARN] PackLoader:240 - Cannot read IP mode file for STMicroelectronics.X-CUBE-NFC4.3.0.0
2023-12-06 10:15:42,751 [WARN] PackLoader:240 - Cannot read IP mode file for STMicroelectronics.X-CUBE-BLEMGR.3.0.0
2023-12-06 10:15:42,777 [WARN] PackLoader:240 - Cannot read IP mode file for STMicroelectronics.FP-ATR-SIGFOX1.3.2.0
2023-12-06 10:15:42,797 [WARN] PackLoader:240 - Cannot read IP mode file for STMicroelectronics.X-CUBE-GNSS1.6.0.0
2023-12-06 10:15:42,838 [WARN] PackLoader:240 - Cannot read IP mode file for STMicroelectronics.X-CUBE-AZRTOS-F4.1.1.0
2023-12-06 10:15:42,859 [WARN] PackLoader:240 - Cannot read IP mode file for wolfSSL.I-CUBE-wolfSSL.5.6.4
2023-12-06 10:15:42,899 [WARN] PackLoader:240 - Cannot read IP mode file for STMicroelectronics.X-CUBE-AZRTOS-L5.2.0.0
2023-12-06 10:15:42,920 [WARN] PackLoader:240 - Cannot read IP mode file for STMicroelectronics.X-CUBE-EEPRMA1.4.2.0
2023-12-06 10:15:42,930 [WARN] PackLoader:240 - Cannot read IP mode file for ITTIA_DB.I-CUBE-ITTIADB.8.8.0
2023-12-06 10:15:42,951 [WARN] ConditionMgr:438 - getConditionDescription Invalid condition id : UX DEVICE CLASS RTOS Condition cause : null
2023-12-06 10:15:42,951 [WARN] ConditionMgr:438 - getConditionDescription Invalid condition id : UX DEVICE CLASS RTOS Condition cause : null
2023-12-06 10:15:42,951 [WARN] PackLoader:240 - Cannot read IP mode file for STMicroelectronics.X-CUBE-AZRTOS-H7.3.1.0
2023-12-06 10:15:42,951 [WARN] ConditionMgr:1039 - genDependencies : Invalid condition id : UX DEVICE CLASS RTOS Condition cause : null
2023-12-06 10:15:42,951 [WARN] ConditionMgr:1039 - genDependencies : Invalid condition id : UX DEVICE CLASS RTOS Condition cause : null
2023-12-06 10:15:42,967 [WARN] ConditionMgr:1039 - genDependencies : Invalid condition id : UX DEVICE CLASS RTOS Condition cause : null
2023-12-06 10:15:42,967 [WARN] ConditionMgr:1039 - genDependencies : Invalid condition id : UX DEVICE CLASS RTOS Condition cause : null
2023-12-06 10:15:42,967 [WARN] ConditionMgr:1039 - genDependencies : Invalid condition id : UX DEVICE CLASS RTOS Condition cause : null
2023-12-06 10:15:42,977 [WARN] PackLoader:240 - Cannot read IP mode file for STMicroelectronics.X-CUBE-NFC7.1.0.1
2023-12-06 10:15:42,987 [WARN] PackLoader:240 - Cannot read IP mode file for STMicroelectronics.X-CUBE-NFC6.3.0.0
2023-12-06 10:15:43,008 [WARN] PackLoader:240 - Cannot read IP mode file for STMicroelectronics.X-CUBE-AI.8.1.0
2023-12-06 10:15:43,052 [WARN] ConditionMgr:438 - getConditionDescription Invalid condition id : LAN8742 Phy interface Condition cause : null
2023-12-06 10:15:43,052 [WARN] PackLoader:240 - Cannot read IP mode file for STMicroelectronics.X-CUBE-AZRTOS-L4.2.0.0
2023-12-06 10:15:43,052 [WARN] ConditionMgr:1039 - genDependencies : Invalid condition id : LAN8742 Phy interface Condition cause : null
2023-12-06 10:15:43,052 [WARN] ConditionMgr:1039 - genDependencies : Invalid condition id : LAN8742 Phy interface Condition cause : null
2023-12-06 10:15:43,052 [WARN] ConditionMgr:1039 - genDependencies : Invalid condition id : LAN8742 Phy interface Condition cause : null
2023-12-06 10:15:43,078 [WARN] PackLoader:240 - Cannot read IP mode file for STMicroelectronics.X-CUBE-SFXS2LP1.4.0.0
2023-12-06 10:15:43,089 [WARN] PackLoader:240 - Cannot read IP mode file for STMicroelectronics.X-CUBE-ISPU.1.1.0
2023-12-06 10:15:43,119 [WARN] ConditionMgr:438 - getConditionDescription Invalid condition id : UX DEVICE CLASS RTOS Condition cause : null
2023-12-06 10:15:43,119 [WARN] ConditionMgr:438 - getConditionDescription Invalid condition id : UX DEVICE CLASS RTOS Condition cause : null
2023-12-06 10:15:43,119 [WARN] PackLoader:240 - Cannot read IP mode file for STMicroelectronics.X-CUBE-AZRTOS-WB.2.0.0
2023-12-06 10:15:43,119 [WARN] ConditionMgr:1039 - genDependencies : Invalid condition id : UX DEVICE CLASS RTOS Condition cause : null
2023-12-06 10:15:43,119 [WARN] ConditionMgr:1039 - genDependencies : Invalid condition id : UX DEVICE CLASS RTOS Condition cause : null
2023-12-06 10:15:43,119 [WARN] ConditionMgr:1039 - genDependencies : Invalid condition id : UX DEVICE CLASS RTOS Condition cause : null
2023-12-06 10:15:43,119 [WARN] ConditionMgr:1039 - genDependencies : Invalid condition id : UX DEVICE CLASS RTOS Condition cause : null
2023-12-06 10:15:43,119 [WARN] ConditionMgr:1039 - genDependencies : Invalid condition id : UX DEVICE CLASS RTOS Condition cause : null
2023-12-06 10:15:43,139 [WARN] PackLoader:240 - Cannot read IP mode file for STMicroelectronics.X-CUBE-SUBG2.5.0.0
2023-12-06 10:15:43,169 [WARN] PackLoader:240 - Cannot read IP mode file for STMicroelectronics.X-CUBE-AZRTOS-G4.2.0.0
2023-12-06 10:15:43,209 [WARN] PackLoader:240 - Cannot read IP mode file for Infineon.AIROC-Wi-Fi-Bluetooth-STM32.1.5.1
2023-12-06 10:15:43,220 [WARN] PackLoader:240 - Cannot read IP mode file for STMicroelectronics.FP-SNS-MOTENVWB1.1.3.1
2023-12-06 10:15:43,252 [WARN] PackLoader:240 - Cannot read IP mode file for STMicroelectronics.X-CUBE-MEMS1.10.0.0
2023-12-06 10:15:43,387 [WARN] PackLoader:240 - Cannot read IP mode file for STMicroelectronics.X-CUBE-FREERTOS.1.1.0
2023-12-06 10:15:43,397 [WARN] PackLoader:240 - Cannot read IP mode file for portGmbH.I-Cube-SoM-uGOAL.1.1.0
2023-12-06 10:15:43,407 [WARN] PackLoader:240 - Cannot read IP mode file for STMicroelectronics.X-CUBE-ALS.1.0.1
2023-12-06 10:15:43,417 [WARN] PackLoader:240 - Cannot read IP mode file for STMicroelectronics.FP-ATR-ASTRA1.2.0.0
2023-12-06 10:15:43,440 [WARN] PackLoader:240 - Cannot read IP mode file for STMicroelectronics.X-CUBE-TOF1.3.4.0
2023-12-06 10:15:43,448 [INFO] ThirdParty:978 - Integrity check success = true
2023-12-06 10:15:43,448 [INFO] IntegrityCheckThread:100 - exiting critical section [integrity check]
2023-12-06 10:15:43,448 [INFO] IntegrityCheckThread:103 - End integrity checks thread
2023-12-06 10:15:46,105 [INFO] WebApp:161 - Instantiating new browser for Auth
2023-12-06 10:15:46,865 [INFO] WebApp:780 - Register for checkConnection events
2023-12-06 10:15:46,865 [INFO] WebApp:414 - Apply proxy settings
2023-12-06 10:15:46,866 [INFO] WebApp:499 - Chromium requires no authentication
2023-12-06 10:15:46,873 [INFO] WebApp:442 - Direct internet connection detected
2023-12-06 10:15:47,033 [INFO] WebApp:192 - Starting web application
2023-12-06 10:15:47,033 [INFO] WebApp:544 - Web application path used D:\Non-Project\STM CubeIDE\STM32CubeIDE_1.14.0\STM32CubeIDE\plugins\com.st.stm32cube.common.mx_6.10.0.202311202037\db\plugins\mcufinder\reactClient1\index.html
2023-12-06 10:16:08,433 [ERROR] LogOutputStream:75 - [STDERR_REDIRECT] SLF4J: Failed to load class "org.slf4j.impl.StaticLoggerBinder".
2023-12-06 10:16:08,433 [ERROR] LogOutputStream:75 - [STDERR_REDIRECT] SLF4J: Defaulting to no-operation (NOP) logger implementation
2023-12-06 10:16:08,434 [ERROR] LogOutputStream:75 - [STDERR_REDIRECT] SLF4J: See http://www.slf4j.org/codes.html#StaticLoggerBinder for further details.
2023-12-06 16:49:44,213 [INFO] McuFinderGlobals:63 - Set McuFinder mode to 2 (CubeIDE integrated)
2023-12-06 16:49:44,469 [INFO] MainUpdater:2873 - connection check result : 10
2023-12-06 16:49:44,488 [INFO] MainUpdater:2873 - connection check result : 10
2023-12-06 16:49:44,718 [INFO] MicroXplorer:468 - Change Database Path : 
2023-12-06 16:49:44,719 [INFO] MicroXplorer:498 - Change Database Version : DB.6.0.100
2023-12-06 16:49:44,723 [WARN] ThirdParty:871 - waiting for thirdparty lock release [close project]
2023-12-06 16:49:44,723 [INFO] ThirdParty:873 - entering critical section [close project]
2023-12-06 16:49:44,746 [INFO] ThirdParty:883 - exiting critical section [close project]
2023-12-06 16:49:44,748 [INFO] PinOutPanel:1499 - setPackage(No Configuration,No Configuration)
2023-12-06 16:49:44,751 [INFO] UtilMem:75 - Begin LoadConfig() Used Memory: 423265920 Bytes (702545920)
2023-12-06 16:49:44,753 [INFO] MicroXplorer:468 - Change Database Path : 
2023-12-06 16:49:44,753 [INFO] MicroXplorer:498 - Change Database Version : DB.6.0.100
2023-12-06 16:49:44,753 [INFO] OpenFileManager:312 - Change cursor
2023-12-06 16:49:44,821 [INFO] Mcu:2016 - Initializing MCU STM32L476R(C-E-G)Tx STM32L476RGTx STM32L476RGT3
2023-12-06 16:49:46,529 [INFO] Context:659 - Trying to add GPIOservice into a context  which must be forbidden
2023-12-06 16:49:47,020 [INFO] RtosManager:555 - Registered RTOS mode: class=CMSIS, group=RTOS, mode=CMSIS_V1, owner=FREERTOS
2023-12-06 16:49:47,020 [INFO] RtosManager:555 - Registered RTOS mode: class=CMSIS, group=RTOS2, mode=CMSIS_V2, owner=FREERTOS
2023-12-06 16:49:47,020 [INFO] RtosManager:555 - Registered RTOS mode: class=RTOS, group=Core, mode=CMSIS_V1, owner=FREERTOS
2023-12-06 16:49:47,020 [INFO] RtosManager:555 - Registered RTOS mode: class=RTOS, group=Core, mode=CMSIS_V2, owner=FREERTOS
2023-12-06 16:49:47,021 [WARN] ModelIntegratedComponent:184 - Missing modes for component STMicroelectronics:FreeRTOS:0.0.1:STMicroelectronics:RTOS:FreeRTOS:Core:::10.2.0:
2023-12-06 16:49:47,029 [WARN] ModelIntegratedComponent:63 - No mode defined for component null
2023-12-06 16:49:47,029 [WARN] ModelIntegratedComponent:63 - No mode defined for component null
2023-12-06 16:49:47,029 [WARN] ModelIntegratedComponent:63 - No mode defined for component null
2023-12-06 16:49:47,029 [WARN] ModelIntegratedComponent:63 - No mode defined for component null
2023-12-06 16:49:47,029 [WARN] ModelIntegratedComponent:63 - No mode defined for component null
2023-12-06 16:49:47,030 [WARN] ModelIntegratedComponent:63 - No mode defined for component null
2023-12-06 16:49:47,030 [WARN] ModelIntegratedComponent:63 - No mode defined for component null
2023-12-06 16:49:47,030 [WARN] ModelIntegratedComponent:63 - No mode defined for component null
2023-12-06 16:49:47,030 [WARN] ModelIntegratedComponent:63 - No mode defined for component null
2023-12-06 16:49:47,030 [WARN] ModelIntegratedComponent:63 - No mode defined for component null
2023-12-06 16:49:47,030 [WARN] ModelIntegratedComponent:63 - No mode defined for component null
2023-12-06 16:49:47,030 [WARN] ModelIntegratedComponent:63 - No mode defined for component null
2023-12-06 16:49:47,030 [WARN] ModelIntegratedComponent:63 - No mode defined for component null
2023-12-06 16:49:47,030 [WARN] ModelIntegratedComponent:63 - No mode defined for component null
2023-12-06 16:49:47,030 [WARN] ModelIntegratedComponent:63 - No mode defined for component null
2023-12-06 16:49:47,030 [WARN] ModelIntegratedComponent:63 - No mode defined for component null
2023-12-06 16:49:47,030 [WARN] ModelIntegratedComponent:63 - No mode defined for component null
2023-12-06 16:49:47,030 [WARN] ModelIntegratedComponent:63 - No mode defined for component null
2023-12-06 16:49:47,030 [WARN] ModelIntegratedComponent:63 - No mode defined for component null
2023-12-06 16:49:47,030 [WARN] ModelIntegratedComponent:63 - No mode defined for component null
2023-12-06 16:49:47,030 [WARN] ModelIntegratedComponent:63 - No mode defined for component null
2023-12-06 16:49:47,030 [WARN] ModelIntegratedComponent:63 - No mode defined for component null
2023-12-06 16:49:47,030 [WARN] ModelIntegratedComponent:63 - No mode defined for component null
2023-12-06 16:49:47,030 [WARN] ModelIntegratedComponent:63 - No mode defined for component null
2023-12-06 16:49:47,030 [WARN] ModelIntegratedComponent:63 - No mode defined for component null
2023-12-06 16:49:47,030 [WARN] ModelIntegratedComponent:63 - No mode defined for component null
2023-12-06 16:49:47,030 [WARN] ModelIntegratedComponent:63 - No mode defined for component null
2023-12-06 16:49:47,030 [WARN] ModelIntegratedComponent:63 - No mode defined for component null
2023-12-06 16:49:47,030 [WARN] ModelIntegratedComponent:63 - No mode defined for component null
2023-12-06 16:49:47,030 [WARN] ModelIntegratedComponent:63 - No mode defined for component null
2023-12-06 16:49:47,030 [WARN] ModelIntegratedComponent:63 - No mode defined for component null
2023-12-06 16:49:47,030 [WARN] ModelIntegratedComponent:63 - No mode defined for component null
2023-12-06 16:49:47,030 [WARN] ModelIntegratedComponent:63 - No mode defined for component null
2023-12-06 16:49:47,088 [INFO] ThirdPartyModel:298 - Start build external matchings
2023-12-06 16:49:47,202 [INFO] ThirdPartyModel:316 - End build external matchings
2023-12-06 16:49:47,598 [INFO] UtilMem:75 - End LoadConfig() Used Memory: 490727600 Bytes (851443712)
2023-12-06 16:49:47,761 [INFO] ApiDb:581 - Connected to CubeFinder SQLite database (C:\Users\hchandegara\.stmcufinder\plugins\mcufinder\mcu\cube-finder-db.db)
2023-12-06 16:49:47,826 [INFO] ApiDb:668 - CubeFinder database Data Model version=2.1
2023-12-06 16:49:47,827 [INFO] ApiDb:669 - CubeFinder database Configuration version=3.0.39
2023-12-06 16:49:47,827 [INFO] ApiDb:670 - CubeFinder database generation date=2023-11-06 (1699269565)
2023-12-06 16:49:47,827 [INFO] ApiDb:671 - CubeFinder database FW Pack versions=[FP-ATR-ASTRA1_V2.0.0, FP-SNS-FLIGHT1_V5.0.1, FP-SNS-FLIGHT1_V5.0.2, FP-SNS-MOTENV1_V4.3.1, FP-SNS-MOTENV1_V4.3.2, FP-SNS-MOTENVWB1_V1.3.0, FP-SNS-SMARTAG2_V1.2.0, STM32Cube_FW_C0_V1.1.0, STM32Cube_FW_F4_V1.28.0, STM32Cube_FW_F7_V1.17.0, STM32Cube_FW_G0_V1.6.1, STM32Cube_FW_G4_V1.5.1, STM32Cube_FW_H5_V0.5.1, STM32Cube_FW_H5_V1.1.1, STM32Cube_FW_H5_V1.2.0RC2, STM32Cube_FW_H7_V1.11.0, STM32Cube_FW_L0_V1.12.2, STM32Cube_FW_L5_V1.5.0, STM32Cube_FW_U5_V1.3.0RC4, STM32Cube_FW_U5_V1.4.0, STM32Cube_FW_WBA_V1.0.0RC1, STM32Cube_FW_WBA_V1.1.0RC1, STM32Cube_FW_WBA_V1.2.0, STM32Cube_FW_WBA_V1.2.0RC2, STM32Cube_FW_WB_V1.15.0RC1, STM32Cube_FW_WB_V1.16.0, STM32Cube_FW_WB_V1.16.0RC2, STM32Cube_FW_WB_V1.18.0, STM32Cube_FW_WL_V1.3.0, X-CUBE-ALGOBUILD_V1.3.0, X-CUBE-ALS_V1.0.1, X-CUBE-AZRTOS-F4_V1.1.0, X-CUBE-AZRTOS-F7_V1.1.0, X-CUBE-AZRTOS-G0_V1.1.0, X-CUBE-AZRTOS-G4_V2.0.0, X-CUBE-AZRTOS-H7_V3.1.0, X-CUBE-AZRTOS-L4_V1.0.0, X-CUBE-AZRTOS-L4_V2.0.0, X-CUBE-AZRTOS-L5_V1.1.0, X-CUBE-AZRTOS-WB_V2.0.0, X-CUBE-AZRTOS-WL_V2.0.0, X-CUBE-BLE1_V7.0.0, X-CUBE-BLE2_V3.3.0, X-CUBE-BLEMGR_V2.0.0, X-CUBE-EEPRMA1_V4.1.0, X-CUBE-EEPRMA1_V4.2.0, X-CUBE-FREERTOS_V1.1.0, X-CUBE-GNSS1_V6.0.0, X-CUBE-MEMS1_V10.0.0, X-CUBE-MEMS1_V9.1.0, X-CUBE-MEMS1_V9.4.0, X-CUBE-MEMS1_V9.6.0, X-CUBE-NFC4_V3.0.0, X-CUBE-NFC7_V1.0.1, X-CUBE-SFXS2LP1_V4.0.0, X-CUBE-SUBG2_V5.0.0, X-CUBE-TOF1_V3.3.1]
2023-12-06 16:49:49,770 [INFO] ApiDb:240 - Found 371 in-development CPN: [B-G473E-ZEST1S, B-WB1M-WPAN1, B-WL5M-SUBG1, NUCLEO-C031C6, NUCLEO-H503RB, NUCLEO-H563ZI, NUCLEO-U545RE-Q, NUCLEO-U5A5ZJ-Q, NUCLEO-WBA52CG, NUCLEO-WBA55CG, STEVAL-MKBOXPRO, STEVAL-PROTEUS1, STEVAL-STWINBX1, STM320518-EVAL, STM32C0116-DK, STM32C011D6Y3TR, STM32C011D6Y6TR, STM32C011F4P3, STM32C011F4P6, STM32C011F4U3, STM32C011F4U6TR, STM32C011F6P3, STM32C011F6P6, STM32C011F6U3, STM32C011F6U6TR, STM32C011J4M3, STM32C011J4M6, STM32C011J6M3, STM32C011J6M6, STM32C0316-DK, STM32C031C4T3, STM32C031C4T6, STM32C031C4U3, STM32C031C4U6, STM32C031C6T3, STM32C031C6T6, STM32C031C6U3, STM32C031C6U6, STM32C031F4P3, STM32C031F4P6, STM32C031F6P3, STM32C031F6P6, STM32C031G4U3, STM32C031G4U6, STM32C031G6U3, STM32C031G6U6, STM32C031K4T3, STM32C031K4T6, STM32C031K4U3, STM32C031K4U6, STM32C031K6T3, STM32C031K6T6, STM32C031K6U3, STM32C031K6U6, STM32G071K8TXN, STM32G071K8UXN, STM32G081GBU6N, STM32G081KBT6N, STM32G081KBUXN, STM32G0B1CCT6N, STM32G0B1KCT6, STM32G0B1NEY6TR, STM32G0B1RCT6N, STM32G0C1CCT6, STM32G0C1CCT6N, STM32G0C1CCU6N, STM32G0C1CET6N, STM32G0C1CEU6N, STM32G0C1KCT6, STM32G0C1NEY6TR, STM32G0C1RCI6N, STM32G0C1RCT6N, STM32G0C1REI6N, STM32G0C1RET6N, STM32G0C1VCI6, STM32G0C1VEI6, STM32G471CCT6, STM32G471CCU6, STM32G471CET3, STM32G471CET6, STM32G471CEU3, STM32G471CEU6, STM32G471MCT6, STM32G471MET3, STM32G471MET6, STM32G471MEY6TR, STM32G471QCT6, STM32G471QET3, STM32G471RCT6, STM32G471RET3, STM32G471RET6, STM32G471VCH6, STM32G471VCI6, STM32G471VCT6, STM32G471VEH3, STM32G471VEH6, STM32G471VEI3, STM32G471VEI6, STM32G471VET3, STM32G471VET6, STM32G474CCT6, STM32H503CBT6, STM32H503CBU6, STM32H503EBY6TR, STM32H503KBU6, STM32H503RBT6, STM32H562AGI6, STM32H562AII6, STM32H562IGK6, STM32H562IGT6, STM32H562IIK6, STM32H562IIT6, STM32H562RGT6, STM32H562RGV6, STM32H562RIT6, STM32H562RIV6, STM32H562VGT6, STM32H562VIT6, STM32H562ZGT6, STM32H562ZIT6, STM32H563AGI6, STM32H563AII3Q, STM32H563AII6, STM32H563IGK6, STM32H563IGT6, STM32H563IIK3Q, STM32H563IIK6, STM32H563IIT3Q, STM32H563IIT6, STM32H563MIY3QTR, STM32H563RGT6, STM32H563RGV6, STM32H563RIT6, STM32H563RIV6, STM32H563VGT6, STM32H563VIT3Q, STM32H563VIT6, STM32H563ZGT6, STM32H563ZIT3Q, STM32H563ZIT6, STM32H573AII3Q, STM32H573AII6, STM32H573I-DK, STM32H573IIK3Q, STM32H573IIK6, STM32H573IIT3Q, STM32H573IIT6, STM32H573MIY3QTR, STM32H573RIT6, STM32H573RIV6, STM32H573VIT3Q, STM32H573VIT6, STM32H573ZIT3Q, STM32H573ZIT6, STM32L4R5QGI6STR, STM32MP131AAE3, STM32MP131AAF3, STM32MP131AAG3, STM32MP131CAE3, STM32MP131CAF3, STM32MP131CAG3, STM32MP131DAE7, STM32MP131DAF7, STM32MP131DAG7, STM32MP131FAE7, STM32MP131FAF7, STM32MP131FAG7, STM32MP133AAE3, STM32MP133AAF3, STM32MP133AAG3, STM32MP133CAE3, STM32MP133CAF3, STM32MP133CAG3, STM32MP133DAE7, STM32MP133DAF7, STM32MP133DAG7, STM32MP133FAE7, STM32MP133FAF7, STM32MP133FAG7, STM32MP135AAE3, STM32MP135AAF3, STM32MP135AAG3, STM32MP135CAE3, STM32MP135CAF3, STM32MP135CAG3, STM32MP135DAE7, STM32MP135DAF7, STM32MP135DAG7, STM32MP135F-DK, STM32MP135FAE7, STM32MP135FAF7, STM32MP135FAF7T, STM32MP135FAF7U, STM32MP135FAG7, STM32U535CBT6, STM32U535CBT6Q, STM32U535CBU6, STM32U535CBU6Q, STM32U535CCT6, STM32U535CCT6Q, STM32U535CCU6, STM32U535CCU6Q, STM32U535CET6, STM32U535CET6Q, STM32U535CEU6, STM32U535CEU6Q, STM32U535JEY6QTR, STM32U535NCY6QTR, STM32U535NEY6QTR, STM32U535RBI6, STM32U535RBI6Q, STM32U535RBT6, STM32U535RBT6Q, STM32U535RCI6, STM32U535RCI6Q, STM32U535RCT6, STM32U535RCT6Q, STM32U535REI6, STM32U535REI6Q, STM32U535RET6, STM32U535RET6Q, STM32U535VCI6, STM32U535VCI6Q, STM32U535VCT6, STM32U535VCT6Q, STM32U535VEI6, STM32U535VEI6Q, STM32U535VET6, STM32U535VET6Q, STM32U545CET6, STM32U545CET6Q, STM32U545CEU6, STM32U545CEU6Q, STM32U545JEY6QTR, STM32U545NEY6QTR, STM32U545REI6, STM32U545REI6Q, STM32U545RET6, STM32U545RET6Q, STM32U545VEI6, STM32U545VEI6Q, STM32U545VET6, STM32U545VET6Q, STM32U595AIH6, STM32U595AIH6Q, STM32U595AJH6, STM32U595AJH6Q, STM32U595QII6, STM32U595QII6Q, STM32U595QJI6, STM32U595QJI6Q, STM32U595RIT6, STM32U595RIT6Q, STM32U595RJT6, STM32U595RJT6Q, STM32U595VIT6, STM32U595VIT6Q, STM32U595VJT6, STM32U595VJT6Q, STM32U595ZIT6, STM32U595ZIT6Q, STM32U595ZIY6QTR, STM32U595ZJT6, STM32U595ZJT6Q, STM32U595ZJY6QTR, STM32U599BJY6QTR, STM32U599NIH6Q, STM32U599NJH6Q, STM32U599VIT6Q, STM32U599VJT6, STM32U599VJT6Q, STM32U599ZIT6Q, STM32U599ZIY6QTR, STM32U599ZJT6Q, STM32U599ZJY6QTR, STM32U5A5AJH6, STM32U5A5AJH6Q, STM32U5A5QJI6, STM32U5A5QJI6Q, STM32U5A5RJT6, STM32U5A5RJT6Q, STM32U5A5VJT6, STM32U5A5VJT6Q, STM32U5A5ZJT6, STM32U5A5ZJT6Q, STM32U5A5ZJY6QTR, STM32U5A9BJY6QTR, STM32U5A9J-DK, STM32U5A9NJH6Q, STM32U5A9VJT6Q, STM32U5A9ZJT6Q, STM32U5A9ZJY6QTR, STM32U5F7VIT6, STM32U5F7VIT6Q, STM32U5F7VJT6, STM32U5F7VJT6Q, STM32U5F9BJY6QTR, STM32U5F9NJH6Q, STM32U5F9VIT6Q, STM32U5F9VJT6Q, STM32U5F9ZIJ6QTR, STM32U5F9ZIT6Q, STM32U5F9ZJJ6QTR, STM32U5F9ZJT6Q, STM32U5G7VJT6, STM32U5G7VJT6Q, STM32U5G9BJY6QTR, STM32U5G9J-DK1, STM32U5G9J-DK2, STM32U5G9NJH6Q, STM32U5G9VJT6Q, STM32U5G9ZJJ6QTR, STM32U5G9ZJT6Q, STM32WB1MMCH6, STM32WBA50KEU6, STM32WBA50KEU6TR, STM32WBA50KGU6, STM32WBA50KGU6TR, STM32WBA52CEU6, STM32WBA52CEU6TR, STM32WBA52CEU7, STM32WBA52CEU7TR, STM32WBA52CGU6, STM32WBA52CGU6TR, STM32WBA52CGU6U, STM32WBA52CGU7, STM32WBA52CGU7TR, STM32WBA52KEU6, STM32WBA52KEU6TR, STM32WBA52KGU6, STM32WBA52KGU6TR, STM32WBA54CEU6, STM32WBA54CEU6TR, STM32WBA54CEU7, STM32WBA54CEU7TR, STM32WBA54CGU6, STM32WBA54CGU6TR, STM32WBA54CGU7, STM32WBA54CGU7TR, STM32WBA54KEU6, STM32WBA54KEU6TR, STM32WBA54KEU7, STM32WBA54KEU7TR, STM32WBA54KGU6, STM32WBA54KGU6TR, STM32WBA54KGU7, STM32WBA54KGU7TR, STM32WBA55CEU6, STM32WBA55CEU6TR, STM32WBA55CEU7, STM32WBA55CEU7TR, STM32WBA55CGU6, STM32WBA55CGU6TR, STM32WBA55CGU6U, STM32WBA55CGU7, STM32WBA55CGU7TR, STM32WBA55G-DK1, STM32WBA55HEF6, STM32WBA55HEF7, STM32WBA55HGF6, STM32WBA55HGF7, STM32WBA55UEI6, STM32WBA55UEI6TR, STM32WBA55UEI7, STM32WBA55UEI7TR, STM32WBA55UGI6, STM32WBA55UGI6TR, STM32WBA55UGI7, STM32WBA55UGI7TR, STM32WL5MOCH6, STM32WL5MOCH6TR]
2023-12-06 16:49:49,772 [INFO] DbMcus:218 - Found 3930 MCUs, 3930 are supported
2023-12-06 16:49:49,773 [INFO] ApiDb:423 - Load user favorites file C:\Users\hchandegara/.stm32cubeide/favorites.mcus.txt: 0 item(s)
2023-12-06 16:49:49,773 [INFO] ApiDb:427 - User favorites MCUs=[]
2023-12-06 16:49:49,773 [INFO] DbMcus:224 - Set 0 / 0 favorites MCUs
2023-12-06 16:49:50,020 [INFO] MicroXplorer:468 - Change Database Path : 
2023-12-06 16:49:50,020 [INFO] MicroXplorer:498 - Change Database Version : DB.6.0.100
2023-12-06 16:49:50,020 [WARN] ThirdParty:833 - waiting for thirdparty lock release [change project]
2023-12-06 16:49:50,021 [INFO] ThirdParty:835 - entering critical section [change project]
2023-12-06 16:49:50,021 [INFO] ThirdParty:1030 - CMSIS Pack Vendor :STMicroelectronics X-CUBE-ISPU 1.1.0
2023-12-06 16:49:50,021 [INFO] ThirdParty:1030 - CMSIS Pack Vendor :STMicroelectronics USBPD 4.1
2023-12-06 16:49:50,021 [INFO] ThirdParty:1030 - CMSIS Pack Vendor :STMicroelectronics X-CUBE-GNSS1 6.0.0
2023-12-06 16:49:50,021 [INFO] ThirdParty:1030 - CMSIS Pack Vendor :STMicroelectronics USB_HOST 2.0.0
2023-12-06 16:49:50,021 [INFO] ThirdParty:1030 - CMSIS Pack Vendor :STMicroelectronics X-CUBE-AZRTOS-F4 1.1.0
2023-12-06 16:49:50,021 [INFO] ThirdParty:1030 - CMSIS Pack Vendor :STMicroelectronics LIBJPEG 8.0.0
2023-12-06 16:49:50,021 [INFO] ThirdParty:1030 - CMSIS Pack Vendor :wolfSSL I-CUBE-wolfSSL 5.6.4
2023-12-06 16:49:50,021 [INFO] ThirdParty:1030 - CMSIS Pack Vendor :STMicroelectronics X-CUBE-SMBUS 2.1.0
2023-12-06 16:49:50,021 [INFO] ThirdParty:1030 - CMSIS Pack Vendor :STMicroelectronics USB_DEVICE 3.0.0
2023-12-06 16:49:50,021 [INFO] ThirdParty:1030 - CMSIS Pack Vendor :STMicroelectronics X-CUBE-AZRTOS-WB 2.0.0
2023-12-06 16:49:50,021 [INFO] ThirdParty:1030 - CMSIS Pack Vendor :STMicroelectronics X-CUBE-AZRTOS-F7 1.1.0
2023-12-06 16:49:50,021 [INFO] ThirdParty:1030 - CMSIS Pack Vendor :STMicroelectronics X-CUBE-AZRTOS-L5 2.0.0
2023-12-06 16:49:50,021 [INFO] ThirdParty:1030 - CMSIS Pack Vendor :STMicroelectronics USB_DEVICE 2.0.0
2023-12-06 16:49:50,021 [INFO] ThirdParty:1030 - CMSIS Pack Vendor :STMicroelectronics X-CUBE-EEPRMA1 4.2.0
2023-12-06 16:49:50,021 [INFO] ThirdParty:1030 - CMSIS Pack Vendor :ITTIA_DB I-CUBE-ITTIADB 8.8.0
2023-12-06 16:49:50,021 [INFO] ThirdParty:1030 - CMSIS Pack Vendor :STMicroelectronics FP-SNS-MOTENV1 4.3.2
2023-12-06 16:49:50,021 [INFO] ThirdParty:1030 - CMSIS Pack Vendor :STMicroelectronics X-CUBE-ALGOBUILD 1.3.0
2023-12-06 16:49:50,021 [INFO] ThirdParty:1030 - CMSIS Pack Vendor :STMicroelectronics FreeRTOS 0.0.1
2023-12-06 16:49:50,021 [INFO] ThirdParty:1030 - CMSIS Pack Vendor :STMicroelectronics X-CUBE-AZRTOS-G0 1.1.0
2023-12-06 16:49:50,021 [INFO] ThirdParty:1030 - CMSIS Pack Vendor :STMicroelectronics X-CUBE-NFC4 3.0.0
2023-12-06 16:49:50,021 [INFO] ThirdParty:1030 - CMSIS Pack Vendor :STMicroelectronics X-CUBE-SUBG2 5.0.0
2023-12-06 16:49:50,022 [INFO] ThirdParty:1030 - CMSIS Pack Vendor :STMicroelectronics STM32_WPAN 1.0.0
2023-12-06 16:49:50,022 [INFO] ThirdParty:1030 - CMSIS Pack Vendor :STMicroelectronics lwIP 2.0.3
2023-12-06 16:49:50,022 [INFO] ThirdParty:1030 - CMSIS Pack Vendor :STMicroelectronics FP-SNS-FLIGHT1 5.0.2
2023-12-06 16:49:50,022 [INFO] ThirdParty:1030 - CMSIS Pack Vendor :STMicroelectronics USB_HOST 1.0.0
2023-12-06 16:49:50,022 [INFO] ThirdParty:1030 - CMSIS Pack Vendor :STMicroelectronics X-CUBE-AZRTOS-G4 2.0.0
2023-12-06 16:49:50,022 [INFO] ThirdParty:1030 - CMSIS Pack Vendor :STMicroelectronics PDM2PCM 3.1.0
2023-12-06 16:49:50,022 [INFO] ThirdParty:1030 - CMSIS Pack Vendor :STMicroelectronics X-CUBE-AZRTOS-H7 3.1.0
2023-12-06 16:49:50,022 [INFO] ThirdParty:1030 - CMSIS Pack Vendor :Infineon AIROC-Wi-Fi-Bluetooth-STM32 1.5.1
2023-12-06 16:49:50,022 [INFO] ThirdParty:1030 - CMSIS Pack Vendor :STMicroelectronics X-CUBE-BLEMGR 3.0.0
2023-12-06 16:49:50,022 [INFO] ThirdParty:1030 - CMSIS Pack Vendor :STMicroelectronics PDM2PCM 3.3.0
2023-12-06 16:49:50,022 [INFO] ThirdParty:1030 - CMSIS Pack Vendor :STMicroelectronics X-CUBE-DISPLAY 3.0.0
2023-12-06 16:49:50,022 [INFO] ThirdParty:1030 - CMSIS Pack Vendor :STMicroelectronics FP-SNS-MOTENVWB1 1.3.1
2023-12-06 16:49:50,022 [INFO] ThirdParty:1030 - CMSIS Pack Vendor :STMicroelectronics X-CUBE-BLE1 7.0.0
2023-12-06 16:49:50,022 [INFO] ThirdParty:1030 - CMSIS Pack Vendor :STMicroelectronics FP-ATR-SIGFOX1 3.2.0
2023-12-06 16:49:50,022 [INFO] ThirdParty:1030 - CMSIS Pack Vendor :STMicroelectronics HAL Drivers 0.0.0
2023-12-06 16:49:50,022 [INFO] ThirdParty:1030 - CMSIS Pack Vendor :STMicroelectronics MBEDTLS 2.16.2
2023-12-06 16:49:50,022 [INFO] ThirdParty:1030 - CMSIS Pack Vendor :emotas I-CUBE-CANOPEN 1.3.0
2023-12-06 16:49:50,022 [INFO] ThirdParty:1030 - CMSIS Pack Vendor :STMicroelectronics X-CUBE-MEMS1 10.0.0
2023-12-06 16:49:50,022 [INFO] ThirdParty:1030 - CMSIS Pack Vendor :STMicroelectronics X-CUBE-FREERTOS 1.1.0
2023-12-06 16:49:50,022 [INFO] ThirdParty:1030 - CMSIS Pack Vendor :STMicroelectronics X-CUBE-NFC7 1.0.1
2023-12-06 16:49:50,022 [INFO] ThirdParty:1030 - CMSIS Pack Vendor :STMicroelectronics MBEDTLS 2.14.1
2023-12-06 16:49:50,022 [INFO] ThirdParty:1030 - CMSIS Pack Vendor :STMicroelectronics X-CUBE-TOUCHGFX 4.22.1
2023-12-06 16:49:50,022 [INFO] ThirdParty:1030 - CMSIS Pack Vendor :STMicroelectronics X-CUBE-NFC6 3.0.0
2023-12-06 16:49:50,022 [INFO] ThirdParty:1030 - CMSIS Pack Vendor :portGmbH I-Cube-SoM-uGOAL 1.1.0
2023-12-06 16:49:50,022 [INFO] ThirdParty:1030 - CMSIS Pack Vendor :STMicroelectronics X-CUBE-ALS 1.0.1
2023-12-06 16:49:50,022 [INFO] ThirdParty:1030 - CMSIS Pack Vendor :STMicroelectronics ThreadX 1.0.0
2023-12-06 16:49:50,022 [INFO] ThirdParty:1030 - CMSIS Pack Vendor :STMicroelectronics FP-SNS-SMARTAG2 1.2.0
2023-12-06 16:49:50,022 [INFO] ThirdParty:1030 - CMSIS Pack Vendor :STMicroelectronics X-CUBE-AZRTOS-WL 2.0.0
2023-12-06 16:49:50,022 [INFO] ThirdParty:1030 - CMSIS Pack Vendor :STMicroelectronics USB_DEVICE 1.0.0
2023-12-06 16:49:50,022 [INFO] ThirdParty:1030 - CMSIS Pack Vendor :STMicroelectronics X-CUBE-AI 8.1.0
2023-12-06 16:49:50,022 [INFO] ThirdParty:1030 - CMSIS Pack Vendor :STMicroelectronics X-CUBE-AZRTOS-L4 2.0.0
2023-12-06 16:49:50,022 [INFO] ThirdParty:1030 - CMSIS Pack Vendor :STMicroelectronics ThreadX 0.0.2
2023-12-06 16:49:50,022 [INFO] ThirdParty:1030 - CMSIS Pack Vendor :WES I-CUBE-Cesium 1.3.0
2023-12-06 16:49:50,022 [INFO] ThirdParty:1030 - CMSIS Pack Vendor :STMicroelectronics FP-ATR-ASTRA1 2.0.0
2023-12-06 16:49:50,022 [INFO] ThirdParty:1030 - CMSIS Pack Vendor :STMicroelectronics lwIP 2.1.2
2023-12-06 16:49:50,022 [INFO] ThirdParty:1030 - CMSIS Pack Vendor :STMicroelectronics X-CUBE-SFXS2LP1 4.0.0
2023-12-06 16:49:50,022 [INFO] ThirdParty:1030 - CMSIS Pack Vendor :STMicroelectronics X-CUBE-BLE2 3.3.0
2023-12-06 16:49:50,022 [INFO] ThirdParty:1030 - CMSIS Pack Vendor :STMicroelectronics X-CUBE-TOF1 3.4.0
2023-12-06 16:49:50,022 [INFO] ThirdParty:1030 - CMSIS Pack Vendor :STMicroelectronics PDM2PCM 3.2.0
2023-12-06 16:49:50,022 [INFO] ThirdParty:841 - exiting critical section [change project]
2023-12-06 16:49:50,550 [INFO] PinOutPanel:1499 - setPackage(No Configuration,No Configuration)
2023-12-06 16:49:50,554 [INFO] PinOutPanel:1499 - setPackage(STM32L476RGTx,LQFP64)
2023-12-06 16:49:51,273 [INFO] UtilMem:75 - Before build in PCC Used Memory: 345660144 Bytes (741343232)
2023-12-06 16:49:52,164 [INFO] UtilMem:75 - After build in PCC Used Memory: 463168904 Bytes (741343232)
2023-12-06 16:49:52,203 [INFO] IPUIPlugin:80 - create IPUIPlugin
2023-12-06 16:49:52,203 [INFO] IPUIPlugin:80 - create IPUIPlugin
2023-12-06 16:49:52,203 [INFO] IPUIPlugin:80 - create IPUIPlugin
2023-12-06 16:49:52,203 [INFO] IPUIPlugin:80 - create IPUIPlugin
2023-12-06 16:49:52,203 [INFO] IPUIPlugin:80 - create IPUIPlugin
2023-12-06 16:49:52,203 [INFO] IPUIPlugin:80 - create IPUIPlugin
2023-12-06 16:49:52,203 [INFO] IPUIPlugin:80 - create IPUIPlugin
2023-12-06 16:49:52,203 [INFO] IPUIPlugin:80 - create IPUIPlugin
2023-12-06 16:49:52,203 [INFO] IPUIPlugin:80 - create IPUIPlugin
2023-12-06 16:49:52,203 [INFO] IPUIPlugin:80 - create IPUIPlugin
2023-12-06 16:49:52,203 [INFO] IPUIPlugin:80 - create IPUIPlugin
2023-12-06 16:49:52,203 [INFO] IPUIPlugin:80 - create IPUIPlugin
2023-12-06 16:49:52,204 [INFO] IPUIPlugin:80 - create IPUIPlugin
2023-12-06 16:49:52,204 [INFO] IPUIPlugin:80 - create IPUIPlugin
2023-12-06 16:49:52,204 [INFO] IPUIPlugin:80 - create IPUIPlugin
2023-12-06 16:49:52,204 [INFO] IPUIPlugin:80 - create IPUIPlugin
2023-12-06 16:49:52,204 [INFO] IPUIPlugin:80 - create IPUIPlugin
2023-12-06 16:49:52,204 [INFO] IPUIPlugin:80 - create IPUIPlugin
2023-12-06 16:49:52,204 [INFO] IPUIPlugin:80 - create IPUIPlugin
2023-12-06 16:49:52,204 [INFO] IPUIPlugin:80 - create IPUIPlugin
2023-12-06 16:49:52,204 [INFO] IPUIPlugin:80 - create IPUIPlugin
2023-12-06 16:49:52,204 [INFO] IPUIPlugin:80 - create IPUIPlugin
2023-12-06 16:49:52,204 [INFO] IPUIPlugin:80 - create IPUIPlugin
2023-12-06 16:49:52,204 [INFO] IPUIPlugin:80 - create IPUIPlugin
2023-12-06 16:49:52,205 [INFO] IPUIPlugin:80 - create IPUIPlugin
2023-12-06 16:49:52,205 [INFO] IPUIPlugin:80 - create IPUIPlugin
2023-12-06 16:49:52,205 [INFO] IPUIPlugin:80 - create IPUIPlugin
2023-12-06 16:49:52,205 [INFO] IPUIPlugin:80 - create IPUIPlugin
2023-12-06 16:49:52,205 [INFO] IPUIPlugin:80 - create IPUIPlugin
2023-12-06 16:49:52,205 [INFO] IPUIPlugin:80 - create IPUIPlugin
2023-12-06 16:49:52,205 [INFO] IPUIPlugin:80 - create IPUIPlugin
2023-12-06 16:49:52,205 [INFO] IPUIPlugin:80 - create IPUIPlugin
2023-12-06 16:49:52,205 [INFO] IPUIPlugin:80 - create IPUIPlugin
2023-12-06 16:49:52,205 [INFO] IPUIPlugin:80 - create IPUIPlugin
2023-12-06 16:49:52,206 [INFO] IPUIPlugin:80 - create IPUIPlugin
2023-12-06 16:49:52,206 [INFO] IPUIPlugin:80 - create IPUIPlugin
2023-12-06 16:49:52,206 [INFO] IPUIPlugin:80 - create IPUIPlugin
2023-12-06 16:49:52,206 [INFO] IPUIPlugin:80 - create IPUIPlugin
2023-12-06 16:49:52,206 [INFO] IPUIPlugin:80 - create IPUIPlugin
2023-12-06 16:49:52,206 [INFO] IPUIPlugin:80 - create IPUIPlugin
2023-12-06 16:49:52,206 [INFO] IPUIPlugin:80 - create IPUIPlugin
2023-12-06 16:49:52,206 [INFO] IPUIPlugin:80 - create IPUIPlugin
2023-12-06 16:49:52,206 [INFO] IPUIPlugin:80 - create IPUIPlugin
2023-12-06 16:49:52,207 [INFO] IPUIPlugin:80 - create IPUIPlugin
2023-12-06 16:49:52,207 [INFO] IPUIPlugin:80 - create IPUIPlugin
2023-12-06 16:49:52,207 [INFO] IPUIPlugin:80 - create IPUIPlugin
2023-12-06 16:49:52,207 [INFO] IPUIPlugin:80 - create IPUIPlugin
2023-12-06 16:49:52,207 [INFO] IPUIPlugin:80 - create IPUIPlugin
2023-12-06 16:49:52,207 [INFO] IPUIPlugin:80 - create IPUIPlugin
2023-12-06 16:49:52,207 [INFO] IPUIPlugin:80 - create IPUIPlugin
2023-12-06 16:49:52,207 [INFO] IPUIPlugin:80 - create IPUIPlugin
2023-12-06 16:49:52,208 [INFO] IPUIPlugin:80 - create IPUIPlugin
2023-12-06 16:49:52,208 [INFO] IPUIPlugin:80 - create IPUIPlugin
2023-12-06 16:49:52,208 [INFO] IPUIPlugin:80 - create IPUIPlugin
2023-12-06 16:49:52,208 [INFO] IPUIPlugin:80 - create IPUIPlugin
2023-12-06 16:49:52,208 [INFO] IPUIPlugin:80 - create IPUIPlugin
2023-12-06 16:49:52,209 [INFO] IPUIPlugin:80 - create IPUIPlugin
2023-12-06 16:49:52,209 [INFO] IPUIPlugin:80 - create IPUIPlugin
2023-12-06 16:49:52,210 [INFO] IPUIPlugin:80 - create IPUIPlugin
2023-12-06 16:49:52,428 [INFO] CADModel:165 - CPN selected for project levelSTM32L476RGT3
2023-12-06 16:49:52,428 [INFO] CADModel:114 - Register for checkConnection events
2023-12-06 16:49:52,500 [INFO] OpenFileManager:343 - Restore cursor
2023-12-06 17:04:03,921 [INFO] MainUpdater:2873 - connection check result : 10
2023-12-06 17:04:03,921 [INFO] MainUpdater:2873 - connection check result : 10
2023-12-06 17:04:04,741 [INFO] MicroXplorer:468 - Change Database Path : 
2023-12-06 17:04:04,741 [INFO] MicroXplorer:498 - Change Database Version : DB.6.0.100
2023-12-06 17:04:04,755 [ERROR] ProjectManagerView:394 - 
java.lang.NullPointerException: Cannot invoke "javax.swing.JTextField.getText()" because the return value of "java.util.List.get(int)" is null
	at com.st.microxplorer.plugins.projectmanager.gui.ProjectChoiceTab$10.caretUpdate(ProjectChoiceTab.java:2493) ~[filemanager.jar:?]
	at javax.swing.text.JTextComponent.fireCaretUpdate(JTextComponent.java:412) ~[?:?]
	at javax.swing.text.JTextComponent$MutableCaretEvent.fire(JTextComponent.java:4491) ~[?:?]
	at javax.swing.text.JTextComponent$MutableCaretEvent.stateChanged(JTextComponent.java:4513) ~[?:?]
	at javax.swing.text.DefaultCaret.fireStateChanged(DefaultCaret.java:842) ~[?:?]
	at javax.swing.text.DefaultCaret.changeCaretPosition(DefaultCaret.java:1313) ~[?:?]
	at javax.swing.text.DefaultCaret.handleSetDot(DefaultCaret.java:1212) ~[?:?]
	at javax.swing.text.DefaultCaret.setDot(DefaultCaret.java:1193) ~[?:?]
	at javax.swing.text.DefaultCaret$Handler.insertUpdate(DefaultCaret.java:1789) ~[?:?]
	at javax.swing.text.AbstractDocument.fireInsertUpdate(AbstractDocument.java:226) ~[?:?]
	at javax.swing.text.AbstractDocument.handleInsertString(AbstractDocument.java:780) ~[?:?]
	at javax.swing.text.AbstractDocument.insertString(AbstractDocument.java:739) ~[?:?]
	at javax.swing.text.PlainDocument.insertString(PlainDocument.java:131) ~[?:?]
	at javax.swing.text.AbstractDocument.replace(AbstractDocument.java:698) ~[?:?]
	at javax.swing.text.JTextComponent.setText(JTextComponent.java:1729) ~[?:?]
	at com.st.microxplorer.plugins.projectmanager.gui.ProjectChoiceTab.createHeapStackFields(ProjectChoiceTab.java:933) ~[filemanager.jar:?]
	at com.st.microxplorer.plugins.projectmanager.gui.ProjectChoiceTab.buildLinkSettingsPanel(ProjectChoiceTab.java:3426) ~[filemanager.jar:?]
	at com.st.microxplorer.plugins.projectmanager.gui.ProjectChoiceTab.defineWindowsFields(ProjectChoiceTab.java:1813) ~[filemanager.jar:?]
	at com.st.microxplorer.plugins.projectmanager.gui.ProjectChoiceTab.updateSettings(ProjectChoiceTab.java:533) ~[filemanager.jar:?]
	at com.st.microxplorer.plugins.projectmanager.gui.ProjectSettingsPanel.UpdateDialog(ProjectSettingsPanel.java:244) ~[filemanager.jar:?]
	at com.st.microxplorer.plugins.projectmanager.ProjectManagerView.propertyChange(ProjectManagerView.java:391) ~[filemanager.jar:?]
	at java.beans.PropertyChangeSupport.fire(PropertyChangeSupport.java:343) ~[?:?]
	at java.beans.PropertyChangeSupport.firePropertyChange(PropertyChangeSupport.java:335) ~[?:?]
	at java.beans.PropertyChangeSupport.firePropertyChange(PropertyChangeSupport.java:268) ~[?:?]
	at com.st.microxplorer.util.MXPropertyChangeSupport.firePropertyChange(MXPropertyChangeSupport.java:54) ~[STM32CubeMX.jar:?]
	at com.st.microxplorer.mxsystem.MxSystem.closeConfig(MxSystem.java:900) ~[STM32CubeMX.jar:?]
	at com.st.microxplorer.maingui.MainPanel.closeConfig(MainPanel.java:776) ~[STM32CubeMX.jar:?]
	at com.st.microxplorer.plugins.filemanager.engine.OpenFileManager.loadConfigurationFile(OpenFileManager.java:245) ~[filemanager.jar:?]
	at com.st.microxplorer.plugins.filemanager.engine.MainFileManager.userLoadConfig(MainFileManager.java:290) ~[filemanager.jar:?]
	at com.st.microxplorer.plugins.filemanager.FileManagerView.getSpecificTask(FileManagerView.java:247) ~[filemanager.jar:?]
	at com.st.stm32cube.common.mx.editor.CubeMxEditor.getMxTabbedPaneInstance(CubeMxEditor.java:1184) ~[com.st.stm32cube.common.mx_6.10.0.202311202037/:?]
	at com.st.stm32cube.common.mx.editor.CubeMxEditor$12$1.createSwingComponent(CubeMxEditor.java:1065) ~[com.st.stm32cube.common.mx_6.10.0.202311202037/:?]
	at com.st.stm32cube.common.mx.oss.core.awtswtbridge.EmbeddedSwingComposite.doComponentCreation(EmbeddedSwingComposite.java:492) ~[com.st.stm32cube.common.mx.oss_6.10.0.202311202037/:?]
	at com.st.stm32cube.common.mx.oss.core.awtswtbridge.EmbeddedSwingComposite$4.run(EmbeddedSwingComposite.java:291) ~[com.st.stm32cube.common.mx.oss_6.10.0.202311202037/:?]
	at com.st.stm32cube.common.mx.oss.core.awtswtbridge.AwtEnvironment$2.run(AwtEnvironment.java:166) ~[com.st.stm32cube.common.mx.oss_6.10.0.202311202037/:?]
	at java.awt.event.InvocationEvent.dispatch(InvocationEvent.java:318) ~[?:?]
	at java.awt.EventQueue.dispatchEventImpl(EventQueue.java:773) ~[?:?]
	at java.awt.EventQueue$4.run(EventQueue.java:720) ~[?:?]
	at java.awt.EventQueue$4.run(EventQueue.java:714) ~[?:?]
	at java.security.AccessController.doPrivileged(AccessController.java:399) ~[?:?]
	at java.security.ProtectionDomain$JavaSecurityAccessImpl.doIntersectionPrivilege(ProtectionDomain.java:86) ~[?:?]
	at java.awt.EventQueue.dispatchEvent(EventQueue.java:742) ~[?:?]
	at java.awt.EventDispatchThread.pumpOneEventForFilters(EventDispatchThread.java:203) ~[?:?]
	at java.awt.EventDispatchThread.pumpEventsForFilter(EventDispatchThread.java:124) ~[?:?]
	at java.awt.EventDispatchThread.pumpEventsForHierarchy(EventDispatchThread.java:113) ~[?:?]
	at java.awt.EventDispatchThread.pumpEvents(EventDispatchThread.java:109) ~[?:?]
	at java.awt.EventDispatchThread.pumpEvents(EventDispatchThread.java:101) ~[?:?]
	at java.awt.EventDispatchThread.run(EventDispatchThread.java:90) ~[?:?]
2023-12-06 17:04:04,767 [WARN] ThirdParty:871 - waiting for thirdparty lock release [close project]
2023-12-06 17:04:04,767 [INFO] ThirdParty:873 - entering critical section [close project]
2023-12-06 17:04:04,767 [INFO] ThirdParty:883 - exiting critical section [close project]
2023-12-06 17:04:04,769 [INFO] PinOutPanel:1499 - setPackage(No Configuration,No Configuration)
2023-12-06 17:04:04,778 [INFO] UtilMem:75 - Begin LoadConfig() Used Memory: 328259504 Bytes (720371712)
2023-12-06 17:04:04,779 [INFO] MicroXplorer:468 - Change Database Path : 
2023-12-06 17:04:04,779 [INFO] MicroXplorer:498 - Change Database Version : DB.6.0.100
2023-12-06 17:04:04,779 [INFO] OpenFileManager:312 - Change cursor
2023-12-06 17:04:04,795 [INFO] Mcu:2016 - Initializing MCU STM32L476R(C-E-G)Tx STM32L476RGTx STM32L476RGT3
2023-12-06 17:04:06,194 [INFO] Context:659 - Trying to add GPIOservice into a context  which must be forbidden
2023-12-06 17:04:06,422 [INFO] RtosManager:555 - Registered RTOS mode: class=CMSIS, group=RTOS, mode=CMSIS_V1, owner=FREERTOS
2023-12-06 17:04:06,422 [INFO] RtosManager:555 - Registered RTOS mode: class=CMSIS, group=RTOS2, mode=CMSIS_V2, owner=FREERTOS
2023-12-06 17:04:06,422 [INFO] RtosManager:555 - Registered RTOS mode: class=RTOS, group=Core, mode=CMSIS_V1, owner=FREERTOS
2023-12-06 17:04:06,422 [INFO] RtosManager:555 - Registered RTOS mode: class=RTOS, group=Core, mode=CMSIS_V2, owner=FREERTOS
2023-12-06 17:04:06,422 [WARN] ModelIntegratedComponent:184 - Missing modes for component STMicroelectronics:FreeRTOS:0.0.1:STMicroelectronics:RTOS:FreeRTOS:Core:::10.2.0:
2023-12-06 17:04:06,425 [WARN] ModelIntegratedComponent:63 - No mode defined for component null
2023-12-06 17:04:06,426 [WARN] ModelIntegratedComponent:63 - No mode defined for component null
2023-12-06 17:04:06,426 [WARN] ModelIntegratedComponent:63 - No mode defined for component null
2023-12-06 17:04:06,426 [WARN] ModelIntegratedComponent:63 - No mode defined for component null
2023-12-06 17:04:06,426 [WARN] ModelIntegratedComponent:63 - No mode defined for component null
2023-12-06 17:04:06,426 [WARN] ModelIntegratedComponent:63 - No mode defined for component null
2023-12-06 17:04:06,426 [WARN] ModelIntegratedComponent:63 - No mode defined for component null
2023-12-06 17:04:06,426 [WARN] ModelIntegratedComponent:63 - No mode defined for component null
2023-12-06 17:04:06,426 [WARN] ModelIntegratedComponent:63 - No mode defined for component null
2023-12-06 17:04:06,426 [WARN] ModelIntegratedComponent:63 - No mode defined for component null
2023-12-06 17:04:06,426 [WARN] ModelIntegratedComponent:63 - No mode defined for component null
2023-12-06 17:04:06,426 [WARN] ModelIntegratedComponent:63 - No mode defined for component null
2023-12-06 17:04:06,426 [WARN] ModelIntegratedComponent:63 - No mode defined for component null
2023-12-06 17:04:06,426 [WARN] ModelIntegratedComponent:63 - No mode defined for component null
2023-12-06 17:04:06,426 [WARN] ModelIntegratedComponent:63 - No mode defined for component null
2023-12-06 17:04:06,426 [WARN] ModelIntegratedComponent:63 - No mode defined for component null
2023-12-06 17:04:06,426 [WARN] ModelIntegratedComponent:63 - No mode defined for component null
2023-12-06 17:04:06,426 [WARN] ModelIntegratedComponent:63 - No mode defined for component null
2023-12-06 17:04:06,426 [WARN] ModelIntegratedComponent:63 - No mode defined for component null
2023-12-06 17:04:06,426 [WARN] ModelIntegratedComponent:63 - No mode defined for component null
2023-12-06 17:04:06,426 [WARN] ModelIntegratedComponent:63 - No mode defined for component null
2023-12-06 17:04:06,426 [WARN] ModelIntegratedComponent:63 - No mode defined for component null
2023-12-06 17:04:06,426 [WARN] ModelIntegratedComponent:63 - No mode defined for component null
2023-12-06 17:04:06,426 [WARN] ModelIntegratedComponent:63 - No mode defined for component null
2023-12-06 17:04:06,426 [WARN] ModelIntegratedComponent:63 - No mode defined for component null
2023-12-06 17:04:06,426 [WARN] ModelIntegratedComponent:63 - No mode defined for component null
2023-12-06 17:04:06,426 [WARN] ModelIntegratedComponent:63 - No mode defined for component null
2023-12-06 17:04:06,426 [WARN] ModelIntegratedComponent:63 - No mode defined for component null
2023-12-06 17:04:06,426 [WARN] ModelIntegratedComponent:63 - No mode defined for component null
2023-12-06 17:04:06,426 [WARN] ModelIntegratedComponent:63 - No mode defined for component null
2023-12-06 17:04:06,426 [WARN] ModelIntegratedComponent:63 - No mode defined for component null
2023-12-06 17:04:06,426 [WARN] ModelIntegratedComponent:63 - No mode defined for component null
2023-12-06 17:04:06,426 [WARN] ModelIntegratedComponent:63 - No mode defined for component null
2023-12-06 17:04:06,466 [INFO] ThirdPartyModel:298 - Start build external matchings
2023-12-06 17:04:06,584 [INFO] ThirdPartyModel:316 - End build external matchings
2023-12-06 17:04:06,761 [INFO] ApiDb:668 - CubeFinder database Data Model version=2.1
2023-12-06 17:04:06,761 [INFO] ApiDb:669 - CubeFinder database Configuration version=3.0.39
2023-12-06 17:04:06,761 [INFO] ApiDb:670 - CubeFinder database generation date=2023-11-06 (1699269565)
2023-12-06 17:04:06,761 [INFO] ApiDb:671 - CubeFinder database FW Pack versions=[FP-ATR-ASTRA1_V2.0.0, FP-SNS-FLIGHT1_V5.0.1, FP-SNS-FLIGHT1_V5.0.2, FP-SNS-MOTENV1_V4.3.1, FP-SNS-MOTENV1_V4.3.2, FP-SNS-MOTENVWB1_V1.3.0, FP-SNS-SMARTAG2_V1.2.0, STM32Cube_FW_C0_V1.1.0, STM32Cube_FW_F4_V1.28.0, STM32Cube_FW_F7_V1.17.0, STM32Cube_FW_G0_V1.6.1, STM32Cube_FW_G4_V1.5.1, STM32Cube_FW_H5_V0.5.1, STM32Cube_FW_H5_V1.1.1, STM32Cube_FW_H5_V1.2.0RC2, STM32Cube_FW_H7_V1.11.0, STM32Cube_FW_L0_V1.12.2, STM32Cube_FW_L5_V1.5.0, STM32Cube_FW_U5_V1.3.0RC4, STM32Cube_FW_U5_V1.4.0, STM32Cube_FW_WBA_V1.0.0RC1, STM32Cube_FW_WBA_V1.1.0RC1, STM32Cube_FW_WBA_V1.2.0, STM32Cube_FW_WBA_V1.2.0RC2, STM32Cube_FW_WB_V1.15.0RC1, STM32Cube_FW_WB_V1.16.0, STM32Cube_FW_WB_V1.16.0RC2, STM32Cube_FW_WB_V1.18.0, STM32Cube_FW_WL_V1.3.0, X-CUBE-ALGOBUILD_V1.3.0, X-CUBE-ALS_V1.0.1, X-CUBE-AZRTOS-F4_V1.1.0, X-CUBE-AZRTOS-F7_V1.1.0, X-CUBE-AZRTOS-G0_V1.1.0, X-CUBE-AZRTOS-G4_V2.0.0, X-CUBE-AZRTOS-H7_V3.1.0, X-CUBE-AZRTOS-L4_V1.0.0, X-CUBE-AZRTOS-L4_V2.0.0, X-CUBE-AZRTOS-L5_V1.1.0, X-CUBE-AZRTOS-WB_V2.0.0, X-CUBE-AZRTOS-WL_V2.0.0, X-CUBE-BLE1_V7.0.0, X-CUBE-BLE2_V3.3.0, X-CUBE-BLEMGR_V2.0.0, X-CUBE-EEPRMA1_V4.1.0, X-CUBE-EEPRMA1_V4.2.0, X-CUBE-FREERTOS_V1.1.0, X-CUBE-GNSS1_V6.0.0, X-CUBE-MEMS1_V10.0.0, X-CUBE-MEMS1_V9.1.0, X-CUBE-MEMS1_V9.4.0, X-CUBE-MEMS1_V9.6.0, X-CUBE-NFC4_V3.0.0, X-CUBE-NFC7_V1.0.1, X-CUBE-SFXS2LP1_V4.0.0, X-CUBE-SUBG2_V5.0.0, X-CUBE-TOF1_V3.3.1]
2023-12-06 17:04:06,818 [INFO] DbBoardsSqlite:226 - include board P-NUCLEO-WB55-NUCLEO as a kit item of type 'Nucleo-64'
2023-12-06 17:04:06,818 [INFO] DbBoardsSqlite:226 - include board P-NUCLEO-WB55-USBDONGLE as a kit item of type 'Nucleo USB Dongle'
2023-12-06 17:04:06,819 [INFO] DbBoardsSqlite:226 - include board STEVAL-IDP005V1 as a kit item of type 'Evaluation Board'
2023-12-06 17:04:06,819 [INFO] DbBoardsSqlite:226 - include board STEVAL-IDP005V2 as a kit item of type 'Evaluation Board'
2023-12-06 17:04:06,860 [INFO] ApiDb:240 - Found 371 in-development CPN: [B-G473E-ZEST1S, B-WB1M-WPAN1, B-WL5M-SUBG1, NUCLEO-C031C6, NUCLEO-H503RB, NUCLEO-H563ZI, NUCLEO-U545RE-Q, NUCLEO-U5A5ZJ-Q, NUCLEO-WBA52CG, NUCLEO-WBA55CG, STEVAL-MKBOXPRO, STEVAL-PROTEUS1, STEVAL-STWINBX1, STM320518-EVAL, STM32C0116-DK, STM32C011D6Y3TR, STM32C011D6Y6TR, STM32C011F4P3, STM32C011F4P6, STM32C011F4U3, STM32C011F4U6TR, STM32C011F6P3, STM32C011F6P6, STM32C011F6U3, STM32C011F6U6TR, STM32C011J4M3, STM32C011J4M6, STM32C011J6M3, STM32C011J6M6, STM32C0316-DK, STM32C031C4T3, STM32C031C4T6, STM32C031C4U3, STM32C031C4U6, STM32C031C6T3, STM32C031C6T6, STM32C031C6U3, STM32C031C6U6, STM32C031F4P3, STM32C031F4P6, STM32C031F6P3, STM32C031F6P6, STM32C031G4U3, STM32C031G4U6, STM32C031G6U3, STM32C031G6U6, STM32C031K4T3, STM32C031K4T6, STM32C031K4U3, STM32C031K4U6, STM32C031K6T3, STM32C031K6T6, STM32C031K6U3, STM32C031K6U6, STM32G071K8TXN, STM32G071K8UXN, STM32G081GBU6N, STM32G081KBT6N, STM32G081KBUXN, STM32G0B1CCT6N, STM32G0B1KCT6, STM32G0B1NEY6TR, STM32G0B1RCT6N, STM32G0C1CCT6, STM32G0C1CCT6N, STM32G0C1CCU6N, STM32G0C1CET6N, STM32G0C1CEU6N, STM32G0C1KCT6, STM32G0C1NEY6TR, STM32G0C1RCI6N, STM32G0C1RCT6N, STM32G0C1REI6N, STM32G0C1RET6N, STM32G0C1VCI6, STM32G0C1VEI6, STM32G471CCT6, STM32G471CCU6, STM32G471CET3, STM32G471CET6, STM32G471CEU3, STM32G471CEU6, STM32G471MCT6, STM32G471MET3, STM32G471MET6, STM32G471MEY6TR, STM32G471QCT6, STM32G471QET3, STM32G471RCT6, STM32G471RET3, STM32G471RET6, STM32G471VCH6, STM32G471VCI6, STM32G471VCT6, STM32G471VEH3, STM32G471VEH6, STM32G471VEI3, STM32G471VEI6, STM32G471VET3, STM32G471VET6, STM32G474CCT6, STM32H503CBT6, STM32H503CBU6, STM32H503EBY6TR, STM32H503KBU6, STM32H503RBT6, STM32H562AGI6, STM32H562AII6, STM32H562IGK6, STM32H562IGT6, STM32H562IIK6, STM32H562IIT6, STM32H562RGT6, STM32H562RGV6, STM32H562RIT6, STM32H562RIV6, STM32H562VGT6, STM32H562VIT6, STM32H562ZGT6, STM32H562ZIT6, STM32H563AGI6, STM32H563AII3Q, STM32H563AII6, STM32H563IGK6, STM32H563IGT6, STM32H563IIK3Q, STM32H563IIK6, STM32H563IIT3Q, STM32H563IIT6, STM32H563MIY3QTR, STM32H563RGT6, STM32H563RGV6, STM32H563RIT6, STM32H563RIV6, STM32H563VGT6, STM32H563VIT3Q, STM32H563VIT6, STM32H563ZGT6, STM32H563ZIT3Q, STM32H563ZIT6, STM32H573AII3Q, STM32H573AII6, STM32H573I-DK, STM32H573IIK3Q, STM32H573IIK6, STM32H573IIT3Q, STM32H573IIT6, STM32H573MIY3QTR, STM32H573RIT6, STM32H573RIV6, STM32H573VIT3Q, STM32H573VIT6, STM32H573ZIT3Q, STM32H573ZIT6, STM32L4R5QGI6STR, STM32MP131AAE3, STM32MP131AAF3, STM32MP131AAG3, STM32MP131CAE3, STM32MP131CAF3, STM32MP131CAG3, STM32MP131DAE7, STM32MP131DAF7, STM32MP131DAG7, STM32MP131FAE7, STM32MP131FAF7, STM32MP131FAG7, STM32MP133AAE3, STM32MP133AAF3, STM32MP133AAG3, STM32MP133CAE3, STM32MP133CAF3, STM32MP133CAG3, STM32MP133DAE7, STM32MP133DAF7, STM32MP133DAG7, STM32MP133FAE7, STM32MP133FAF7, STM32MP133FAG7, STM32MP135AAE3, STM32MP135AAF3, STM32MP135AAG3, STM32MP135CAE3, STM32MP135CAF3, STM32MP135CAG3, STM32MP135DAE7, STM32MP135DAF7, STM32MP135DAG7, STM32MP135F-DK, STM32MP135FAE7, STM32MP135FAF7, STM32MP135FAF7T, STM32MP135FAF7U, STM32MP135FAG7, STM32U535CBT6, STM32U535CBT6Q, STM32U535CBU6, STM32U535CBU6Q, STM32U535CCT6, STM32U535CCT6Q, STM32U535CCU6, STM32U535CCU6Q, STM32U535CET6, STM32U535CET6Q, STM32U535CEU6, STM32U535CEU6Q, STM32U535JEY6QTR, STM32U535NCY6QTR, STM32U535NEY6QTR, STM32U535RBI6, STM32U535RBI6Q, STM32U535RBT6, STM32U535RBT6Q, STM32U535RCI6, STM32U535RCI6Q, STM32U535RCT6, STM32U535RCT6Q, STM32U535REI6, STM32U535REI6Q, STM32U535RET6, STM32U535RET6Q, STM32U535VCI6, STM32U535VCI6Q, STM32U535VCT6, STM32U535VCT6Q, STM32U535VEI6, STM32U535VEI6Q, STM32U535VET6, STM32U535VET6Q, STM32U545CET6, STM32U545CET6Q, STM32U545CEU6, STM32U545CEU6Q, STM32U545JEY6QTR, STM32U545NEY6QTR, STM32U545REI6, STM32U545REI6Q, STM32U545RET6, STM32U545RET6Q, STM32U545VEI6, STM32U545VEI6Q, STM32U545VET6, STM32U545VET6Q, STM32U595AIH6, STM32U595AIH6Q, STM32U595AJH6, STM32U595AJH6Q, STM32U595QII6, STM32U595QII6Q, STM32U595QJI6, STM32U595QJI6Q, STM32U595RIT6, STM32U595RIT6Q, STM32U595RJT6, STM32U595RJT6Q, STM32U595VIT6, STM32U595VIT6Q, STM32U595VJT6, STM32U595VJT6Q, STM32U595ZIT6, STM32U595ZIT6Q, STM32U595ZIY6QTR, STM32U595ZJT6, STM32U595ZJT6Q, STM32U595ZJY6QTR, STM32U599BJY6QTR, STM32U599NIH6Q, STM32U599NJH6Q, STM32U599VIT6Q, STM32U599VJT6, STM32U599VJT6Q, STM32U599ZIT6Q, STM32U599ZIY6QTR, STM32U599ZJT6Q, STM32U599ZJY6QTR, STM32U5A5AJH6, STM32U5A5AJH6Q, STM32U5A5QJI6, STM32U5A5QJI6Q, STM32U5A5RJT6, STM32U5A5RJT6Q, STM32U5A5VJT6, STM32U5A5VJT6Q, STM32U5A5ZJT6, STM32U5A5ZJT6Q, STM32U5A5ZJY6QTR, STM32U5A9BJY6QTR, STM32U5A9J-DK, STM32U5A9NJH6Q, STM32U5A9VJT6Q, STM32U5A9ZJT6Q, STM32U5A9ZJY6QTR, STM32U5F7VIT6, STM32U5F7VIT6Q, STM32U5F7VJT6, STM32U5F7VJT6Q, STM32U5F9BJY6QTR, STM32U5F9NJH6Q, STM32U5F9VIT6Q, STM32U5F9VJT6Q, STM32U5F9ZIJ6QTR, STM32U5F9ZIT6Q, STM32U5F9ZJJ6QTR, STM32U5F9ZJT6Q, STM32U5G7VJT6, STM32U5G7VJT6Q, STM32U5G9BJY6QTR, STM32U5G9J-DK1, STM32U5G9J-DK2, STM32U5G9NJH6Q, STM32U5G9VJT6Q, STM32U5G9ZJJ6QTR, STM32U5G9ZJT6Q, STM32WB1MMCH6, STM32WBA50KEU6, STM32WBA50KEU6TR, STM32WBA50KGU6, STM32WBA50KGU6TR, STM32WBA52CEU6, STM32WBA52CEU6TR, STM32WBA52CEU7, STM32WBA52CEU7TR, STM32WBA52CGU6, STM32WBA52CGU6TR, STM32WBA52CGU6U, STM32WBA52CGU7, STM32WBA52CGU7TR, STM32WBA52KEU6, STM32WBA52KEU6TR, STM32WBA52KGU6, STM32WBA52KGU6TR, STM32WBA54CEU6, STM32WBA54CEU6TR, STM32WBA54CEU7, STM32WBA54CEU7TR, STM32WBA54CGU6, STM32WBA54CGU6TR, STM32WBA54CGU7, STM32WBA54CGU7TR, STM32WBA54KEU6, STM32WBA54KEU6TR, STM32WBA54KEU7, STM32WBA54KEU7TR, STM32WBA54KGU6, STM32WBA54KGU6TR, STM32WBA54KGU7, STM32WBA54KGU7TR, STM32WBA55CEU6, STM32WBA55CEU6TR, STM32WBA55CEU7, STM32WBA55CEU7TR, STM32WBA55CGU6, STM32WBA55CGU6TR, STM32WBA55CGU6U, STM32WBA55CGU7, STM32WBA55CGU7TR, STM32WBA55G-DK1, STM32WBA55HEF6, STM32WBA55HEF7, STM32WBA55HGF6, STM32WBA55HGF7, STM32WBA55UEI6, STM32WBA55UEI6TR, STM32WBA55UEI7, STM32WBA55UEI7TR, STM32WBA55UGI6, STM32WBA55UGI6TR, STM32WBA55UGI7, STM32WBA55UGI7TR, STM32WL5MOCH6, STM32WL5MOCH6TR]
2023-12-06 17:04:06,904 [INFO] BoardInfo:889 - No configuration file found for board P-NUCLEO-WB55
2023-12-06 17:04:06,904 [INFO] DbBoards:161 - Kit is not supported: P-NUCLEO-WB55
2023-12-06 17:04:06,906 [INFO] BoardInfo:889 - No configuration file found for board STEVAL-BFA001V1B
2023-12-06 17:04:06,906 [INFO] DbBoards:161 - Kit is not supported: STEVAL-BFA001V1B
2023-12-06 17:04:06,907 [INFO] BoardInfo:889 - No configuration file found for board STEVAL-BFA001V2B
2023-12-06 17:04:06,907 [INFO] DbBoards:161 - Kit is not supported: STEVAL-BFA001V2B
2023-12-06 17:04:06,962 [INFO] DbBoards:168 - Found 193 boards, 190 are supported
2023-12-06 17:04:06,963 [INFO] DbBoards:169 - Found 193 boards, 3 of them is supported for  Bsp
2023-12-06 17:04:06,965 [INFO] ApiDb:423 - Load user favorites file C:\Users\hchandegara/.stm32cubeide/favorites.boards.txt: 0 item(s)
2023-12-06 17:04:06,965 [INFO] ApiDb:427 - User favorites Boards=[]
2023-12-06 17:04:06,965 [INFO] DbBoards:198 - Set 0 / 0 favorites Boards
2023-12-06 17:04:07,029 [INFO] UtilMem:75 - End LoadConfig() Used Memory: 277429488 Bytes (861929472)
2023-12-06 17:04:07,059 [INFO] MicroXplorer:468 - Change Database Path : 
2023-12-06 17:04:07,059 [INFO] MicroXplorer:498 - Change Database Version : DB.6.0.100
2023-12-06 17:04:07,059 [WARN] ThirdParty:833 - waiting for thirdparty lock release [change project]
2023-12-06 17:04:07,059 [INFO] ThirdParty:835 - entering critical section [change project]
2023-12-06 17:04:07,059 [INFO] ThirdParty:1030 - CMSIS Pack Vendor :STMicroelectronics X-CUBE-ISPU 1.1.0
2023-12-06 17:04:07,059 [INFO] ThirdParty:1030 - CMSIS Pack Vendor :STMicroelectronics USBPD 4.1
2023-12-06 17:04:07,059 [INFO] ThirdParty:1030 - CMSIS Pack Vendor :STMicroelectronics X-CUBE-GNSS1 6.0.0
2023-12-06 17:04:07,059 [INFO] ThirdParty:1030 - CMSIS Pack Vendor :STMicroelectronics USB_HOST 2.0.0
2023-12-06 17:04:07,060 [INFO] ThirdParty:1030 - CMSIS Pack Vendor :STMicroelectronics X-CUBE-AZRTOS-F4 1.1.0
2023-12-06 17:04:07,060 [INFO] ThirdParty:1030 - CMSIS Pack Vendor :STMicroelectronics LIBJPEG 8.0.0
2023-12-06 17:04:07,060 [INFO] ThirdParty:1030 - CMSIS Pack Vendor :wolfSSL I-CUBE-wolfSSL 5.6.4
2023-12-06 17:04:07,060 [INFO] ThirdParty:1030 - CMSIS Pack Vendor :STMicroelectronics X-CUBE-SMBUS 2.1.0
2023-12-06 17:04:07,060 [INFO] ThirdParty:1030 - CMSIS Pack Vendor :STMicroelectronics USB_DEVICE 3.0.0
2023-12-06 17:04:07,060 [INFO] ThirdParty:1030 - CMSIS Pack Vendor :STMicroelectronics X-CUBE-AZRTOS-WB 2.0.0
2023-12-06 17:04:07,060 [INFO] ThirdParty:1030 - CMSIS Pack Vendor :STMicroelectronics X-CUBE-AZRTOS-F7 1.1.0
2023-12-06 17:04:07,060 [INFO] ThirdParty:1030 - CMSIS Pack Vendor :STMicroelectronics X-CUBE-AZRTOS-L5 2.0.0
2023-12-06 17:04:07,060 [INFO] ThirdParty:1030 - CMSIS Pack Vendor :STMicroelectronics USB_DEVICE 2.0.0
2023-12-06 17:04:07,060 [INFO] ThirdParty:1030 - CMSIS Pack Vendor :STMicroelectronics X-CUBE-EEPRMA1 4.2.0
2023-12-06 17:04:07,060 [INFO] ThirdParty:1030 - CMSIS Pack Vendor :ITTIA_DB I-CUBE-ITTIADB 8.8.0
2023-12-06 17:04:07,060 [INFO] ThirdParty:1030 - CMSIS Pack Vendor :STMicroelectronics FP-SNS-MOTENV1 4.3.2
2023-12-06 17:04:07,060 [INFO] ThirdParty:1030 - CMSIS Pack Vendor :STMicroelectronics X-CUBE-ALGOBUILD 1.3.0
2023-12-06 17:04:07,060 [INFO] ThirdParty:1030 - CMSIS Pack Vendor :STMicroelectronics FreeRTOS 0.0.1
2023-12-06 17:04:07,060 [INFO] ThirdParty:1030 - CMSIS Pack Vendor :STMicroelectronics X-CUBE-AZRTOS-G0 1.1.0
2023-12-06 17:04:07,060 [INFO] ThirdParty:1030 - CMSIS Pack Vendor :STMicroelectronics X-CUBE-NFC4 3.0.0
2023-12-06 17:04:07,060 [INFO] ThirdParty:1030 - CMSIS Pack Vendor :STMicroelectronics X-CUBE-SUBG2 5.0.0
2023-12-06 17:04:07,060 [INFO] ThirdParty:1030 - CMSIS Pack Vendor :STMicroelectronics STM32_WPAN 1.0.0
2023-12-06 17:04:07,060 [INFO] ThirdParty:1030 - CMSIS Pack Vendor :STMicroelectronics lwIP 2.0.3
2023-12-06 17:04:07,060 [INFO] ThirdParty:1030 - CMSIS Pack Vendor :STMicroelectronics FP-SNS-FLIGHT1 5.0.2
2023-12-06 17:04:07,060 [INFO] ThirdParty:1030 - CMSIS Pack Vendor :STMicroelectronics USB_HOST 1.0.0
2023-12-06 17:04:07,060 [INFO] ThirdParty:1030 - CMSIS Pack Vendor :STMicroelectronics X-CUBE-AZRTOS-G4 2.0.0
2023-12-06 17:04:07,060 [INFO] ThirdParty:1030 - CMSIS Pack Vendor :STMicroelectronics PDM2PCM 3.1.0
2023-12-06 17:04:07,060 [INFO] ThirdParty:1030 - CMSIS Pack Vendor :STMicroelectronics X-CUBE-AZRTOS-H7 3.1.0
2023-12-06 17:04:07,060 [INFO] ThirdParty:1030 - CMSIS Pack Vendor :Infineon AIROC-Wi-Fi-Bluetooth-STM32 1.5.1
2023-12-06 17:04:07,060 [INFO] ThirdParty:1030 - CMSIS Pack Vendor :STMicroelectronics X-CUBE-BLEMGR 3.0.0
2023-12-06 17:04:07,060 [INFO] ThirdParty:1030 - CMSIS Pack Vendor :STMicroelectronics PDM2PCM 3.3.0
2023-12-06 17:04:07,060 [INFO] ThirdParty:1030 - CMSIS Pack Vendor :STMicroelectronics X-CUBE-DISPLAY 3.0.0
2023-12-06 17:04:07,060 [INFO] ThirdParty:1030 - CMSIS Pack Vendor :STMicroelectronics FP-SNS-MOTENVWB1 1.3.1
2023-12-06 17:04:07,060 [INFO] ThirdParty:1030 - CMSIS Pack Vendor :STMicroelectronics X-CUBE-BLE1 7.0.0
2023-12-06 17:04:07,060 [INFO] ThirdParty:1030 - CMSIS Pack Vendor :STMicroelectronics FP-ATR-SIGFOX1 3.2.0
2023-12-06 17:04:07,060 [INFO] ThirdParty:1030 - CMSIS Pack Vendor :STMicroelectronics HAL Drivers 0.0.0
2023-12-06 17:04:07,060 [INFO] ThirdParty:1030 - CMSIS Pack Vendor :STMicroelectronics MBEDTLS 2.16.2
2023-12-06 17:04:07,060 [INFO] ThirdParty:1030 - CMSIS Pack Vendor :emotas I-CUBE-CANOPEN 1.3.0
2023-12-06 17:04:07,060 [INFO] ThirdParty:1030 - CMSIS Pack Vendor :STMicroelectronics X-CUBE-MEMS1 10.0.0
2023-12-06 17:04:07,060 [INFO] ThirdParty:1030 - CMSIS Pack Vendor :STMicroelectronics X-CUBE-FREERTOS 1.1.0
2023-12-06 17:04:07,060 [INFO] ThirdParty:1030 - CMSIS Pack Vendor :STMicroelectronics X-CUBE-NFC7 1.0.1
2023-12-06 17:04:07,060 [INFO] ThirdParty:1030 - CMSIS Pack Vendor :STMicroelectronics MBEDTLS 2.14.1
2023-12-06 17:04:07,060 [INFO] ThirdParty:1030 - CMSIS Pack Vendor :STMicroelectronics X-CUBE-TOUCHGFX 4.22.1
2023-12-06 17:04:07,060 [INFO] ThirdParty:1030 - CMSIS Pack Vendor :STMicroelectronics X-CUBE-NFC6 3.0.0
2023-12-06 17:04:07,060 [INFO] ThirdParty:1030 - CMSIS Pack Vendor :portGmbH I-Cube-SoM-uGOAL 1.1.0
2023-12-06 17:04:07,060 [INFO] ThirdParty:1030 - CMSIS Pack Vendor :STMicroelectronics X-CUBE-ALS 1.0.1
2023-12-06 17:04:07,060 [INFO] ThirdParty:1030 - CMSIS Pack Vendor :STMicroelectronics ThreadX 1.0.0
2023-12-06 17:04:07,060 [INFO] ThirdParty:1030 - CMSIS Pack Vendor :STMicroelectronics FP-SNS-SMARTAG2 1.2.0
2023-12-06 17:04:07,060 [INFO] ThirdParty:1030 - CMSIS Pack Vendor :STMicroelectronics X-CUBE-AZRTOS-WL 2.0.0
2023-12-06 17:04:07,060 [INFO] ThirdParty:1030 - CMSIS Pack Vendor :STMicroelectronics USB_DEVICE 1.0.0
2023-12-06 17:04:07,060 [INFO] ThirdParty:1030 - CMSIS Pack Vendor :STMicroelectronics X-CUBE-AI 8.1.0
2023-12-06 17:04:07,060 [INFO] ThirdParty:1030 - CMSIS Pack Vendor :STMicroelectronics X-CUBE-AZRTOS-L4 2.0.0
2023-12-06 17:04:07,060 [INFO] ThirdParty:1030 - CMSIS Pack Vendor :STMicroelectronics ThreadX 0.0.2
2023-12-06 17:04:07,060 [INFO] ThirdParty:1030 - CMSIS Pack Vendor :WES I-CUBE-Cesium 1.3.0
2023-12-06 17:04:07,060 [INFO] ThirdParty:1030 - CMSIS Pack Vendor :STMicroelectronics FP-ATR-ASTRA1 2.0.0
2023-12-06 17:04:07,060 [INFO] ThirdParty:1030 - CMSIS Pack Vendor :STMicroelectronics lwIP 2.1.2
2023-12-06 17:04:07,060 [INFO] ThirdParty:1030 - CMSIS Pack Vendor :STMicroelectronics X-CUBE-SFXS2LP1 4.0.0
2023-12-06 17:04:07,060 [INFO] ThirdParty:1030 - CMSIS Pack Vendor :STMicroelectronics X-CUBE-BLE2 3.3.0
2023-12-06 17:04:07,060 [INFO] ThirdParty:1030 - CMSIS Pack Vendor :STMicroelectronics X-CUBE-TOF1 3.4.0
2023-12-06 17:04:07,060 [INFO] ThirdParty:1030 - CMSIS Pack Vendor :STMicroelectronics PDM2PCM 3.2.0
2023-12-06 17:04:07,061 [INFO] ThirdParty:841 - exiting critical section [change project]
2023-12-06 17:04:07,254 [INFO] PinOutPanel:1499 - setPackage(No Configuration,No Configuration)
2023-12-06 17:04:07,255 [INFO] PinOutPanel:1499 - setPackage(STM32L476RGTx,LQFP64)
2023-12-06 17:04:07,507 [INFO] UtilMem:75 - Before build in PCC Used Memory: 603111512 Bytes (861929472)
2023-12-06 17:04:07,760 [INFO] UtilMem:75 - After build in PCC Used Memory: 683851864 Bytes (861929472)
2023-12-06 17:04:07,777 [INFO] IPUIPlugin:80 - create IPUIPlugin
2023-12-06 17:04:07,777 [INFO] IPUIPlugin:80 - create IPUIPlugin
2023-12-06 17:04:07,777 [INFO] IPUIPlugin:80 - create IPUIPlugin
2023-12-06 17:04:07,777 [INFO] IPUIPlugin:80 - create IPUIPlugin
2023-12-06 17:04:07,777 [INFO] IPUIPlugin:80 - create IPUIPlugin
2023-12-06 17:04:07,777 [INFO] IPUIPlugin:80 - create IPUIPlugin
2023-12-06 17:04:07,778 [INFO] IPUIPlugin:80 - create IPUIPlugin
2023-12-06 17:04:07,778 [INFO] IPUIPlugin:80 - create IPUIPlugin
2023-12-06 17:04:07,778 [INFO] IPUIPlugin:80 - create IPUIPlugin
2023-12-06 17:04:07,778 [INFO] IPUIPlugin:80 - create IPUIPlugin
2023-12-06 17:04:07,778 [INFO] IPUIPlugin:80 - create IPUIPlugin
2023-12-06 17:04:07,778 [INFO] IPUIPlugin:80 - create IPUIPlugin
2023-12-06 17:04:07,778 [INFO] IPUIPlugin:80 - create IPUIPlugin
2023-12-06 17:04:07,778 [INFO] IPUIPlugin:80 - create IPUIPlugin
2023-12-06 17:04:07,778 [INFO] IPUIPlugin:80 - create IPUIPlugin
2023-12-06 17:04:07,778 [INFO] IPUIPlugin:80 - create IPUIPlugin
2023-12-06 17:04:07,778 [INFO] IPUIPlugin:80 - create IPUIPlugin
2023-12-06 17:04:07,778 [INFO] IPUIPlugin:80 - create IPUIPlugin
2023-12-06 17:04:07,778 [INFO] IPUIPlugin:80 - create IPUIPlugin
2023-12-06 17:04:07,778 [INFO] IPUIPlugin:80 - create IPUIPlugin
2023-12-06 17:04:07,779 [INFO] IPUIPlugin:80 - create IPUIPlugin
2023-12-06 17:04:07,779 [INFO] IPUIPlugin:80 - create IPUIPlugin
2023-12-06 17:04:07,779 [INFO] IPUIPlugin:80 - create IPUIPlugin
2023-12-06 17:04:07,779 [INFO] IPUIPlugin:80 - create IPUIPlugin
2023-12-06 17:04:07,779 [INFO] IPUIPlugin:80 - create IPUIPlugin
2023-12-06 17:04:07,779 [INFO] IPUIPlugin:80 - create IPUIPlugin
2023-12-06 17:04:07,779 [INFO] IPUIPlugin:80 - create IPUIPlugin
2023-12-06 17:04:07,779 [INFO] IPUIPlugin:80 - create IPUIPlugin
2023-12-06 17:04:07,779 [INFO] IPUIPlugin:80 - create IPUIPlugin
2023-12-06 17:04:07,779 [INFO] IPUIPlugin:80 - create IPUIPlugin
2023-12-06 17:04:07,780 [INFO] IPUIPlugin:80 - create IPUIPlugin
2023-12-06 17:04:07,780 [INFO] IPUIPlugin:80 - create IPUIPlugin
2023-12-06 17:04:07,789 [INFO] IPUIPlugin:80 - create IPUIPlugin
2023-12-06 17:04:07,789 [INFO] IPUIPlugin:80 - create IPUIPlugin
2023-12-06 17:04:07,789 [INFO] IPUIPlugin:80 - create IPUIPlugin
2023-12-06 17:04:07,790 [INFO] IPUIPlugin:80 - create IPUIPlugin
2023-12-06 17:04:07,790 [INFO] IPUIPlugin:80 - create IPUIPlugin
2023-12-06 17:04:07,790 [INFO] IPUIPlugin:80 - create IPUIPlugin
2023-12-06 17:04:07,790 [INFO] IPUIPlugin:80 - create IPUIPlugin
2023-12-06 17:04:07,790 [INFO] IPUIPlugin:80 - create IPUIPlugin
2023-12-06 17:04:07,790 [INFO] IPUIPlugin:80 - create IPUIPlugin
2023-12-06 17:04:07,791 [INFO] IPUIPlugin:80 - create IPUIPlugin
2023-12-06 17:04:07,791 [INFO] IPUIPlugin:80 - create IPUIPlugin
2023-12-06 17:04:07,791 [INFO] IPUIPlugin:80 - create IPUIPlugin
2023-12-06 17:04:07,791 [INFO] IPUIPlugin:80 - create IPUIPlugin
2023-12-06 17:04:07,791 [INFO] IPUIPlugin:80 - create IPUIPlugin
2023-12-06 17:04:07,791 [INFO] IPUIPlugin:80 - create IPUIPlugin
2023-12-06 17:04:07,792 [INFO] IPUIPlugin:80 - create IPUIPlugin
2023-12-06 17:04:07,792 [INFO] IPUIPlugin:80 - create IPUIPlugin
2023-12-06 17:04:07,792 [INFO] IPUIPlugin:80 - create IPUIPlugin
2023-12-06 17:04:07,792 [INFO] IPUIPlugin:80 - create IPUIPlugin
2023-12-06 17:04:07,792 [INFO] IPUIPlugin:80 - create IPUIPlugin
2023-12-06 17:04:07,793 [INFO] IPUIPlugin:80 - create IPUIPlugin
2023-12-06 17:04:07,793 [INFO] IPUIPlugin:80 - create IPUIPlugin
2023-12-06 17:04:07,793 [INFO] IPUIPlugin:80 - create IPUIPlugin
2023-12-06 17:04:07,793 [INFO] IPUIPlugin:80 - create IPUIPlugin
2023-12-06 17:04:07,793 [INFO] IPUIPlugin:80 - create IPUIPlugin
2023-12-06 17:04:07,794 [INFO] IPUIPlugin:80 - create IPUIPlugin
2023-12-06 17:04:07,795 [INFO] IPUIPlugin:80 - create IPUIPlugin
2023-12-06 17:04:07,813 [INFO] CADModel:165 - CPN selected for project levelSTM32L476RGT3
2023-12-06 17:04:07,813 [INFO] CADModel:114 - Register for checkConnection events
2023-12-06 17:04:07,867 [INFO] OpenFileManager:343 - Restore cursor
2023-12-06 19:00:37,274 [ERROR] LogOutputStream:75 - [STDERR_REDIRECT] 
