2023-12-05 10:12:28,548 [INFO] Activator:176 - 


2023-12-05 10:12:28,548 [INFO] Activator:177 - !SESSION log4j initialized
2023-12-05 10:12:35,584 [INFO] LogOutputStream:77 - [STDOUT_REDIRECT] 
2023-12-05 10:12:38,299 [INFO] ApplicationProperties:184 - Using Application install path: D:\Non-Project\STM CubeIDE\STM32CubeIDE_1.14.0\STM32CubeIDE\plugins\com.st.stm32cube.common.mx_6.10.0.202311202037
2023-12-05 10:12:38,343 [INFO] DbMcusXml:78 - Set database path to: D:\Non-Project\STM CubeIDE\STM32CubeIDE_1.14.0\STM32CubeIDE\plugins\com.st.stm32cube.common.mx_6.10.0.202311202037\\db\/mcu/
2023-12-05 10:12:38,344 [INFO] ApiDb:274 - Set plugin database path to: D:\Non-Project\STM CubeIDE\STM32CubeIDE_1.14.0\STM32CubeIDE\plugins\com.st.stm32cube.common.mx_6.10.0.202311202037\\db\/plugins/boardmanager/
2023-12-05 10:12:38,345 [WARN] ApiDb:259 - Overriding images path with different value:  => D:\Non-Project\STM CubeIDE\STM32CubeIDE_1.14.0\STM32CubeIDE\plugins\com.st.stm32cube.common.mx_6.10.0.202311202037\\db\/plugins/mcufinder/images/
2023-12-05 10:12:38,382 [INFO] ApiDb:250 - Set database path to: C:\Users\hchandegara\.stmcufinder\plugins\mcufinder//mcu/
2023-12-05 10:12:38,386 [INFO] DbMcusAds:125 - Set database path to: C:\Users\hchandegara\.stmcufinder\plugins\mcufinder//mcu/
2023-12-05 10:12:38,390 [INFO] CrossReferenceDbSqlite:203 - Set database path to: C:\Users\hchandegara\.stmcufinder\plugins\mcufinder//mcu/cs/
2023-12-05 10:12:38,640 [INFO] RulesReader:64 - Compatibility file has been processed (297 Rules)
2023-12-05 10:12:38,851 [INFO] DbMcusXml:78 - Set database path to: D:\Non-Project\STM CubeIDE\STM32CubeIDE_1.14.0\STM32CubeIDE\plugins\com.st.stm32cube.common.mx_6.10.0.202311202037\\db\/mcu/
2023-12-05 10:12:38,851 [INFO] ApiDb:274 - Set plugin database path to: D:\Non-Project\STM CubeIDE\STM32CubeIDE_1.14.0\STM32CubeIDE\plugins\com.st.stm32cube.common.mx_6.10.0.202311202037\\db\/plugins/boardmanager/
2023-12-05 10:12:38,851 [INFO] ApiDb:261 - Set plugin images path to: D:\Non-Project\STM CubeIDE\STM32CubeIDE_1.14.0\STM32CubeIDE\plugins\com.st.stm32cube.common.mx_6.10.0.202311202037\\db\/plugins/mcufinder/images/
2023-12-05 10:12:38,852 [WARN] DbFile:41 - Overriding database path with different value: C:\Users\hchandegara\.stmcufinder\plugins\mcufinder/ => C:\Users\hchandegara\.stmcufinder\plugins\mcufinder
2023-12-05 10:12:38,852 [INFO] ApiDb:250 - Set database path to: C:\Users\hchandegara\.stmcufinder\plugins\mcufinder//mcu/
2023-12-05 10:12:38,852 [WARN] DbFile:41 - Overriding database path with different value: C:\Users\hchandegara\.stmcufinder\plugins\mcufinder/ => C:\Users\hchandegara\.stmcufinder\plugins\mcufinder
2023-12-05 10:12:38,852 [INFO] DbMcusAds:125 - Set database path to: C:\Users\hchandegara\.stmcufinder\plugins\mcufinder//mcu/
2023-12-05 10:12:38,852 [WARN] DbFile:41 - Overriding database path with different value: C:\Users\hchandegara\.stmcufinder\plugins\mcufinder/ => C:\Users\hchandegara\.stmcufinder\plugins\mcufinder
2023-12-05 10:12:38,852 [WARN] DbFile:41 - Overriding database path with different value: C:\Users\hchandegara\.stmcufinder\plugins\mcufinder/ => C:\Users\hchandegara\.stmcufinder\plugins\mcufinder
2023-12-05 10:12:38,852 [INFO] CrossReferenceDbSqlite:203 - Set database path to: C:\Users\hchandegara\.stmcufinder\plugins\mcufinder//mcu/cs/
2023-12-05 10:12:39,088 [INFO] MainPanel:264 - HeapMemory: 268435456
2023-12-05 10:12:39,335 [INFO] DbMcusXml:78 - Set database path to: D:\Non-Project\STM CubeIDE\STM32CubeIDE_1.14.0\STM32CubeIDE\plugins\com.st.stm32cube.common.mx_6.10.0.202311202037\\db\/mcu/
2023-12-05 10:12:39,336 [INFO] ApiDb:274 - Set plugin database path to: D:\Non-Project\STM CubeIDE\STM32CubeIDE_1.14.0\STM32CubeIDE\plugins\com.st.stm32cube.common.mx_6.10.0.202311202037\\db\/plugins/boardmanager/
2023-12-05 10:12:39,336 [INFO] ApiDb:261 - Set plugin images path to: D:\Non-Project\STM CubeIDE\STM32CubeIDE_1.14.0\STM32CubeIDE\plugins\com.st.stm32cube.common.mx_6.10.0.202311202037\\db\/plugins/mcufinder/images/
2023-12-05 10:12:39,336 [WARN] DbFile:41 - Overriding database path with different value: C:\Users\hchandegara\.stmcufinder\plugins\mcufinder/ => C:\Users\hchandegara\.stmcufinder\plugins\mcufinder
2023-12-05 10:12:39,337 [INFO] ApiDb:250 - Set database path to: C:\Users\hchandegara\.stmcufinder\plugins\mcufinder//mcu/
2023-12-05 10:12:39,337 [WARN] DbFile:41 - Overriding database path with different value: C:\Users\hchandegara\.stmcufinder\plugins\mcufinder/ => C:\Users\hchandegara\.stmcufinder\plugins\mcufinder
2023-12-05 10:12:39,337 [INFO] DbMcusAds:125 - Set database path to: C:\Users\hchandegara\.stmcufinder\plugins\mcufinder//mcu/
2023-12-05 10:12:39,337 [WARN] DbFile:41 - Overriding database path with different value: C:\Users\hchandegara\.stmcufinder\plugins\mcufinder/ => C:\Users\hchandegara\.stmcufinder\plugins\mcufinder
2023-12-05 10:12:39,337 [WARN] DbFile:41 - Overriding database path with different value: C:\Users\hchandegara\.stmcufinder\plugins\mcufinder/ => C:\Users\hchandegara\.stmcufinder\plugins\mcufinder
2023-12-05 10:12:39,337 [INFO] CrossReferenceDbSqlite:203 - Set database path to: C:\Users\hchandegara\.stmcufinder\plugins\mcufinder//mcu/cs/
2023-12-05 10:12:39,380 [INFO] ApplicationProperties:184 - Using Application install path: D:\Non-Project\STM CubeIDE\STM32CubeIDE_1.14.0\STM32CubeIDE\plugins\com.st.stm32cube.common.mx_6.10.0.202311202037
2023-12-05 10:12:39,384 [INFO] PluginManage:196 - Search for loadable plugins [exclusion list=, ]
2023-12-05 10:12:39,387 [INFO] PluginManage:310 - Check plugin analytics
2023-12-05 10:12:39,736 [INFO] AnalyticsPlugin:253 - Accepted Software Licenses: STM32CubeMX.6.9.2,STM32CubeMX.6.10.0
2023-12-05 10:12:39,736 [INFO] AnalyticsPlugin:255 - Accepted CMSIS Pack Licenses: 
2023-12-05 10:12:39,737 [INFO] AnalyticsPlugin:257 - Accepted Firmware Licenses: FW.L4.1.18.0
2023-12-05 10:12:39,740 [INFO] PluginManage:359 - Loaded plugin analytics (category:tool,tabindex:-1)
2023-12-05 10:12:39,741 [INFO] PluginManage:310 - Check plugin cadmodel
2023-12-05 10:12:39,780 [INFO] CADModel:105 - Init CAD model plugin
2023-12-05 10:12:39,780 [INFO] PluginManage:359 - Loaded plugin cadmodel (category:power,tabindex:5)
2023-12-05 10:12:39,781 [INFO] PluginManage:310 - Check plugin clock
2023-12-05 10:12:39,815 [INFO] PluginManage:359 - Loaded plugin clock (category:base,tabindex:2)
2023-12-05 10:12:39,815 [INFO] PluginManage:310 - Check plugin ddr
2023-12-05 10:12:39,820 [INFO] PluginManage:359 - Loaded plugin ddr (category:tool,tabindex:6)
2023-12-05 10:12:39,821 [INFO] PluginManage:310 - Check plugin filemanager
2023-12-05 10:12:40,112 [INFO] PluginManage:359 - Loaded plugin filemanager (category:base,tabindex:10)
2023-12-05 10:12:40,112 [INFO] PluginManage:310 - Check plugin ipmanager
2023-12-05 10:12:40,128 [INFO] PluginManage:359 - Loaded plugin ipmanager (category:base,tabindex:5)
2023-12-05 10:12:40,129 [INFO] PluginManage:310 - Check plugin lpbam
2023-12-05 10:12:40,157 [INFO] PluginManage:359 - Loaded plugin lpbam (category:base,tabindex:0)
2023-12-05 10:12:40,157 [INFO] PluginManage:310 - Check plugin memorymap
2023-12-05 10:12:40,184 [INFO] PluginManage:359 - Loaded plugin memorymap (category:base,tabindex:4)
2023-12-05 10:12:40,184 [INFO] PluginManage:310 - Check plugin pinoutandconfiguration
2023-12-05 10:12:40,209 [INFO] PluginManage:359 - Loaded plugin pinoutandconfiguration (category:base,tabindex:1)
2023-12-05 10:12:40,209 [INFO] PluginManage:310 - Check plugin pinoutconfig
2023-12-05 10:12:40,316 [WARN] SupportedApi:132 - Cannot load RTOS API schema: s4s-elt-must-match.1: The content of 'definitions' must match (annotation?, (simpleType | complexType)?, (unique | key | keyref)*)). A problem was found starting at: attribute.
2023-12-05 10:12:40,506 [INFO] PluginManage:359 - Loaded plugin pinoutconfig (category:base,tabindex:0)
2023-12-05 10:12:40,506 [INFO] PluginManage:310 - Check plugin power
2023-12-05 10:12:40,536 [INFO] PluginManage:359 - Loaded plugin power (category:power,tabindex:4)
2023-12-05 10:12:40,536 [INFO] PluginManage:310 - Check plugin projectmanager
2023-12-05 10:12:40,555 [INFO] PluginManage:359 - Loaded plugin projectmanager (category:projectmanager,tabindex:3)
2023-12-05 10:12:40,556 [INFO] PluginManage:310 - Check plugin thirdparty
2023-12-05 10:12:40,987 [INFO] PluginManage:359 - Loaded plugin thirdparty (category:base,tabindex:-1)
2023-12-05 10:12:40,987 [INFO] PluginManage:310 - Check plugin tools
2023-12-05 10:12:40,987 [WARN] IntegrityCheckThread:84 - waiting for thirdparty lock release [integrity check]
2023-12-05 10:12:40,988 [INFO] IntegrityCheckThread:86 - entering critical section [integrity check]
2023-12-05 10:12:40,989 [INFO] ThirdPartyUpdaterWithRetryManager:70 - Updater plugin not ready yet. [1/15]
2023-12-05 10:12:41,027 [INFO] PluginManage:359 - Loaded plugin tools (category:base,tabindex:7)
2023-12-05 10:12:41,027 [INFO] PluginManage:310 - Check plugin tutovideos
2023-12-05 10:12:41,365 [INFO] PluginManage:359 - Loaded plugin tutovideos (category:base,tabindex:-1)
2023-12-05 10:12:41,366 [INFO] PluginManage:310 - Check plugin updater
2023-12-05 10:12:41,394 [INFO] PluginManage:359 - Loaded plugin updater (category:base,tabindex:12)
2023-12-05 10:12:41,395 [INFO] PluginManage:310 - Check plugin userauth
2023-12-05 10:12:41,405 [INFO] UserAuth:114 - Init User Auth plugin
2023-12-05 10:12:41,405 [INFO] PluginManage:359 - Loaded plugin userauth (category:base,tabindex:14)
2023-12-05 10:12:41,407 [INFO] PluginManage:283 - PluginManage : Loaded plugins [17]
2023-12-05 10:12:41,804 [INFO] PinOutPanel:1499 - setPackage(No Configuration,No Configuration)
2023-12-05 10:12:41,945 [INFO] CADModel:165 - CPN selected for project level
2023-12-05 10:12:41,946 [INFO] CADModel:114 - Register for checkConnection events
2023-12-05 10:12:41,991 [INFO] IPUIPlugin:80 - create IPUIPlugin
2023-12-05 10:12:41,992 [INFO] PluginManager:220 - loadIPPluginJar : add adc
2023-12-05 10:12:42,055 [INFO] IPUIPlugin:80 - create IPUIPlugin
2023-12-05 10:12:42,056 [INFO] PluginManager:220 - loadIPPluginJar : add aes
2023-12-05 10:12:42,129 [INFO] IPUIPlugin:80 - create IPUIPlugin
2023-12-05 10:12:42,129 [INFO] PluginManager:220 - loadIPPluginJar : add can
2023-12-05 10:12:42,172 [INFO] IPUIPlugin:80 - create IPUIPlugin
2023-12-05 10:12:42,173 [INFO] PluginManager:220 - loadIPPluginJar : add comp
2023-12-05 10:12:42,239 [INFO] IPUIPlugin:80 - create IPUIPlugin
2023-12-05 10:12:42,240 [INFO] PluginManager:220 - loadIPPluginJar : add cryp
2023-12-05 10:12:42,296 [INFO] IPUIPlugin:80 - create IPUIPlugin
2023-12-05 10:12:42,296 [INFO] PluginManager:220 - loadIPPluginJar : add dfsdm
2023-12-05 10:12:42,321 [INFO] IPUIPlugin:80 - create IPUIPlugin
2023-12-05 10:12:42,322 [INFO] PluginManager:220 - loadIPPluginJar : add dma
2023-12-05 10:12:42,417 [INFO] IPUIPlugin:80 - create IPUIPlugin
2023-12-05 10:12:42,417 [INFO] PluginManager:220 - loadIPPluginJar : add dma3
2023-12-05 10:12:42,457 [INFO] IPUIPlugin:80 - create IPUIPlugin
2023-12-05 10:12:42,458 [INFO] PluginManager:220 - loadIPPluginJar : add fatfs
2023-12-05 10:12:42,541 [INFO] IPUIPlugin:80 - create IPUIPlugin
2023-12-05 10:12:42,541 [INFO] PluginManager:220 - loadIPPluginJar : add fmc
2023-12-05 10:12:42,570 [INFO] IPUIPlugin:80 - create IPUIPlugin
2023-12-05 10:12:42,571 [INFO] PluginManager:220 - loadIPPluginJar : add freertos
2023-12-05 10:12:42,610 [INFO] IPUIPlugin:80 - create IPUIPlugin
2023-12-05 10:12:42,610 [INFO] PluginManager:220 - loadIPPluginJar : add genericplugin
2023-12-05 10:12:42,783 [INFO] IPUIPlugin:80 - create IPUIPlugin
2023-12-05 10:12:42,783 [INFO] PluginManager:220 - loadIPPluginJar : add gfxmmu
2023-12-05 10:12:43,031 [INFO] IPUIPlugin:80 - create IPUIPlugin
2023-12-05 10:12:43,032 [INFO] PluginManager:220 - loadIPPluginJar : add gic
2023-12-05 10:12:43,052 [INFO] IPUIPlugin:80 - create IPUIPlugin
2023-12-05 10:12:43,052 [INFO] PluginManager:220 - loadIPPluginJar : add gpio
2023-12-05 10:12:43,153 [INFO] IPUIPlugin:80 - create IPUIPlugin
2023-12-05 10:12:43,153 [INFO] PluginManager:220 - loadIPPluginJar : add gtzc
2023-12-05 10:12:43,216 [INFO] IPUIPlugin:80 - create IPUIPlugin
2023-12-05 10:12:43,216 [INFO] PluginManager:220 - loadIPPluginJar : add hash
2023-12-05 10:12:43,304 [INFO] IPUIPlugin:80 - create IPUIPlugin
2023-12-05 10:12:43,304 [INFO] PluginManager:220 - loadIPPluginJar : add i2c
2023-12-05 10:12:43,384 [INFO] IPUIPlugin:80 - create IPUIPlugin
2023-12-05 10:12:43,385 [INFO] PluginManager:220 - loadIPPluginJar : add i2s
2023-12-05 10:12:43,460 [INFO] IPUIPlugin:80 - create IPUIPlugin
2023-12-05 10:12:43,461 [INFO] PluginManager:220 - loadIPPluginJar : add i3c
2023-12-05 10:12:43,627 [INFO] IPUIPlugin:80 - create IPUIPlugin
2023-12-05 10:12:43,627 [INFO] PluginManager:220 - loadIPPluginJar : add ipddr
2023-12-05 10:12:43,785 [INFO] IPUIPlugin:80 - create IPUIPlugin
2023-12-05 10:12:43,786 [INFO] PluginManager:220 - loadIPPluginJar : add linkedlist
2023-12-05 10:12:43,851 [INFO] IPUIPlugin:80 - create IPUIPlugin
2023-12-05 10:12:43,852 [INFO] PluginManager:220 - loadIPPluginJar : add lorawan
2023-12-05 10:12:43,922 [INFO] IPUIPlugin:80 - create IPUIPlugin
2023-12-05 10:12:43,922 [INFO] PluginManager:220 - loadIPPluginJar : add ltdc
2023-12-05 10:12:43,954 [INFO] IPUIPlugin:80 - create IPUIPlugin
2023-12-05 10:12:43,954 [INFO] PluginManager:220 - loadIPPluginJar : add mdma
2023-12-05 10:12:43,987 [INFO] IPUIPlugin:80 - create IPUIPlugin
2023-12-05 10:12:43,988 [INFO] PluginManager:220 - loadIPPluginJar : add nvic
2023-12-05 10:12:43,994 [INFO] ThirdPartyUpdaterWithRetryManager:70 - Updater plugin not ready yet. [2/15]
2023-12-05 10:12:44,067 [INFO] IPUIPlugin:80 - create IPUIPlugin
2023-12-05 10:12:44,067 [INFO] PluginManager:220 - loadIPPluginJar : add opamp
2023-12-05 10:12:44,179 [INFO] IPUIPlugin:80 - create IPUIPlugin
2023-12-05 10:12:44,180 [INFO] PluginManager:220 - loadIPPluginJar : add openamp
2023-12-05 10:12:44,257 [INFO] IPUIPlugin:80 - create IPUIPlugin
2023-12-05 10:12:44,257 [INFO] PluginManager:220 - loadIPPluginJar : add pdm2pcm
2023-12-05 10:12:44,285 [INFO] IPUIPlugin:80 - create IPUIPlugin
2023-12-05 10:12:44,292 [INFO] PluginManager:220 - loadIPPluginJar : add plateformsettings
2023-12-05 10:12:44,334 [INFO] IPUIPlugin:80 - create IPUIPlugin
2023-12-05 10:12:44,334 [INFO] PluginManager:220 - loadIPPluginJar : add quadspi
2023-12-05 10:12:44,370 [INFO] IPUIPlugin:80 - create IPUIPlugin
2023-12-05 10:12:44,370 [INFO] PluginManager:220 - loadIPPluginJar : add resmgrutility
2023-12-05 10:12:44,457 [INFO] IPUIPlugin:80 - create IPUIPlugin
2023-12-05 10:12:44,458 [INFO] PluginManager:220 - loadIPPluginJar : add sai
2023-12-05 10:12:44,533 [INFO] IPUIPlugin:80 - create IPUIPlugin
2023-12-05 10:12:44,534 [INFO] PluginManager:220 - loadIPPluginJar : add spi
2023-12-05 10:12:44,647 [INFO] IPUIPlugin:80 - create IPUIPlugin
2023-12-05 10:12:44,648 [INFO] PluginManager:220 - loadIPPluginJar : add stm32_wpan
2023-12-05 10:12:44,700 [INFO] IPUIPlugin:80 - create IPUIPlugin
2023-12-05 10:12:44,701 [INFO] PluginManager:220 - loadIPPluginJar : add tim
2023-12-05 10:12:44,793 [INFO] IPUIPlugin:80 - create IPUIPlugin
2023-12-05 10:12:44,793 [INFO] PluginManager:220 - loadIPPluginJar : add touchsensing
2023-12-05 10:12:44,836 [INFO] IPUIPlugin:80 - create IPUIPlugin
2023-12-05 10:12:44,836 [INFO] PluginManager:220 - loadIPPluginJar : add tracer_emb
2023-12-05 10:12:44,897 [INFO] IPUIPlugin:80 - create IPUIPlugin
2023-12-05 10:12:44,897 [INFO] PluginManager:220 - loadIPPluginJar : add ts
2023-12-05 10:12:44,936 [INFO] IPUIPlugin:80 - create IPUIPlugin
2023-12-05 10:12:44,936 [INFO] PluginManager:220 - loadIPPluginJar : add tsc
2023-12-05 10:12:44,985 [INFO] IPUIPlugin:80 - create IPUIPlugin
2023-12-05 10:12:44,985 [INFO] PluginManager:220 - loadIPPluginJar : add ucpd
2023-12-05 10:12:45,061 [INFO] IPUIPlugin:80 - create IPUIPlugin
2023-12-05 10:12:45,062 [INFO] PluginManager:220 - loadIPPluginJar : add usart
2023-12-05 10:12:45,135 [INFO] IPUIPlugin:80 - create IPUIPlugin
2023-12-05 10:12:45,136 [INFO] PluginManager:220 - loadIPPluginJar : add usbx
2023-12-05 10:12:45,420 [INFO] CADModel:165 - CPN selected for project level
2023-12-05 10:12:45,420 [INFO] CADModel:114 - Register for checkConnection events
2023-12-05 10:12:45,420 [FATAL] Updater:308 - Updater called before beeing initialized
2023-12-05 10:12:45,420 [ERROR] CADModel:125 - Updater not yet initialized, retry later 
2023-12-05 10:12:45,765 [INFO] CADModel:165 - CPN selected for project level
2023-12-05 10:12:45,765 [INFO] CADModel:114 - Register for checkConnection events
2023-12-05 10:12:45,765 [FATAL] Updater:308 - Updater called before beeing initialized
2023-12-05 10:12:45,765 [ERROR] CADModel:125 - Updater not yet initialized, retry later 
2023-12-05 10:12:45,771 [FATAL] Updater:308 - Updater called before beeing initialized
2023-12-05 10:12:46,121 [FATAL] Updater:308 - Updater called before beeing initialized
2023-12-05 10:12:46,143 [INFO] DbMcusAds:53 - JSON generation date=Wed Nov 29 16:22:38 IST 2023 (1701255158764)
2023-12-05 10:12:46,143 [FATAL] Updater:308 - Updater called before beeing initialized
2023-12-05 10:12:46,291 [WARN] DetailPanel:346 - Failed to get advertising image, set to default
2023-12-05 10:12:46,567 [FATAL] Updater:308 - Updater called before beeing initialized
2023-12-05 10:12:46,570 [FATAL] Updater:308 - Updater called before beeing initialized
2023-12-05 10:12:46,570 [FATAL] Updater:308 - Updater called before beeing initialized
2023-12-05 10:12:46,570 [WARN] DetailPanel:346 - Failed to get advertising image, set to default
2023-12-05 10:12:46,572 [FATAL] Updater:308 - Updater called before beeing initialized
2023-12-05 10:12:46,659 [ERROR] Updater:1120 - MainUpdater not yet initialized. External WinMGr cannot be set.
2023-12-05 10:12:46,676 [INFO] Updater:1056 - Updater Version found : 6.10.0
2023-12-05 10:12:46,710 [INFO] ApplicationProperties:184 - Using Application install path: D:\Non-Project\STM CubeIDE\STM32CubeIDE_1.14.0\STM32CubeIDE\plugins\com.st.stm32cube.common.mx_6.10.0.202311202037
2023-12-05 10:12:46,997 [INFO] ThirdPartyUpdaterWithRetryManager:70 - Updater plugin not ready yet. [3/15]
2023-12-05 10:12:47,255 [INFO] MainUpdater:2873 - connection check result : 10
2023-12-05 10:12:47,256 [INFO] MainUpdater:290 - Updater Check For Update Now.
2023-12-05 10:12:47,256 [INFO] MicroXplorer:498 - Change Database Version : DB.6.0.100
2023-12-05 10:12:47,279 [INFO] McuFinderGlobals:63 - Set McuFinder mode to 2 (CubeIDE integrated)
2023-12-05 10:12:47,279 [INFO] UserAuth:180 - activating auth plugin
2023-12-05 10:12:47,284 [INFO] UserAuth:404 - Internet connection configuration mode: 1
2023-12-05 10:12:47,333 [INFO] JxBrowserEngine:152 - Initiate JxBrowser Engine with user profile folder
2023-12-05 10:12:47,561 [INFO] CheckServerUpdateThread:120 - End of CheckServer Thread
2023-12-05 10:12:50,373 [WARN] PackLoader:240 - Cannot read IP mode file for STMicroelectronics.X-CUBE-SMBUS.2.1.0
2023-12-05 10:12:50,443 [WARN] PackLoader:240 - Cannot read IP mode file for STMicroelectronics.X-CUBE-AZRTOS-F7.1.1.0
2023-12-05 10:12:50,475 [WARN] PackLoader:240 - Cannot read IP mode file for STMicroelectronics.FP-SNS-MOTENV1.4.3.2
2023-12-05 10:12:50,500 [WARN] PackLoader:240 - Cannot read IP mode file for STMicroelectronics.FP-SNS-FLIGHT1.5.0.2
2023-12-05 10:12:50,540 [WARN] PackLoader:240 - Cannot read IP mode file for STMicroelectronics.X-CUBE-DISPLAY.3.0.0
2023-12-05 10:12:50,592 [WARN] PackLoader:240 - Cannot read IP mode file for STMicroelectronics.X-CUBE-BLE1.7.0.0
2023-12-05 10:12:50,626 [WARN] PackLoader:240 - Cannot read IP mode file for emotas.I-CUBE-CANOPEN.1.3.0
2023-12-05 10:12:50,651 [WARN] PackLoader:240 - Cannot read IP mode file for STMicroelectronics.X-CUBE-TOUCHGFX.4.22.1
2023-12-05 10:12:50,682 [WARN] PackLoader:240 - Cannot read IP mode file for STMicroelectronics.FP-SNS-SMARTAG2.1.2.0
2023-12-05 10:12:50,715 [INFO] LogOutputStream:77 - [STDOUT_REDIRECT] 1 : Invalid condition id : UX_CORESTACK_Condition cause : null
2023-12-05 10:12:50,716 [INFO] LogOutputStream:77 - [STDOUT_REDIRECT] 1 : Invalid condition id : UX_CORESTACK_Condition cause : null
2023-12-05 10:12:50,719 [INFO] LogOutputStream:77 - [STDOUT_REDIRECT] 1 : Invalid condition id : UX_CORESTACK_Condition cause : null
2023-12-05 10:12:50,722 [INFO] LogOutputStream:77 - [STDOUT_REDIRECT] 1 : Invalid condition id : UX_CORESTACK_Condition cause : null
2023-12-05 10:12:50,724 [INFO] LogOutputStream:77 - [STDOUT_REDIRECT] 1 : Invalid condition id : UX_CORESTACK_Condition cause : null
2023-12-05 10:12:50,731 [WARN] PackLoader:240 - Cannot read IP mode file for STMicroelectronics.X-CUBE-AZRTOS-WL.2.0.0
2023-12-05 10:12:50,757 [WARN] PackLoader:240 - Cannot read IP mode file for WES.I-CUBE-Cesium.1.3.0
2023-12-05 10:12:50,781 [WARN] PackLoader:240 - Cannot read IP mode file for STMicroelectronics.X-CUBE-BLE2.3.3.0
2023-12-05 10:12:50,805 [WARN] PackLoader:240 - Cannot read IP mode file for STMicroelectronics.X-CUBE-ALGOBUILD.1.3.0
2023-12-05 10:12:50,851 [WARN] PackLoader:240 - Cannot read IP mode file for STMicroelectronics.X-CUBE-AZRTOS-G0.1.1.0
2023-12-05 10:12:50,888 [WARN] PackLoader:240 - Cannot read IP mode file for STMicroelectronics.X-CUBE-NFC4.3.0.0
2023-12-05 10:12:50,926 [WARN] PackLoader:240 - Cannot read IP mode file for STMicroelectronics.X-CUBE-BLEMGR.3.0.0
2023-12-05 10:12:50,962 [WARN] PackLoader:240 - Cannot read IP mode file for STMicroelectronics.FP-ATR-SIGFOX1.3.2.0
2023-12-05 10:12:50,993 [WARN] PackLoader:240 - Cannot read IP mode file for STMicroelectronics.X-CUBE-GNSS1.6.0.0
2023-12-05 10:12:51,042 [WARN] PackLoader:240 - Cannot read IP mode file for STMicroelectronics.X-CUBE-AZRTOS-F4.1.1.0
2023-12-05 10:12:51,073 [WARN] PackLoader:240 - Cannot read IP mode file for wolfSSL.I-CUBE-wolfSSL.5.6.4
2023-12-05 10:12:51,134 [WARN] PackLoader:240 - Cannot read IP mode file for STMicroelectronics.X-CUBE-AZRTOS-L5.2.0.0
2023-12-05 10:12:51,164 [WARN] PackLoader:240 - Cannot read IP mode file for STMicroelectronics.X-CUBE-EEPRMA1.4.2.0
2023-12-05 10:12:51,194 [WARN] PackLoader:240 - Cannot read IP mode file for ITTIA_DB.I-CUBE-ITTIADB.8.8.0
2023-12-05 10:12:51,273 [WARN] ConditionMgr:438 - getConditionDescription Invalid condition id : UX DEVICE CLASS RTOS Condition cause : null
2023-12-05 10:12:51,274 [WARN] ConditionMgr:438 - getConditionDescription Invalid condition id : UX DEVICE CLASS RTOS Condition cause : null
2023-12-05 10:12:51,281 [WARN] PackLoader:240 - Cannot read IP mode file for STMicroelectronics.X-CUBE-AZRTOS-H7.3.1.0
2023-12-05 10:12:51,284 [WARN] ConditionMgr:1039 - genDependencies : Invalid condition id : UX DEVICE CLASS RTOS Condition cause : null
2023-12-05 10:12:51,285 [WARN] ConditionMgr:1039 - genDependencies : Invalid condition id : UX DEVICE CLASS RTOS Condition cause : null
2023-12-05 10:12:51,287 [WARN] ConditionMgr:1039 - genDependencies : Invalid condition id : UX DEVICE CLASS RTOS Condition cause : null
2023-12-05 10:12:51,288 [WARN] ConditionMgr:1039 - genDependencies : Invalid condition id : UX DEVICE CLASS RTOS Condition cause : null
2023-12-05 10:12:51,288 [WARN] ConditionMgr:1039 - genDependencies : Invalid condition id : UX DEVICE CLASS RTOS Condition cause : null
2023-12-05 10:12:51,319 [WARN] PackLoader:240 - Cannot read IP mode file for STMicroelectronics.X-CUBE-NFC7.1.0.1
2023-12-05 10:12:51,356 [WARN] PackLoader:240 - Cannot read IP mode file for STMicroelectronics.X-CUBE-NFC6.3.0.0
2023-12-05 10:12:51,386 [WARN] PackLoader:240 - Cannot read IP mode file for STMicroelectronics.X-CUBE-AI.8.1.0
2023-12-05 10:12:51,446 [WARN] ConditionMgr:438 - getConditionDescription Invalid condition id : LAN8742 Phy interface Condition cause : null
2023-12-05 10:12:51,448 [WARN] PackLoader:240 - Cannot read IP mode file for STMicroelectronics.X-CUBE-AZRTOS-L4.2.0.0
2023-12-05 10:12:51,451 [WARN] ConditionMgr:1039 - genDependencies : Invalid condition id : LAN8742 Phy interface Condition cause : null
2023-12-05 10:12:51,452 [WARN] ConditionMgr:1039 - genDependencies : Invalid condition id : LAN8742 Phy interface Condition cause : null
2023-12-05 10:12:51,453 [WARN] ConditionMgr:1039 - genDependencies : Invalid condition id : LAN8742 Phy interface Condition cause : null
2023-12-05 10:12:51,487 [WARN] PackLoader:240 - Cannot read IP mode file for STMicroelectronics.X-CUBE-SFXS2LP1.4.0.0
2023-12-05 10:12:51,516 [WARN] PackLoader:240 - Cannot read IP mode file for STMicroelectronics.X-CUBE-ISPU.1.1.0
2023-12-05 10:12:51,567 [WARN] ConditionMgr:438 - getConditionDescription Invalid condition id : UX DEVICE CLASS RTOS Condition cause : null
2023-12-05 10:12:51,568 [WARN] ConditionMgr:438 - getConditionDescription Invalid condition id : UX DEVICE CLASS RTOS Condition cause : null
2023-12-05 10:12:51,574 [WARN] PackLoader:240 - Cannot read IP mode file for STMicroelectronics.X-CUBE-AZRTOS-WB.2.0.0
2023-12-05 10:12:51,576 [WARN] ConditionMgr:1039 - genDependencies : Invalid condition id : UX DEVICE CLASS RTOS Condition cause : null
2023-12-05 10:12:51,576 [WARN] ConditionMgr:1039 - genDependencies : Invalid condition id : UX DEVICE CLASS RTOS Condition cause : null
2023-12-05 10:12:51,578 [WARN] ConditionMgr:1039 - genDependencies : Invalid condition id : UX DEVICE CLASS RTOS Condition cause : null
2023-12-05 10:12:51,579 [WARN] ConditionMgr:1039 - genDependencies : Invalid condition id : UX DEVICE CLASS RTOS Condition cause : null
2023-12-05 10:12:51,580 [WARN] ConditionMgr:1039 - genDependencies : Invalid condition id : UX DEVICE CLASS RTOS Condition cause : null
2023-12-05 10:12:51,627 [WARN] PackLoader:240 - Cannot read IP mode file for STMicroelectronics.X-CUBE-SUBG2.5.0.0
2023-12-05 10:12:51,692 [WARN] PackLoader:240 - Cannot read IP mode file for STMicroelectronics.X-CUBE-AZRTOS-G4.2.0.0
2023-12-05 10:12:51,798 [WARN] PackLoader:240 - Cannot read IP mode file for Infineon.AIROC-Wi-Fi-Bluetooth-STM32.1.5.1
2023-12-05 10:12:51,832 [WARN] PackLoader:240 - Cannot read IP mode file for STMicroelectronics.FP-SNS-MOTENVWB1.1.3.1
2023-12-05 10:12:51,977 [WARN] PackLoader:240 - Cannot read IP mode file for STMicroelectronics.X-CUBE-MEMS1.10.0.0
2023-12-05 10:12:52,256 [WARN] PackLoader:240 - Cannot read IP mode file for STMicroelectronics.X-CUBE-FREERTOS.1.1.0
2023-12-05 10:12:52,289 [WARN] PackLoader:240 - Cannot read IP mode file for portGmbH.I-Cube-SoM-uGOAL.1.1.0
2023-12-05 10:12:52,319 [WARN] PackLoader:240 - Cannot read IP mode file for STMicroelectronics.X-CUBE-ALS.1.0.1
2023-12-05 10:12:52,342 [WARN] PackLoader:240 - Cannot read IP mode file for STMicroelectronics.FP-ATR-ASTRA1.2.0.0
2023-12-05 10:12:52,501 [WARN] PackLoader:240 - Cannot read IP mode file for STMicroelectronics.X-CUBE-TOF1.3.4.0
2023-12-05 10:12:52,524 [INFO] ThirdParty:978 - Integrity check success = true
2023-12-05 10:12:52,524 [INFO] IntegrityCheckThread:100 - exiting critical section [integrity check]
2023-12-05 10:12:52,524 [INFO] IntegrityCheckThread:103 - End integrity checks thread
2023-12-05 10:12:56,860 [INFO] WebApp:161 - Instantiating new browser for Auth
2023-12-05 10:12:57,697 [INFO] WebApp:780 - Register for checkConnection events
2023-12-05 10:12:57,698 [INFO] WebApp:414 - Apply proxy settings
2023-12-05 10:12:57,698 [INFO] WebApp:499 - Chromium requires no authentication
2023-12-05 10:12:57,707 [INFO] WebApp:442 - Direct internet connection detected
2023-12-05 10:12:57,897 [INFO] WebApp:192 - Starting web application
2023-12-05 10:12:57,898 [INFO] WebApp:544 - Web application path used D:\Non-Project\STM CubeIDE\STM32CubeIDE_1.14.0\STM32CubeIDE\plugins\com.st.stm32cube.common.mx_6.10.0.202311202037\db\plugins\mcufinder\reactClient1\index.html
2023-12-05 10:13:19,117 [ERROR] LogOutputStream:75 - [STDERR_REDIRECT] SLF4J: Failed to load class "org.slf4j.impl.StaticLoggerBinder".
2023-12-05 10:13:19,117 [ERROR] LogOutputStream:75 - [STDERR_REDIRECT] SLF4J: Defaulting to no-operation (NOP) logger implementation
2023-12-05 10:13:19,119 [ERROR] LogOutputStream:75 - [STDERR_REDIRECT] SLF4J: See http://www.slf4j.org/codes.html#StaticLoggerBinder for further details.
2023-12-05 16:29:39,345 [INFO] WebApp:354 - JxBrowser engine has been closed 
2023-12-05 16:32:42,538 [INFO] Activator:176 - 


2023-12-05 16:32:42,544 [INFO] Activator:177 - !SESSION log4j initialized
2023-12-05 16:32:53,647 [INFO] LogOutputStream:77 - [STDOUT_REDIRECT] 
2023-12-05 16:32:56,538 [ERROR] ConfigurationRetriever:142 - IOException on connection: Read timed out
2023-12-05 16:32:57,661 [INFO] ApplicationProperties:184 - Using Application install path: D:\Non-Project\STM CubeIDE\STM32CubeIDE_1.14.0\STM32CubeIDE\plugins\com.st.stm32cube.common.mx_6.10.0.202311202037
2023-12-05 16:32:57,699 [INFO] DbMcusXml:78 - Set database path to: D:\Non-Project\STM CubeIDE\STM32CubeIDE_1.14.0\STM32CubeIDE\plugins\com.st.stm32cube.common.mx_6.10.0.202311202037\\db\/mcu/
2023-12-05 16:32:57,703 [INFO] ApiDb:274 - Set plugin database path to: D:\Non-Project\STM CubeIDE\STM32CubeIDE_1.14.0\STM32CubeIDE\plugins\com.st.stm32cube.common.mx_6.10.0.202311202037\\db\/plugins/boardmanager/
2023-12-05 16:32:57,707 [WARN] ApiDb:259 - Overriding images path with different value:  => D:\Non-Project\STM CubeIDE\STM32CubeIDE_1.14.0\STM32CubeIDE\plugins\com.st.stm32cube.common.mx_6.10.0.202311202037\\db\/plugins/mcufinder/images/
2023-12-05 16:32:57,740 [INFO] ApiDb:250 - Set database path to: C:\Users\hchandegara\.stmcufinder\plugins\mcufinder//mcu/
2023-12-05 16:32:57,743 [INFO] DbMcusAds:125 - Set database path to: C:\Users\hchandegara\.stmcufinder\plugins\mcufinder//mcu/
2023-12-05 16:32:57,748 [INFO] CrossReferenceDbSqlite:203 - Set database path to: C:\Users\hchandegara\.stmcufinder\plugins\mcufinder//mcu/cs/
2023-12-05 16:32:58,021 [INFO] RulesReader:64 - Compatibility file has been processed (297 Rules)
2023-12-05 16:32:58,373 [INFO] DbMcusXml:78 - Set database path to: D:\Non-Project\STM CubeIDE\STM32CubeIDE_1.14.0\STM32CubeIDE\plugins\com.st.stm32cube.common.mx_6.10.0.202311202037\\db\/mcu/
2023-12-05 16:32:58,374 [INFO] ApiDb:274 - Set plugin database path to: D:\Non-Project\STM CubeIDE\STM32CubeIDE_1.14.0\STM32CubeIDE\plugins\com.st.stm32cube.common.mx_6.10.0.202311202037\\db\/plugins/boardmanager/
2023-12-05 16:32:58,374 [INFO] ApiDb:261 - Set plugin images path to: D:\Non-Project\STM CubeIDE\STM32CubeIDE_1.14.0\STM32CubeIDE\plugins\com.st.stm32cube.common.mx_6.10.0.202311202037\\db\/plugins/mcufinder/images/
2023-12-05 16:32:58,375 [WARN] DbFile:41 - Overriding database path with different value: C:\Users\hchandegara\.stmcufinder\plugins\mcufinder/ => C:\Users\hchandegara\.stmcufinder\plugins\mcufinder
2023-12-05 16:32:58,375 [INFO] ApiDb:250 - Set database path to: C:\Users\hchandegara\.stmcufinder\plugins\mcufinder//mcu/
2023-12-05 16:32:58,375 [WARN] DbFile:41 - Overriding database path with different value: C:\Users\hchandegara\.stmcufinder\plugins\mcufinder/ => C:\Users\hchandegara\.stmcufinder\plugins\mcufinder
2023-12-05 16:32:58,376 [INFO] DbMcusAds:125 - Set database path to: C:\Users\hchandegara\.stmcufinder\plugins\mcufinder//mcu/
2023-12-05 16:32:58,376 [WARN] DbFile:41 - Overriding database path with different value: C:\Users\hchandegara\.stmcufinder\plugins\mcufinder/ => C:\Users\hchandegara\.stmcufinder\plugins\mcufinder
2023-12-05 16:32:58,376 [WARN] DbFile:41 - Overriding database path with different value: C:\Users\hchandegara\.stmcufinder\plugins\mcufinder/ => C:\Users\hchandegara\.stmcufinder\plugins\mcufinder
2023-12-05 16:32:58,376 [INFO] CrossReferenceDbSqlite:203 - Set database path to: C:\Users\hchandegara\.stmcufinder\plugins\mcufinder//mcu/cs/
2023-12-05 16:32:58,570 [ERROR] ConfigurationRetriever:142 - IOException on connection: Read timed out
2023-12-05 16:32:58,611 [INFO] MainPanel:264 - HeapMemory: 268435456
2023-12-05 16:32:58,814 [INFO] DbMcusXml:78 - Set database path to: D:\Non-Project\STM CubeIDE\STM32CubeIDE_1.14.0\STM32CubeIDE\plugins\com.st.stm32cube.common.mx_6.10.0.202311202037\\db\/mcu/
2023-12-05 16:32:58,815 [INFO] ApiDb:274 - Set plugin database path to: D:\Non-Project\STM CubeIDE\STM32CubeIDE_1.14.0\STM32CubeIDE\plugins\com.st.stm32cube.common.mx_6.10.0.202311202037\\db\/plugins/boardmanager/
2023-12-05 16:32:58,815 [INFO] ApiDb:261 - Set plugin images path to: D:\Non-Project\STM CubeIDE\STM32CubeIDE_1.14.0\STM32CubeIDE\plugins\com.st.stm32cube.common.mx_6.10.0.202311202037\\db\/plugins/mcufinder/images/
2023-12-05 16:32:58,816 [WARN] DbFile:41 - Overriding database path with different value: C:\Users\hchandegara\.stmcufinder\plugins\mcufinder/ => C:\Users\hchandegara\.stmcufinder\plugins\mcufinder
2023-12-05 16:32:58,816 [INFO] ApiDb:250 - Set database path to: C:\Users\hchandegara\.stmcufinder\plugins\mcufinder//mcu/
2023-12-05 16:32:58,816 [WARN] DbFile:41 - Overriding database path with different value: C:\Users\hchandegara\.stmcufinder\plugins\mcufinder/ => C:\Users\hchandegara\.stmcufinder\plugins\mcufinder
2023-12-05 16:32:58,817 [INFO] DbMcusAds:125 - Set database path to: C:\Users\hchandegara\.stmcufinder\plugins\mcufinder//mcu/
2023-12-05 16:32:58,817 [WARN] DbFile:41 - Overriding database path with different value: C:\Users\hchandegara\.stmcufinder\plugins\mcufinder/ => C:\Users\hchandegara\.stmcufinder\plugins\mcufinder
2023-12-05 16:32:58,817 [WARN] DbFile:41 - Overriding database path with different value: C:\Users\hchandegara\.stmcufinder\plugins\mcufinder/ => C:\Users\hchandegara\.stmcufinder\plugins\mcufinder
2023-12-05 16:32:58,817 [INFO] CrossReferenceDbSqlite:203 - Set database path to: C:\Users\hchandegara\.stmcufinder\plugins\mcufinder//mcu/cs/
2023-12-05 16:32:58,849 [INFO] ApplicationProperties:184 - Using Application install path: D:\Non-Project\STM CubeIDE\STM32CubeIDE_1.14.0\STM32CubeIDE\plugins\com.st.stm32cube.common.mx_6.10.0.202311202037
2023-12-05 16:32:58,852 [INFO] PluginManage:196 - Search for loadable plugins [exclusion list=, ]
2023-12-05 16:32:58,855 [INFO] PluginManage:310 - Check plugin analytics
2023-12-05 16:32:59,191 [INFO] AnalyticsPlugin:253 - Accepted Software Licenses: STM32CubeMX.6.9.2,STM32CubeMX.6.10.0
2023-12-05 16:32:59,191 [INFO] AnalyticsPlugin:255 - Accepted CMSIS Pack Licenses: 
2023-12-05 16:32:59,192 [INFO] AnalyticsPlugin:257 - Accepted Firmware Licenses: FW.L4.1.18.0
2023-12-05 16:32:59,198 [INFO] PluginManage:359 - Loaded plugin analytics (category:tool,tabindex:-1)
2023-12-05 16:32:59,198 [INFO] PluginManage:310 - Check plugin cadmodel
2023-12-05 16:32:59,219 [INFO] CADModel:105 - Init CAD model plugin
2023-12-05 16:32:59,219 [INFO] PluginManage:359 - Loaded plugin cadmodel (category:power,tabindex:5)
2023-12-05 16:32:59,220 [INFO] PluginManage:310 - Check plugin clock
2023-12-05 16:32:59,253 [INFO] PluginManage:359 - Loaded plugin clock (category:base,tabindex:2)
2023-12-05 16:32:59,253 [INFO] PluginManage:310 - Check plugin ddr
2023-12-05 16:32:59,258 [INFO] PluginManage:359 - Loaded plugin ddr (category:tool,tabindex:6)
2023-12-05 16:32:59,258 [INFO] PluginManage:310 - Check plugin filemanager
2023-12-05 16:32:59,521 [INFO] PluginManage:359 - Loaded plugin filemanager (category:base,tabindex:10)
2023-12-05 16:32:59,521 [INFO] PluginManage:310 - Check plugin ipmanager
2023-12-05 16:32:59,538 [INFO] PluginManage:359 - Loaded plugin ipmanager (category:base,tabindex:5)
2023-12-05 16:32:59,538 [INFO] PluginManage:310 - Check plugin lpbam
2023-12-05 16:32:59,570 [INFO] PluginManage:359 - Loaded plugin lpbam (category:base,tabindex:0)
2023-12-05 16:32:59,571 [INFO] PluginManage:310 - Check plugin memorymap
2023-12-05 16:32:59,621 [INFO] PluginManage:359 - Loaded plugin memorymap (category:base,tabindex:4)
2023-12-05 16:32:59,621 [INFO] PluginManage:310 - Check plugin pinoutandconfiguration
2023-12-05 16:32:59,659 [INFO] PluginManage:359 - Loaded plugin pinoutandconfiguration (category:base,tabindex:1)
2023-12-05 16:32:59,659 [INFO] PluginManage:310 - Check plugin pinoutconfig
2023-12-05 16:32:59,868 [WARN] SupportedApi:132 - Cannot load RTOS API schema: s4s-elt-must-match.1: The content of 'definitions' must match (annotation?, (simpleType | complexType)?, (unique | key | keyref)*)). A problem was found starting at: attribute.
2023-12-05 16:33:00,088 [INFO] PluginManage:359 - Loaded plugin pinoutconfig (category:base,tabindex:0)
2023-12-05 16:33:00,088 [INFO] PluginManage:310 - Check plugin power
2023-12-05 16:33:00,115 [INFO] PluginManage:359 - Loaded plugin power (category:power,tabindex:4)
2023-12-05 16:33:00,115 [INFO] PluginManage:310 - Check plugin projectmanager
2023-12-05 16:33:00,134 [INFO] PluginManage:359 - Loaded plugin projectmanager (category:projectmanager,tabindex:3)
2023-12-05 16:33:00,135 [INFO] PluginManage:310 - Check plugin thirdparty
2023-12-05 16:33:00,547 [WARN] IntegrityCheckThread:84 - waiting for thirdparty lock release [integrity check]
2023-12-05 16:33:00,547 [INFO] IntegrityCheckThread:86 - entering critical section [integrity check]
2023-12-05 16:33:00,547 [INFO] PluginManage:359 - Loaded plugin thirdparty (category:base,tabindex:-1)
2023-12-05 16:33:00,548 [INFO] PluginManage:310 - Check plugin tools
2023-12-05 16:33:00,548 [INFO] ThirdPartyUpdaterWithRetryManager:70 - Updater plugin not ready yet. [1/15]
2023-12-05 16:33:00,580 [INFO] PluginManage:359 - Loaded plugin tools (category:base,tabindex:7)
2023-12-05 16:33:00,580 [INFO] PluginManage:310 - Check plugin tutovideos
2023-12-05 16:33:00,598 [ERROR] ConfigurationRetriever:142 - IOException on connection: Read timed out
2023-12-05 16:33:00,874 [INFO] PluginManage:359 - Loaded plugin tutovideos (category:base,tabindex:-1)
2023-12-05 16:33:00,874 [INFO] PluginManage:310 - Check plugin updater
2023-12-05 16:33:00,889 [INFO] PluginManage:359 - Loaded plugin updater (category:base,tabindex:12)
2023-12-05 16:33:00,889 [INFO] PluginManage:310 - Check plugin userauth
2023-12-05 16:33:00,900 [INFO] UserAuth:114 - Init User Auth plugin
2023-12-05 16:33:00,900 [INFO] PluginManage:359 - Loaded plugin userauth (category:base,tabindex:14)
2023-12-05 16:33:00,901 [INFO] PluginManage:283 - PluginManage : Loaded plugins [17]
2023-12-05 16:33:01,292 [INFO] PinOutPanel:1499 - setPackage(No Configuration,No Configuration)
2023-12-05 16:33:01,451 [INFO] CADModel:165 - CPN selected for project level
2023-12-05 16:33:01,451 [INFO] CADModel:114 - Register for checkConnection events
2023-12-05 16:33:01,485 [INFO] IPUIPlugin:80 - create IPUIPlugin
2023-12-05 16:33:01,485 [INFO] PluginManager:220 - loadIPPluginJar : add adc
2023-12-05 16:33:01,519 [INFO] IPUIPlugin:80 - create IPUIPlugin
2023-12-05 16:33:01,519 [INFO] PluginManager:220 - loadIPPluginJar : add aes
2023-12-05 16:33:01,558 [INFO] IPUIPlugin:80 - create IPUIPlugin
2023-12-05 16:33:01,558 [INFO] PluginManager:220 - loadIPPluginJar : add can
2023-12-05 16:33:01,582 [INFO] IPUIPlugin:80 - create IPUIPlugin
2023-12-05 16:33:01,582 [INFO] PluginManager:220 - loadIPPluginJar : add comp
2023-12-05 16:33:01,615 [INFO] IPUIPlugin:80 - create IPUIPlugin
2023-12-05 16:33:01,615 [INFO] PluginManager:220 - loadIPPluginJar : add cryp
2023-12-05 16:33:01,652 [INFO] IPUIPlugin:80 - create IPUIPlugin
2023-12-05 16:33:01,652 [INFO] PluginManager:220 - loadIPPluginJar : add dfsdm
2023-12-05 16:33:01,671 [INFO] IPUIPlugin:80 - create IPUIPlugin
2023-12-05 16:33:01,671 [INFO] PluginManager:220 - loadIPPluginJar : add dma
2023-12-05 16:33:01,725 [INFO] IPUIPlugin:80 - create IPUIPlugin
2023-12-05 16:33:01,725 [INFO] PluginManager:220 - loadIPPluginJar : add dma3
2023-12-05 16:33:01,759 [INFO] IPUIPlugin:80 - create IPUIPlugin
2023-12-05 16:33:01,759 [INFO] PluginManager:220 - loadIPPluginJar : add fatfs
2023-12-05 16:33:01,826 [INFO] IPUIPlugin:80 - create IPUIPlugin
2023-12-05 16:33:01,827 [INFO] PluginManager:220 - loadIPPluginJar : add fmc
2023-12-05 16:33:01,848 [INFO] IPUIPlugin:80 - create IPUIPlugin
2023-12-05 16:33:01,848 [INFO] PluginManager:220 - loadIPPluginJar : add freertos
2023-12-05 16:33:01,897 [INFO] IPUIPlugin:80 - create IPUIPlugin
2023-12-05 16:33:01,897 [INFO] PluginManager:220 - loadIPPluginJar : add genericplugin
2023-12-05 16:33:02,039 [INFO] IPUIPlugin:80 - create IPUIPlugin
2023-12-05 16:33:02,040 [INFO] PluginManager:220 - loadIPPluginJar : add gfxmmu
2023-12-05 16:33:02,251 [INFO] IPUIPlugin:80 - create IPUIPlugin
2023-12-05 16:33:02,252 [INFO] PluginManager:220 - loadIPPluginJar : add gic
2023-12-05 16:33:02,273 [INFO] IPUIPlugin:80 - create IPUIPlugin
2023-12-05 16:33:02,274 [INFO] PluginManager:220 - loadIPPluginJar : add gpio
2023-12-05 16:33:02,396 [INFO] IPUIPlugin:80 - create IPUIPlugin
2023-12-05 16:33:02,397 [INFO] PluginManager:220 - loadIPPluginJar : add gtzc
2023-12-05 16:33:02,435 [INFO] IPUIPlugin:80 - create IPUIPlugin
2023-12-05 16:33:02,435 [INFO] PluginManager:220 - loadIPPluginJar : add hash
2023-12-05 16:33:02,510 [INFO] IPUIPlugin:80 - create IPUIPlugin
2023-12-05 16:33:02,511 [INFO] PluginManager:220 - loadIPPluginJar : add i2c
2023-12-05 16:33:02,572 [INFO] IPUIPlugin:80 - create IPUIPlugin
2023-12-05 16:33:02,573 [INFO] PluginManager:220 - loadIPPluginJar : add i2s
2023-12-05 16:33:02,622 [INFO] IPUIPlugin:80 - create IPUIPlugin
2023-12-05 16:33:02,622 [INFO] PluginManager:220 - loadIPPluginJar : add i3c
2023-12-05 16:33:02,741 [INFO] IPUIPlugin:80 - create IPUIPlugin
2023-12-05 16:33:02,742 [INFO] PluginManager:220 - loadIPPluginJar : add ipddr
2023-12-05 16:33:02,870 [INFO] IPUIPlugin:80 - create IPUIPlugin
2023-12-05 16:33:02,871 [INFO] PluginManager:220 - loadIPPluginJar : add linkedlist
2023-12-05 16:33:02,913 [INFO] IPUIPlugin:80 - create IPUIPlugin
2023-12-05 16:33:02,913 [INFO] PluginManager:220 - loadIPPluginJar : add lorawan
2023-12-05 16:33:02,972 [INFO] IPUIPlugin:80 - create IPUIPlugin
2023-12-05 16:33:02,973 [INFO] PluginManager:220 - loadIPPluginJar : add ltdc
2023-12-05 16:33:02,996 [INFO] IPUIPlugin:80 - create IPUIPlugin
2023-12-05 16:33:02,997 [INFO] PluginManager:220 - loadIPPluginJar : add mdma
2023-12-05 16:33:03,010 [INFO] IPUIPlugin:80 - create IPUIPlugin
2023-12-05 16:33:03,011 [INFO] PluginManager:220 - loadIPPluginJar : add nvic
2023-12-05 16:33:03,057 [INFO] IPUIPlugin:80 - create IPUIPlugin
2023-12-05 16:33:03,057 [INFO] PluginManager:220 - loadIPPluginJar : add opamp
2023-12-05 16:33:03,147 [INFO] IPUIPlugin:80 - create IPUIPlugin
2023-12-05 16:33:03,147 [INFO] PluginManager:220 - loadIPPluginJar : add openamp
2023-12-05 16:33:03,201 [INFO] IPUIPlugin:80 - create IPUIPlugin
2023-12-05 16:33:03,202 [INFO] PluginManager:220 - loadIPPluginJar : add pdm2pcm
2023-12-05 16:33:03,239 [INFO] IPUIPlugin:80 - create IPUIPlugin
2023-12-05 16:33:03,245 [INFO] PluginManager:220 - loadIPPluginJar : add plateformsettings
2023-12-05 16:33:03,272 [INFO] IPUIPlugin:80 - create IPUIPlugin
2023-12-05 16:33:03,272 [INFO] PluginManager:220 - loadIPPluginJar : add quadspi
2023-12-05 16:33:03,292 [INFO] IPUIPlugin:80 - create IPUIPlugin
2023-12-05 16:33:03,293 [INFO] PluginManager:220 - loadIPPluginJar : add resmgrutility
2023-12-05 16:33:03,357 [INFO] IPUIPlugin:80 - create IPUIPlugin
2023-12-05 16:33:03,358 [INFO] PluginManager:220 - loadIPPluginJar : add sai
2023-12-05 16:33:03,422 [INFO] IPUIPlugin:80 - create IPUIPlugin
2023-12-05 16:33:03,423 [INFO] PluginManager:220 - loadIPPluginJar : add spi
2023-12-05 16:33:03,549 [INFO] ThirdPartyUpdaterWithRetryManager:70 - Updater plugin not ready yet. [2/15]
2023-12-05 16:33:03,553 [INFO] IPUIPlugin:80 - create IPUIPlugin
2023-12-05 16:33:03,553 [INFO] PluginManager:220 - loadIPPluginJar : add stm32_wpan
2023-12-05 16:33:03,589 [INFO] IPUIPlugin:80 - create IPUIPlugin
2023-12-05 16:33:03,589 [INFO] PluginManager:220 - loadIPPluginJar : add tim
2023-12-05 16:33:03,656 [INFO] IPUIPlugin:80 - create IPUIPlugin
2023-12-05 16:33:03,656 [INFO] PluginManager:220 - loadIPPluginJar : add touchsensing
2023-12-05 16:33:03,685 [INFO] IPUIPlugin:80 - create IPUIPlugin
2023-12-05 16:33:03,685 [INFO] PluginManager:220 - loadIPPluginJar : add tracer_emb
2023-12-05 16:33:03,709 [INFO] IPUIPlugin:80 - create IPUIPlugin
2023-12-05 16:33:03,709 [INFO] PluginManager:220 - loadIPPluginJar : add ts
2023-12-05 16:33:03,731 [INFO] IPUIPlugin:80 - create IPUIPlugin
2023-12-05 16:33:03,731 [INFO] PluginManager:220 - loadIPPluginJar : add tsc
2023-12-05 16:33:03,753 [INFO] IPUIPlugin:80 - create IPUIPlugin
2023-12-05 16:33:03,754 [INFO] PluginManager:220 - loadIPPluginJar : add ucpd
2023-12-05 16:33:03,792 [INFO] IPUIPlugin:80 - create IPUIPlugin
2023-12-05 16:33:03,792 [INFO] PluginManager:220 - loadIPPluginJar : add usart
2023-12-05 16:33:03,834 [INFO] IPUIPlugin:80 - create IPUIPlugin
2023-12-05 16:33:03,834 [INFO] PluginManager:220 - loadIPPluginJar : add usbx
2023-12-05 16:33:04,038 [INFO] CADModel:165 - CPN selected for project level
2023-12-05 16:33:04,039 [INFO] CADModel:114 - Register for checkConnection events
2023-12-05 16:33:04,039 [FATAL] Updater:308 - Updater called before beeing initialized
2023-12-05 16:33:04,039 [ERROR] CADModel:125 - Updater not yet initialized, retry later 
2023-12-05 16:33:04,289 [INFO] CADModel:165 - CPN selected for project level
2023-12-05 16:33:04,289 [INFO] CADModel:114 - Register for checkConnection events
2023-12-05 16:33:04,289 [FATAL] Updater:308 - Updater called before beeing initialized
2023-12-05 16:33:04,289 [ERROR] CADModel:125 - Updater not yet initialized, retry later 
2023-12-05 16:33:04,294 [FATAL] Updater:308 - Updater called before beeing initialized
2023-12-05 16:33:04,529 [FATAL] Updater:308 - Updater called before beeing initialized
2023-12-05 16:33:04,545 [INFO] DbMcusAds:53 - JSON generation date=Wed Nov 29 16:22:38 IST 2023 (1701255158764)
2023-12-05 16:33:04,546 [FATAL] Updater:308 - Updater called before beeing initialized
2023-12-05 16:33:04,757 [WARN] DetailPanel:346 - Failed to get advertising image, set to default
2023-12-05 16:33:05,030 [FATAL] Updater:308 - Updater called before beeing initialized
2023-12-05 16:33:05,034 [FATAL] Updater:308 - Updater called before beeing initialized
2023-12-05 16:33:05,034 [FATAL] Updater:308 - Updater called before beeing initialized
2023-12-05 16:33:05,034 [WARN] DetailPanel:346 - Failed to get advertising image, set to default
2023-12-05 16:33:05,036 [FATAL] Updater:308 - Updater called before beeing initialized
2023-12-05 16:33:05,167 [ERROR] Updater:1120 - MainUpdater not yet initialized. External WinMGr cannot be set.
2023-12-05 16:33:05,184 [INFO] Updater:1056 - Updater Version found : 6.10.0
2023-12-05 16:33:05,218 [INFO] ApplicationProperties:184 - Using Application install path: D:\Non-Project\STM CubeIDE\STM32CubeIDE_1.14.0\STM32CubeIDE\plugins\com.st.stm32cube.common.mx_6.10.0.202311202037
2023-12-05 16:33:06,045 [INFO] MainUpdater:2873 - connection check result : 10
2023-12-05 16:33:06,046 [INFO] MainUpdater:290 - Updater Check For Update Now.
2023-12-05 16:33:06,047 [INFO] MicroXplorer:498 - Change Database Version : DB.6.0.100
2023-12-05 16:33:06,084 [INFO] McuFinderGlobals:63 - Set McuFinder mode to 2 (CubeIDE integrated)
2023-12-05 16:33:06,084 [INFO] UserAuth:180 - activating auth plugin
2023-12-05 16:33:06,093 [INFO] UserAuth:404 - Internet connection configuration mode: 1
2023-12-05 16:33:06,168 [INFO] JxBrowserEngine:152 - Initiate JxBrowser Engine with user profile folder
2023-12-05 16:33:06,336 [INFO] CheckServerUpdateThread:120 - End of CheckServer Thread
2023-12-05 16:33:06,790 [WARN] PackLoader:240 - Cannot read IP mode file for STMicroelectronics.X-CUBE-SMBUS.2.1.0
2023-12-05 16:33:06,853 [WARN] PackLoader:240 - Cannot read IP mode file for STMicroelectronics.X-CUBE-AZRTOS-F7.1.1.0
2023-12-05 16:33:06,885 [WARN] PackLoader:240 - Cannot read IP mode file for STMicroelectronics.FP-SNS-MOTENV1.4.3.2
2023-12-05 16:33:06,902 [WARN] PackLoader:240 - Cannot read IP mode file for STMicroelectronics.FP-SNS-FLIGHT1.5.0.2
2023-12-05 16:33:06,926 [WARN] PackLoader:240 - Cannot read IP mode file for STMicroelectronics.X-CUBE-DISPLAY.3.0.0
2023-12-05 16:33:06,945 [WARN] PackLoader:240 - Cannot read IP mode file for STMicroelectronics.X-CUBE-BLE1.7.0.0
2023-12-05 16:33:06,961 [WARN] PackLoader:240 - Cannot read IP mode file for emotas.I-CUBE-CANOPEN.1.3.0
2023-12-05 16:33:06,973 [WARN] PackLoader:240 - Cannot read IP mode file for STMicroelectronics.X-CUBE-TOUCHGFX.4.22.1
2023-12-05 16:33:06,984 [WARN] PackLoader:240 - Cannot read IP mode file for STMicroelectronics.FP-SNS-SMARTAG2.1.2.0
2023-12-05 16:33:07,007 [INFO] LogOutputStream:77 - [STDOUT_REDIRECT] 1 : Invalid condition id : UX_CORESTACK_Condition cause : null
2023-12-05 16:33:07,008 [INFO] LogOutputStream:77 - [STDOUT_REDIRECT] 1 : Invalid condition id : UX_CORESTACK_Condition cause : null
2023-12-05 16:33:07,010 [INFO] LogOutputStream:77 - [STDOUT_REDIRECT] 1 : Invalid condition id : UX_CORESTACK_Condition cause : null
2023-12-05 16:33:07,011 [INFO] LogOutputStream:77 - [STDOUT_REDIRECT] 1 : Invalid condition id : UX_CORESTACK_Condition cause : null
2023-12-05 16:33:07,013 [INFO] LogOutputStream:77 - [STDOUT_REDIRECT] 1 : Invalid condition id : UX_CORESTACK_Condition cause : null
2023-12-05 16:33:07,015 [WARN] PackLoader:240 - Cannot read IP mode file for STMicroelectronics.X-CUBE-AZRTOS-WL.2.0.0
2023-12-05 16:33:07,034 [WARN] PackLoader:240 - Cannot read IP mode file for WES.I-CUBE-Cesium.1.3.0
2023-12-05 16:33:07,047 [WARN] PackLoader:240 - Cannot read IP mode file for STMicroelectronics.X-CUBE-BLE2.3.3.0
2023-12-05 16:33:07,063 [WARN] PackLoader:240 - Cannot read IP mode file for STMicroelectronics.X-CUBE-ALGOBUILD.1.3.0
2023-12-05 16:33:07,101 [WARN] PackLoader:240 - Cannot read IP mode file for STMicroelectronics.X-CUBE-AZRTOS-G0.1.1.0
2023-12-05 16:33:07,125 [WARN] PackLoader:240 - Cannot read IP mode file for STMicroelectronics.X-CUBE-NFC4.3.0.0
2023-12-05 16:33:07,150 [WARN] PackLoader:240 - Cannot read IP mode file for STMicroelectronics.X-CUBE-BLEMGR.3.0.0
2023-12-05 16:33:07,167 [WARN] PackLoader:240 - Cannot read IP mode file for STMicroelectronics.FP-ATR-SIGFOX1.3.2.0
2023-12-05 16:33:07,193 [WARN] PackLoader:240 - Cannot read IP mode file for STMicroelectronics.X-CUBE-GNSS1.6.0.0
2023-12-05 16:33:07,244 [WARN] PackLoader:240 - Cannot read IP mode file for STMicroelectronics.X-CUBE-AZRTOS-F4.1.1.0
2023-12-05 16:33:07,274 [WARN] PackLoader:240 - Cannot read IP mode file for wolfSSL.I-CUBE-wolfSSL.5.6.4
2023-12-05 16:33:07,324 [WARN] PackLoader:240 - Cannot read IP mode file for STMicroelectronics.X-CUBE-AZRTOS-L5.2.0.0
2023-12-05 16:33:07,349 [WARN] PackLoader:240 - Cannot read IP mode file for STMicroelectronics.X-CUBE-EEPRMA1.4.2.0
2023-12-05 16:33:07,380 [WARN] PackLoader:240 - Cannot read IP mode file for ITTIA_DB.I-CUBE-ITTIADB.8.8.0
2023-12-05 16:33:07,435 [WARN] ConditionMgr:438 - getConditionDescription Invalid condition id : UX DEVICE CLASS RTOS Condition cause : null
2023-12-05 16:33:07,435 [WARN] ConditionMgr:438 - getConditionDescription Invalid condition id : UX DEVICE CLASS RTOS Condition cause : null
2023-12-05 16:33:07,441 [WARN] PackLoader:240 - Cannot read IP mode file for STMicroelectronics.X-CUBE-AZRTOS-H7.3.1.0
2023-12-05 16:33:07,444 [WARN] ConditionMgr:1039 - genDependencies : Invalid condition id : UX DEVICE CLASS RTOS Condition cause : null
2023-12-05 16:33:07,444 [WARN] ConditionMgr:1039 - genDependencies : Invalid condition id : UX DEVICE CLASS RTOS Condition cause : null
2023-12-05 16:33:07,445 [WARN] ConditionMgr:1039 - genDependencies : Invalid condition id : UX DEVICE CLASS RTOS Condition cause : null
2023-12-05 16:33:07,446 [WARN] ConditionMgr:1039 - genDependencies : Invalid condition id : UX DEVICE CLASS RTOS Condition cause : null
2023-12-05 16:33:07,447 [WARN] ConditionMgr:1039 - genDependencies : Invalid condition id : UX DEVICE CLASS RTOS Condition cause : null
2023-12-05 16:33:07,471 [WARN] PackLoader:240 - Cannot read IP mode file for STMicroelectronics.X-CUBE-NFC7.1.0.1
2023-12-05 16:33:07,502 [WARN] PackLoader:240 - Cannot read IP mode file for STMicroelectronics.X-CUBE-NFC6.3.0.0
2023-12-05 16:33:07,522 [WARN] PackLoader:240 - Cannot read IP mode file for STMicroelectronics.X-CUBE-AI.8.1.0
2023-12-05 16:33:07,569 [WARN] ConditionMgr:438 - getConditionDescription Invalid condition id : LAN8742 Phy interface Condition cause : null
2023-12-05 16:33:07,570 [WARN] PackLoader:240 - Cannot read IP mode file for STMicroelectronics.X-CUBE-AZRTOS-L4.2.0.0
2023-12-05 16:33:07,573 [WARN] ConditionMgr:1039 - genDependencies : Invalid condition id : LAN8742 Phy interface Condition cause : null
2023-12-05 16:33:07,573 [WARN] ConditionMgr:1039 - genDependencies : Invalid condition id : LAN8742 Phy interface Condition cause : null
2023-12-05 16:33:07,574 [WARN] ConditionMgr:1039 - genDependencies : Invalid condition id : LAN8742 Phy interface Condition cause : null
2023-12-05 16:33:07,597 [WARN] PackLoader:240 - Cannot read IP mode file for STMicroelectronics.X-CUBE-SFXS2LP1.4.0.0
2023-12-05 16:33:07,617 [WARN] PackLoader:240 - Cannot read IP mode file for STMicroelectronics.X-CUBE-ISPU.1.1.0
2023-12-05 16:33:07,653 [WARN] ConditionMgr:438 - getConditionDescription Invalid condition id : UX DEVICE CLASS RTOS Condition cause : null
2023-12-05 16:33:07,653 [WARN] ConditionMgr:438 - getConditionDescription Invalid condition id : UX DEVICE CLASS RTOS Condition cause : null
2023-12-05 16:33:07,654 [WARN] PackLoader:240 - Cannot read IP mode file for STMicroelectronics.X-CUBE-AZRTOS-WB.2.0.0
2023-12-05 16:33:07,656 [WARN] ConditionMgr:1039 - genDependencies : Invalid condition id : UX DEVICE CLASS RTOS Condition cause : null
2023-12-05 16:33:07,656 [WARN] ConditionMgr:1039 - genDependencies : Invalid condition id : UX DEVICE CLASS RTOS Condition cause : null
2023-12-05 16:33:07,657 [WARN] ConditionMgr:1039 - genDependencies : Invalid condition id : UX DEVICE CLASS RTOS Condition cause : null
2023-12-05 16:33:07,658 [WARN] ConditionMgr:1039 - genDependencies : Invalid condition id : UX DEVICE CLASS RTOS Condition cause : null
2023-12-05 16:33:07,658 [WARN] ConditionMgr:1039 - genDependencies : Invalid condition id : UX DEVICE CLASS RTOS Condition cause : null
2023-12-05 16:33:07,699 [WARN] PackLoader:240 - Cannot read IP mode file for STMicroelectronics.X-CUBE-SUBG2.5.0.0
2023-12-05 16:33:07,760 [WARN] PackLoader:240 - Cannot read IP mode file for STMicroelectronics.X-CUBE-AZRTOS-G4.2.0.0
2023-12-05 16:33:07,818 [WARN] PackLoader:240 - Cannot read IP mode file for Infineon.AIROC-Wi-Fi-Bluetooth-STM32.1.5.1
2023-12-05 16:33:07,875 [WARN] PackLoader:240 - Cannot read IP mode file for STMicroelectronics.FP-SNS-MOTENVWB1.1.3.1
2023-12-05 16:33:07,935 [WARN] PackLoader:240 - Cannot read IP mode file for STMicroelectronics.X-CUBE-MEMS1.10.0.0
2023-12-05 16:33:08,201 [WARN] PackLoader:240 - Cannot read IP mode file for STMicroelectronics.X-CUBE-FREERTOS.1.1.0
2023-12-05 16:33:08,221 [WARN] PackLoader:240 - Cannot read IP mode file for portGmbH.I-Cube-SoM-uGOAL.1.1.0
2023-12-05 16:33:08,243 [WARN] PackLoader:240 - Cannot read IP mode file for STMicroelectronics.X-CUBE-ALS.1.0.1
2023-12-05 16:33:08,263 [WARN] PackLoader:240 - Cannot read IP mode file for STMicroelectronics.FP-ATR-ASTRA1.2.0.0
2023-12-05 16:33:08,309 [WARN] PackLoader:240 - Cannot read IP mode file for STMicroelectronics.X-CUBE-TOF1.3.4.0
2023-12-05 16:33:08,333 [INFO] ThirdParty:978 - Integrity check success = true
2023-12-05 16:33:08,334 [INFO] IntegrityCheckThread:100 - exiting critical section [integrity check]
2023-12-05 16:33:08,334 [INFO] IntegrityCheckThread:103 - End integrity checks thread
2023-12-05 16:33:14,359 [INFO] WebApp:161 - Instantiating new browser for Auth
2023-12-05 16:33:15,365 [INFO] WebApp:780 - Register for checkConnection events
2023-12-05 16:33:15,365 [INFO] WebApp:414 - Apply proxy settings
2023-12-05 16:33:15,365 [INFO] WebApp:499 - Chromium requires no authentication
2023-12-05 16:33:15,379 [INFO] WebApp:442 - Direct internet connection detected
2023-12-05 16:33:15,612 [INFO] WebApp:192 - Starting web application
2023-12-05 16:33:15,613 [INFO] WebApp:544 - Web application path used D:\Non-Project\STM CubeIDE\STM32CubeIDE_1.14.0\STM32CubeIDE\plugins\com.st.stm32cube.common.mx_6.10.0.202311202037\db\plugins\mcufinder\reactClient1\index.html
2023-12-05 16:33:36,888 [ERROR] LogOutputStream:75 - [STDERR_REDIRECT] SLF4J: Failed to load class "org.slf4j.impl.StaticLoggerBinder".
2023-12-05 16:33:36,888 [ERROR] LogOutputStream:75 - [STDERR_REDIRECT] SLF4J: Defaulting to no-operation (NOP) logger implementation
2023-12-05 16:33:36,888 [ERROR] LogOutputStream:75 - [STDERR_REDIRECT] SLF4J: See http://www.slf4j.org/codes.html#StaticLoggerBinder for further details.
2023-12-05 18:08:17,592 [ERROR] LogOutputStream:75 - [STDERR_REDIRECT] 
2023-12-05 18:08:48,564 [INFO] Activator:176 - 


2023-12-05 18:08:48,565 [INFO] Activator:177 - !SESSION log4j initialized
2023-12-05 18:08:53,648 [INFO] LogOutputStream:77 - [STDOUT_REDIRECT] 
2023-12-05 18:08:54,818 [INFO] ApplicationProperties:184 - Using Application install path: D:\Non-Project\STM CubeIDE\STM32CubeIDE_1.14.0\STM32CubeIDE\plugins\com.st.stm32cube.common.mx_6.10.0.202311202037
2023-12-05 18:08:54,849 [INFO] DbMcusXml:78 - Set database path to: D:\Non-Project\STM CubeIDE\STM32CubeIDE_1.14.0\STM32CubeIDE\plugins\com.st.stm32cube.common.mx_6.10.0.202311202037\\db\/mcu/
2023-12-05 18:08:54,850 [INFO] ApiDb:274 - Set plugin database path to: D:\Non-Project\STM CubeIDE\STM32CubeIDE_1.14.0\STM32CubeIDE\plugins\com.st.stm32cube.common.mx_6.10.0.202311202037\\db\/plugins/boardmanager/
2023-12-05 18:08:54,851 [WARN] ApiDb:259 - Overriding images path with different value:  => D:\Non-Project\STM CubeIDE\STM32CubeIDE_1.14.0\STM32CubeIDE\plugins\com.st.stm32cube.common.mx_6.10.0.202311202037\\db\/plugins/mcufinder/images/
2023-12-05 18:08:54,860 [INFO] ApiDb:250 - Set database path to: C:\Users\hchandegara\.stmcufinder\plugins\mcufinder//mcu/
2023-12-05 18:08:54,862 [INFO] DbMcusAds:125 - Set database path to: C:\Users\hchandegara\.stmcufinder\plugins\mcufinder//mcu/
2023-12-05 18:08:54,865 [INFO] CrossReferenceDbSqlite:203 - Set database path to: C:\Users\hchandegara\.stmcufinder\plugins\mcufinder//mcu/cs/
2023-12-05 18:08:55,023 [INFO] RulesReader:64 - Compatibility file has been processed (297 Rules)
2023-12-05 18:08:55,114 [INFO] DbMcusXml:78 - Set database path to: D:\Non-Project\STM CubeIDE\STM32CubeIDE_1.14.0\STM32CubeIDE\plugins\com.st.stm32cube.common.mx_6.10.0.202311202037\\db\/mcu/
2023-12-05 18:08:55,114 [INFO] ApiDb:274 - Set plugin database path to: D:\Non-Project\STM CubeIDE\STM32CubeIDE_1.14.0\STM32CubeIDE\plugins\com.st.stm32cube.common.mx_6.10.0.202311202037\\db\/plugins/boardmanager/
2023-12-05 18:08:55,114 [INFO] ApiDb:261 - Set plugin images path to: D:\Non-Project\STM CubeIDE\STM32CubeIDE_1.14.0\STM32CubeIDE\plugins\com.st.stm32cube.common.mx_6.10.0.202311202037\\db\/plugins/mcufinder/images/
2023-12-05 18:08:55,115 [WARN] DbFile:41 - Overriding database path with different value: C:\Users\hchandegara\.stmcufinder\plugins\mcufinder/ => C:\Users\hchandegara\.stmcufinder\plugins\mcufinder
2023-12-05 18:08:55,115 [INFO] ApiDb:250 - Set database path to: C:\Users\hchandegara\.stmcufinder\plugins\mcufinder//mcu/
2023-12-05 18:08:55,115 [WARN] DbFile:41 - Overriding database path with different value: C:\Users\hchandegara\.stmcufinder\plugins\mcufinder/ => C:\Users\hchandegara\.stmcufinder\plugins\mcufinder
2023-12-05 18:08:55,115 [INFO] DbMcusAds:125 - Set database path to: C:\Users\hchandegara\.stmcufinder\plugins\mcufinder//mcu/
2023-12-05 18:08:55,115 [WARN] DbFile:41 - Overriding database path with different value: C:\Users\hchandegara\.stmcufinder\plugins\mcufinder/ => C:\Users\hchandegara\.stmcufinder\plugins\mcufinder
2023-12-05 18:08:55,115 [WARN] DbFile:41 - Overriding database path with different value: C:\Users\hchandegara\.stmcufinder\plugins\mcufinder/ => C:\Users\hchandegara\.stmcufinder\plugins\mcufinder
2023-12-05 18:08:55,115 [INFO] CrossReferenceDbSqlite:203 - Set database path to: C:\Users\hchandegara\.stmcufinder\plugins\mcufinder//mcu/cs/
2023-12-05 18:08:55,220 [INFO] MainPanel:264 - HeapMemory: 268435456
2023-12-05 18:08:55,272 [INFO] DbMcusXml:78 - Set database path to: D:\Non-Project\STM CubeIDE\STM32CubeIDE_1.14.0\STM32CubeIDE\plugins\com.st.stm32cube.common.mx_6.10.0.202311202037\\db\/mcu/
2023-12-05 18:08:55,273 [INFO] ApiDb:274 - Set plugin database path to: D:\Non-Project\STM CubeIDE\STM32CubeIDE_1.14.0\STM32CubeIDE\plugins\com.st.stm32cube.common.mx_6.10.0.202311202037\\db\/plugins/boardmanager/
2023-12-05 18:08:55,273 [INFO] ApiDb:261 - Set plugin images path to: D:\Non-Project\STM CubeIDE\STM32CubeIDE_1.14.0\STM32CubeIDE\plugins\com.st.stm32cube.common.mx_6.10.0.202311202037\\db\/plugins/mcufinder/images/
2023-12-05 18:08:55,273 [WARN] DbFile:41 - Overriding database path with different value: C:\Users\hchandegara\.stmcufinder\plugins\mcufinder/ => C:\Users\hchandegara\.stmcufinder\plugins\mcufinder
2023-12-05 18:08:55,273 [INFO] ApiDb:250 - Set database path to: C:\Users\hchandegara\.stmcufinder\plugins\mcufinder//mcu/
2023-12-05 18:08:55,273 [WARN] DbFile:41 - Overriding database path with different value: C:\Users\hchandegara\.stmcufinder\plugins\mcufinder/ => C:\Users\hchandegara\.stmcufinder\plugins\mcufinder
2023-12-05 18:08:55,273 [INFO] DbMcusAds:125 - Set database path to: C:\Users\hchandegara\.stmcufinder\plugins\mcufinder//mcu/
2023-12-05 18:08:55,273 [WARN] DbFile:41 - Overriding database path with different value: C:\Users\hchandegara\.stmcufinder\plugins\mcufinder/ => C:\Users\hchandegara\.stmcufinder\plugins\mcufinder
2023-12-05 18:08:55,273 [WARN] DbFile:41 - Overriding database path with different value: C:\Users\hchandegara\.stmcufinder\plugins\mcufinder/ => C:\Users\hchandegara\.stmcufinder\plugins\mcufinder
2023-12-05 18:08:55,273 [INFO] CrossReferenceDbSqlite:203 - Set database path to: C:\Users\hchandegara\.stmcufinder\plugins\mcufinder//mcu/cs/
2023-12-05 18:08:55,285 [INFO] ApplicationProperties:184 - Using Application install path: D:\Non-Project\STM CubeIDE\STM32CubeIDE_1.14.0\STM32CubeIDE\plugins\com.st.stm32cube.common.mx_6.10.0.202311202037
2023-12-05 18:08:55,286 [INFO] PluginManage:196 - Search for loadable plugins [exclusion list=, ]
2023-12-05 18:08:55,287 [INFO] PluginManage:310 - Check plugin analytics
2023-12-05 18:08:55,445 [INFO] AnalyticsPlugin:253 - Accepted Software Licenses: STM32CubeMX.6.9.2,STM32CubeMX.6.10.0
2023-12-05 18:08:55,445 [INFO] AnalyticsPlugin:255 - Accepted CMSIS Pack Licenses: 
2023-12-05 18:08:55,446 [INFO] AnalyticsPlugin:257 - Accepted Firmware Licenses: FW.L4.1.18.0
2023-12-05 18:08:55,449 [INFO] PluginManage:359 - Loaded plugin analytics (category:tool,tabindex:-1)
2023-12-05 18:08:55,449 [INFO] PluginManage:310 - Check plugin cadmodel
2023-12-05 18:08:55,463 [INFO] CADModel:105 - Init CAD model plugin
2023-12-05 18:08:55,464 [INFO] PluginManage:359 - Loaded plugin cadmodel (category:power,tabindex:5)
2023-12-05 18:08:55,464 [INFO] PluginManage:310 - Check plugin clock
2023-12-05 18:08:55,485 [INFO] PluginManage:359 - Loaded plugin clock (category:base,tabindex:2)
2023-12-05 18:08:55,485 [INFO] PluginManage:310 - Check plugin ddr
2023-12-05 18:08:55,486 [INFO] PluginManage:359 - Loaded plugin ddr (category:tool,tabindex:6)
2023-12-05 18:08:55,487 [INFO] PluginManage:310 - Check plugin filemanager
2023-12-05 18:08:55,601 [INFO] PluginManage:359 - Loaded plugin filemanager (category:base,tabindex:10)
2023-12-05 18:08:55,601 [INFO] PluginManage:310 - Check plugin ipmanager
2023-12-05 18:08:55,608 [INFO] PluginManage:359 - Loaded plugin ipmanager (category:base,tabindex:5)
2023-12-05 18:08:55,608 [INFO] PluginManage:310 - Check plugin lpbam
2023-12-05 18:08:55,626 [INFO] PluginManage:359 - Loaded plugin lpbam (category:base,tabindex:0)
2023-12-05 18:08:55,626 [INFO] PluginManage:310 - Check plugin memorymap
2023-12-05 18:08:55,654 [INFO] PluginManage:359 - Loaded plugin memorymap (category:base,tabindex:4)
2023-12-05 18:08:55,654 [INFO] PluginManage:310 - Check plugin pinoutandconfiguration
2023-12-05 18:08:55,668 [INFO] PluginManage:359 - Loaded plugin pinoutandconfiguration (category:base,tabindex:1)
2023-12-05 18:08:55,669 [INFO] PluginManage:310 - Check plugin pinoutconfig
2023-12-05 18:08:55,758 [WARN] SupportedApi:132 - Cannot load RTOS API schema: s4s-elt-must-match.1: The content of 'definitions' must match (annotation?, (simpleType | complexType)?, (unique | key | keyref)*)). A problem was found starting at: attribute.
2023-12-05 18:08:55,832 [INFO] PluginManage:359 - Loaded plugin pinoutconfig (category:base,tabindex:0)
2023-12-05 18:08:55,832 [INFO] PluginManage:310 - Check plugin power
2023-12-05 18:08:55,850 [INFO] PluginManage:359 - Loaded plugin power (category:power,tabindex:4)
2023-12-05 18:08:55,850 [INFO] PluginManage:310 - Check plugin projectmanager
2023-12-05 18:08:55,861 [INFO] PluginManage:359 - Loaded plugin projectmanager (category:projectmanager,tabindex:3)
2023-12-05 18:08:55,861 [INFO] PluginManage:310 - Check plugin thirdparty
2023-12-05 18:08:56,058 [INFO] PluginManage:359 - Loaded plugin thirdparty (category:base,tabindex:-1)
2023-12-05 18:08:56,058 [INFO] PluginManage:310 - Check plugin tools
2023-12-05 18:08:56,058 [WARN] IntegrityCheckThread:84 - waiting for thirdparty lock release [integrity check]
2023-12-05 18:08:56,058 [INFO] IntegrityCheckThread:86 - entering critical section [integrity check]
2023-12-05 18:08:56,059 [INFO] ThirdPartyUpdaterWithRetryManager:70 - Updater plugin not ready yet. [1/15]
2023-12-05 18:08:56,083 [INFO] PluginManage:359 - Loaded plugin tools (category:base,tabindex:7)
2023-12-05 18:08:56,083 [INFO] PluginManage:310 - Check plugin tutovideos
2023-12-05 18:08:56,195 [INFO] PluginManage:359 - Loaded plugin tutovideos (category:base,tabindex:-1)
2023-12-05 18:08:56,196 [INFO] PluginManage:310 - Check plugin updater
2023-12-05 18:08:56,205 [INFO] PluginManage:359 - Loaded plugin updater (category:base,tabindex:12)
2023-12-05 18:08:56,205 [INFO] PluginManage:310 - Check plugin userauth
2023-12-05 18:08:56,209 [INFO] UserAuth:114 - Init User Auth plugin
2023-12-05 18:08:56,209 [INFO] PluginManage:359 - Loaded plugin userauth (category:base,tabindex:14)
2023-12-05 18:08:56,209 [INFO] PluginManage:283 - PluginManage : Loaded plugins [17]
2023-12-05 18:08:56,361 [INFO] PinOutPanel:1499 - setPackage(No Configuration,No Configuration)
2023-12-05 18:08:56,427 [INFO] CADModel:165 - CPN selected for project level
2023-12-05 18:08:56,427 [INFO] CADModel:114 - Register for checkConnection events
2023-12-05 18:08:56,445 [INFO] IPUIPlugin:80 - create IPUIPlugin
2023-12-05 18:08:56,445 [INFO] PluginManager:220 - loadIPPluginJar : add adc
2023-12-05 18:08:56,471 [INFO] IPUIPlugin:80 - create IPUIPlugin
2023-12-05 18:08:56,471 [INFO] PluginManager:220 - loadIPPluginJar : add aes
2023-12-05 18:08:56,504 [INFO] IPUIPlugin:80 - create IPUIPlugin
2023-12-05 18:08:56,504 [INFO] PluginManager:220 - loadIPPluginJar : add can
2023-12-05 18:08:56,521 [INFO] IPUIPlugin:80 - create IPUIPlugin
2023-12-05 18:08:56,521 [INFO] PluginManager:220 - loadIPPluginJar : add comp
2023-12-05 18:08:56,544 [INFO] IPUIPlugin:80 - create IPUIPlugin
2023-12-05 18:08:56,544 [INFO] PluginManager:220 - loadIPPluginJar : add cryp
2023-12-05 18:08:56,565 [INFO] IPUIPlugin:80 - create IPUIPlugin
2023-12-05 18:08:56,565 [INFO] PluginManager:220 - loadIPPluginJar : add dfsdm
2023-12-05 18:08:56,576 [INFO] IPUIPlugin:80 - create IPUIPlugin
2023-12-05 18:08:56,576 [INFO] PluginManager:220 - loadIPPluginJar : add dma
2023-12-05 18:08:56,610 [INFO] IPUIPlugin:80 - create IPUIPlugin
2023-12-05 18:08:56,610 [INFO] PluginManager:220 - loadIPPluginJar : add dma3
2023-12-05 18:08:56,632 [INFO] IPUIPlugin:80 - create IPUIPlugin
2023-12-05 18:08:56,632 [INFO] PluginManager:220 - loadIPPluginJar : add fatfs
2023-12-05 18:08:56,676 [INFO] IPUIPlugin:80 - create IPUIPlugin
2023-12-05 18:08:56,676 [INFO] PluginManager:220 - loadIPPluginJar : add fmc
2023-12-05 18:08:56,688 [INFO] IPUIPlugin:80 - create IPUIPlugin
2023-12-05 18:08:56,688 [INFO] PluginManager:220 - loadIPPluginJar : add freertos
2023-12-05 18:08:56,705 [INFO] IPUIPlugin:80 - create IPUIPlugin
2023-12-05 18:08:56,705 [INFO] PluginManager:220 - loadIPPluginJar : add genericplugin
2023-12-05 18:08:56,785 [INFO] IPUIPlugin:80 - create IPUIPlugin
2023-12-05 18:08:56,785 [INFO] PluginManager:220 - loadIPPluginJar : add gfxmmu
2023-12-05 18:08:56,919 [INFO] IPUIPlugin:80 - create IPUIPlugin
2023-12-05 18:08:56,919 [INFO] PluginManager:220 - loadIPPluginJar : add gic
2023-12-05 18:08:56,938 [INFO] IPUIPlugin:80 - create IPUIPlugin
2023-12-05 18:08:56,939 [INFO] PluginManager:220 - loadIPPluginJar : add gpio
2023-12-05 18:08:57,025 [INFO] IPUIPlugin:80 - create IPUIPlugin
2023-12-05 18:08:57,025 [INFO] PluginManager:220 - loadIPPluginJar : add gtzc
2023-12-05 18:08:57,061 [INFO] IPUIPlugin:80 - create IPUIPlugin
2023-12-05 18:08:57,061 [INFO] PluginManager:220 - loadIPPluginJar : add hash
2023-12-05 18:08:57,112 [INFO] IPUIPlugin:80 - create IPUIPlugin
2023-12-05 18:08:57,112 [INFO] PluginManager:220 - loadIPPluginJar : add i2c
2023-12-05 18:08:57,149 [INFO] IPUIPlugin:80 - create IPUIPlugin
2023-12-05 18:08:57,150 [INFO] PluginManager:220 - loadIPPluginJar : add i2s
2023-12-05 18:08:57,183 [INFO] IPUIPlugin:80 - create IPUIPlugin
2023-12-05 18:08:57,183 [INFO] PluginManager:220 - loadIPPluginJar : add i3c
2023-12-05 18:08:57,260 [INFO] IPUIPlugin:80 - create IPUIPlugin
2023-12-05 18:08:57,260 [INFO] PluginManager:220 - loadIPPluginJar : add ipddr
2023-12-05 18:08:57,339 [INFO] IPUIPlugin:80 - create IPUIPlugin
2023-12-05 18:08:57,339 [INFO] PluginManager:220 - loadIPPluginJar : add linkedlist
2023-12-05 18:08:57,366 [INFO] IPUIPlugin:80 - create IPUIPlugin
2023-12-05 18:08:57,367 [INFO] PluginManager:220 - loadIPPluginJar : add lorawan
2023-12-05 18:08:57,397 [INFO] IPUIPlugin:80 - create IPUIPlugin
2023-12-05 18:08:57,398 [INFO] PluginManager:220 - loadIPPluginJar : add ltdc
2023-12-05 18:08:57,408 [INFO] IPUIPlugin:80 - create IPUIPlugin
2023-12-05 18:08:57,408 [INFO] PluginManager:220 - loadIPPluginJar : add mdma
2023-12-05 18:08:57,418 [INFO] IPUIPlugin:80 - create IPUIPlugin
2023-12-05 18:08:57,418 [INFO] PluginManager:220 - loadIPPluginJar : add nvic
2023-12-05 18:08:57,444 [INFO] IPUIPlugin:80 - create IPUIPlugin
2023-12-05 18:08:57,445 [INFO] PluginManager:220 - loadIPPluginJar : add opamp
2023-12-05 18:08:57,494 [INFO] IPUIPlugin:80 - create IPUIPlugin
2023-12-05 18:08:57,495 [INFO] PluginManager:220 - loadIPPluginJar : add openamp
2023-12-05 18:08:57,527 [INFO] IPUIPlugin:80 - create IPUIPlugin
2023-12-05 18:08:57,527 [INFO] PluginManager:220 - loadIPPluginJar : add pdm2pcm
2023-12-05 18:08:57,538 [INFO] IPUIPlugin:80 - create IPUIPlugin
2023-12-05 18:08:57,540 [INFO] PluginManager:220 - loadIPPluginJar : add plateformsettings
2023-12-05 18:08:57,557 [INFO] IPUIPlugin:80 - create IPUIPlugin
2023-12-05 18:08:57,557 [INFO] PluginManager:220 - loadIPPluginJar : add quadspi
2023-12-05 18:08:57,567 [INFO] IPUIPlugin:80 - create IPUIPlugin
2023-12-05 18:08:57,567 [INFO] PluginManager:220 - loadIPPluginJar : add resmgrutility
2023-12-05 18:08:57,604 [INFO] IPUIPlugin:80 - create IPUIPlugin
2023-12-05 18:08:57,604 [INFO] PluginManager:220 - loadIPPluginJar : add sai
2023-12-05 18:08:57,641 [INFO] IPUIPlugin:80 - create IPUIPlugin
2023-12-05 18:08:57,642 [INFO] PluginManager:220 - loadIPPluginJar : add spi
2023-12-05 18:08:57,702 [INFO] IPUIPlugin:80 - create IPUIPlugin
2023-12-05 18:08:57,702 [INFO] PluginManager:220 - loadIPPluginJar : add stm32_wpan
2023-12-05 18:08:57,729 [INFO] IPUIPlugin:80 - create IPUIPlugin
2023-12-05 18:08:57,729 [INFO] PluginManager:220 - loadIPPluginJar : add tim
2023-12-05 18:08:57,776 [INFO] IPUIPlugin:80 - create IPUIPlugin
2023-12-05 18:08:57,776 [INFO] PluginManager:220 - loadIPPluginJar : add touchsensing
2023-12-05 18:08:57,793 [INFO] IPUIPlugin:80 - create IPUIPlugin
2023-12-05 18:08:57,793 [INFO] PluginManager:220 - loadIPPluginJar : add tracer_emb
2023-12-05 18:08:57,810 [INFO] IPUIPlugin:80 - create IPUIPlugin
2023-12-05 18:08:57,810 [INFO] PluginManager:220 - loadIPPluginJar : add ts
2023-12-05 18:08:57,828 [INFO] IPUIPlugin:80 - create IPUIPlugin
2023-12-05 18:08:57,829 [INFO] PluginManager:220 - loadIPPluginJar : add tsc
2023-12-05 18:08:57,849 [INFO] IPUIPlugin:80 - create IPUIPlugin
2023-12-05 18:08:57,849 [INFO] PluginManager:220 - loadIPPluginJar : add ucpd
2023-12-05 18:08:57,883 [INFO] IPUIPlugin:80 - create IPUIPlugin
2023-12-05 18:08:57,883 [INFO] PluginManager:220 - loadIPPluginJar : add usart
2023-12-05 18:08:57,913 [INFO] IPUIPlugin:80 - create IPUIPlugin
2023-12-05 18:08:57,913 [INFO] PluginManager:220 - loadIPPluginJar : add usbx
2023-12-05 18:08:58,032 [INFO] CADModel:165 - CPN selected for project level
2023-12-05 18:08:58,032 [INFO] CADModel:114 - Register for checkConnection events
2023-12-05 18:08:58,032 [FATAL] Updater:308 - Updater called before beeing initialized
2023-12-05 18:08:58,033 [ERROR] CADModel:125 - Updater not yet initialized, retry later 
2023-12-05 18:08:58,151 [INFO] CADModel:165 - CPN selected for project level
2023-12-05 18:08:58,152 [INFO] CADModel:114 - Register for checkConnection events
2023-12-05 18:08:58,152 [FATAL] Updater:308 - Updater called before beeing initialized
2023-12-05 18:08:58,152 [ERROR] CADModel:125 - Updater not yet initialized, retry later 
2023-12-05 18:08:58,154 [FATAL] Updater:308 - Updater called before beeing initialized
2023-12-05 18:08:58,262 [FATAL] Updater:308 - Updater called before beeing initialized
2023-12-05 18:08:58,270 [INFO] DbMcusAds:53 - JSON generation date=Wed Nov 29 16:22:38 IST 2023 (1701255158764)
2023-12-05 18:08:58,270 [FATAL] Updater:308 - Updater called before beeing initialized
2023-12-05 18:08:58,321 [WARN] DetailPanel:346 - Failed to get advertising image, set to default
2023-12-05 18:08:58,386 [FATAL] Updater:308 - Updater called before beeing initialized
2023-12-05 18:08:58,387 [FATAL] Updater:308 - Updater called before beeing initialized
2023-12-05 18:08:58,387 [FATAL] Updater:308 - Updater called before beeing initialized
2023-12-05 18:08:58,387 [WARN] DetailPanel:346 - Failed to get advertising image, set to default
2023-12-05 18:08:58,387 [FATAL] Updater:308 - Updater called before beeing initialized
2023-12-05 18:08:58,453 [ERROR] Updater:1120 - MainUpdater not yet initialized. External WinMGr cannot be set.
2023-12-05 18:08:58,462 [INFO] Updater:1056 - Updater Version found : 6.10.0
2023-12-05 18:08:58,475 [INFO] ApplicationProperties:184 - Using Application install path: D:\Non-Project\STM CubeIDE\STM32CubeIDE_1.14.0\STM32CubeIDE\plugins\com.st.stm32cube.common.mx_6.10.0.202311202037
2023-12-05 18:08:59,016 [INFO] MainUpdater:2873 - connection check result : 10
2023-12-05 18:08:59,017 [INFO] MainUpdater:290 - Updater Check For Update Now.
2023-12-05 18:08:59,017 [INFO] MicroXplorer:498 - Change Database Version : DB.6.0.100
2023-12-05 18:08:59,048 [INFO] McuFinderGlobals:63 - Set McuFinder mode to 2 (CubeIDE integrated)
2023-12-05 18:08:59,048 [INFO] UserAuth:180 - activating auth plugin
2023-12-05 18:08:59,067 [WARN] MainUpdater:1194 - Updater busy. Cannot search thirdparties
2023-12-05 18:08:59,067 [INFO] UserAuth:404 - Internet connection configuration mode: 1
2023-12-05 18:08:59,067 [INFO] ThirdPartyUpdaterWithRetryManager:96 - Updater plugin is busy. [1/15]
2023-12-05 18:08:59,116 [INFO] JxBrowserEngine:152 - Initiate JxBrowser Engine with user profile folder
2023-12-05 18:08:59,253 [INFO] CheckServerUpdateThread:120 - End of CheckServer Thread
2023-12-05 18:09:01,765 [INFO] WebApp:161 - Instantiating new browser for Auth
2023-12-05 18:09:02,255 [WARN] PackLoader:240 - Cannot read IP mode file for STMicroelectronics.X-CUBE-SMBUS.2.1.0
2023-12-05 18:09:02,312 [WARN] PackLoader:240 - Cannot read IP mode file for STMicroelectronics.X-CUBE-AZRTOS-F7.1.1.0
2023-12-05 18:09:02,332 [WARN] PackLoader:240 - Cannot read IP mode file for STMicroelectronics.FP-SNS-MOTENV1.4.3.2
2023-12-05 18:09:02,349 [WARN] PackLoader:240 - Cannot read IP mode file for STMicroelectronics.FP-SNS-FLIGHT1.5.0.2
2023-12-05 18:09:02,364 [WARN] PackLoader:240 - Cannot read IP mode file for STMicroelectronics.X-CUBE-DISPLAY.3.0.0
2023-12-05 18:09:02,383 [WARN] PackLoader:240 - Cannot read IP mode file for STMicroelectronics.X-CUBE-BLE1.7.0.0
2023-12-05 18:09:02,395 [WARN] PackLoader:240 - Cannot read IP mode file for emotas.I-CUBE-CANOPEN.1.3.0
2023-12-05 18:09:02,408 [WARN] PackLoader:240 - Cannot read IP mode file for STMicroelectronics.X-CUBE-TOUCHGFX.4.22.1
2023-12-05 18:09:02,420 [WARN] PackLoader:240 - Cannot read IP mode file for STMicroelectronics.FP-SNS-SMARTAG2.1.2.0
2023-12-05 18:09:02,440 [INFO] LogOutputStream:77 - [STDOUT_REDIRECT] 1 : Invalid condition id : UX_CORESTACK_Condition cause : null
2023-12-05 18:09:02,441 [INFO] LogOutputStream:77 - [STDOUT_REDIRECT] 1 : Invalid condition id : UX_CORESTACK_Condition cause : null
2023-12-05 18:09:02,442 [INFO] LogOutputStream:77 - [STDOUT_REDIRECT] 1 : Invalid condition id : UX_CORESTACK_Condition cause : null
2023-12-05 18:09:02,443 [INFO] LogOutputStream:77 - [STDOUT_REDIRECT] 1 : Invalid condition id : UX_CORESTACK_Condition cause : null
2023-12-05 18:09:02,445 [INFO] LogOutputStream:77 - [STDOUT_REDIRECT] 1 : Invalid condition id : UX_CORESTACK_Condition cause : null
2023-12-05 18:09:02,450 [WARN] PackLoader:240 - Cannot read IP mode file for STMicroelectronics.X-CUBE-AZRTOS-WL.2.0.0
2023-12-05 18:09:02,487 [WARN] PackLoader:240 - Cannot read IP mode file for WES.I-CUBE-Cesium.1.3.0
2023-12-05 18:09:02,508 [INFO] WebApp:780 - Register for checkConnection events
2023-12-05 18:09:02,508 [WARN] PackLoader:240 - Cannot read IP mode file for STMicroelectronics.X-CUBE-BLE2.3.3.0
2023-12-05 18:09:02,508 [INFO] WebApp:414 - Apply proxy settings
2023-12-05 18:09:02,508 [INFO] WebApp:499 - Chromium requires no authentication
2023-12-05 18:09:02,521 [INFO] WebApp:442 - Direct internet connection detected
2023-12-05 18:09:02,527 [WARN] PackLoader:240 - Cannot read IP mode file for STMicroelectronics.X-CUBE-ALGOBUILD.1.3.0
2023-12-05 18:09:02,565 [WARN] PackLoader:240 - Cannot read IP mode file for STMicroelectronics.X-CUBE-AZRTOS-G0.1.1.0
2023-12-05 18:09:02,611 [WARN] PackLoader:240 - Cannot read IP mode file for STMicroelectronics.X-CUBE-NFC4.3.0.0
2023-12-05 18:09:02,633 [WARN] PackLoader:240 - Cannot read IP mode file for STMicroelectronics.X-CUBE-BLEMGR.3.0.0
2023-12-05 18:09:02,655 [WARN] PackLoader:240 - Cannot read IP mode file for STMicroelectronics.FP-ATR-SIGFOX1.3.2.0
2023-12-05 18:09:02,671 [WARN] PackLoader:240 - Cannot read IP mode file for STMicroelectronics.X-CUBE-GNSS1.6.0.0
2023-12-05 18:09:02,700 [WARN] PackLoader:240 - Cannot read IP mode file for STMicroelectronics.X-CUBE-AZRTOS-F4.1.1.0
2023-12-05 18:09:02,720 [WARN] PackLoader:240 - Cannot read IP mode file for wolfSSL.I-CUBE-wolfSSL.5.6.4
2023-12-05 18:09:02,748 [WARN] PackLoader:240 - Cannot read IP mode file for STMicroelectronics.X-CUBE-AZRTOS-L5.2.0.0
2023-12-05 18:09:02,764 [WARN] PackLoader:240 - Cannot read IP mode file for STMicroelectronics.X-CUBE-EEPRMA1.4.2.0
2023-12-05 18:09:02,776 [INFO] WebApp:192 - Starting web application
2023-12-05 18:09:02,776 [INFO] WebApp:544 - Web application path used D:\Non-Project\STM CubeIDE\STM32CubeIDE_1.14.0\STM32CubeIDE\plugins\com.st.stm32cube.common.mx_6.10.0.202311202037\db\plugins\mcufinder\reactClient1\index.html
2023-12-05 18:09:02,780 [WARN] PackLoader:240 - Cannot read IP mode file for ITTIA_DB.I-CUBE-ITTIADB.8.8.0
2023-12-05 18:09:02,806 [WARN] ConditionMgr:438 - getConditionDescription Invalid condition id : UX DEVICE CLASS RTOS Condition cause : null
2023-12-05 18:09:02,806 [WARN] ConditionMgr:438 - getConditionDescription Invalid condition id : UX DEVICE CLASS RTOS Condition cause : null
2023-12-05 18:09:02,810 [WARN] PackLoader:240 - Cannot read IP mode file for STMicroelectronics.X-CUBE-AZRTOS-H7.3.1.0
2023-12-05 18:09:02,811 [WARN] ConditionMgr:1039 - genDependencies : Invalid condition id : UX DEVICE CLASS RTOS Condition cause : null
2023-12-05 18:09:02,812 [WARN] ConditionMgr:1039 - genDependencies : Invalid condition id : UX DEVICE CLASS RTOS Condition cause : null
2023-12-05 18:09:02,812 [WARN] ConditionMgr:1039 - genDependencies : Invalid condition id : UX DEVICE CLASS RTOS Condition cause : null
2023-12-05 18:09:02,813 [WARN] ConditionMgr:1039 - genDependencies : Invalid condition id : UX DEVICE CLASS RTOS Condition cause : null
2023-12-05 18:09:02,813 [WARN] ConditionMgr:1039 - genDependencies : Invalid condition id : UX DEVICE CLASS RTOS Condition cause : null
2023-12-05 18:09:02,834 [WARN] PackLoader:240 - Cannot read IP mode file for STMicroelectronics.X-CUBE-NFC7.1.0.1
2023-12-05 18:09:02,867 [WARN] PackLoader:240 - Cannot read IP mode file for STMicroelectronics.X-CUBE-NFC6.3.0.0
2023-12-05 18:09:02,891 [WARN] PackLoader:240 - Cannot read IP mode file for STMicroelectronics.X-CUBE-AI.8.1.0
2023-12-05 18:09:02,930 [WARN] ConditionMgr:438 - getConditionDescription Invalid condition id : LAN8742 Phy interface Condition cause : null
2023-12-05 18:09:02,931 [WARN] PackLoader:240 - Cannot read IP mode file for STMicroelectronics.X-CUBE-AZRTOS-L4.2.0.0
2023-12-05 18:09:02,934 [WARN] ConditionMgr:1039 - genDependencies : Invalid condition id : LAN8742 Phy interface Condition cause : null
2023-12-05 18:09:02,935 [WARN] ConditionMgr:1039 - genDependencies : Invalid condition id : LAN8742 Phy interface Condition cause : null
2023-12-05 18:09:02,936 [WARN] ConditionMgr:1039 - genDependencies : Invalid condition id : LAN8742 Phy interface Condition cause : null
2023-12-05 18:09:02,962 [WARN] PackLoader:240 - Cannot read IP mode file for STMicroelectronics.X-CUBE-SFXS2LP1.4.0.0
2023-12-05 18:09:02,981 [WARN] PackLoader:240 - Cannot read IP mode file for STMicroelectronics.X-CUBE-ISPU.1.1.0
2023-12-05 18:09:03,010 [WARN] ConditionMgr:438 - getConditionDescription Invalid condition id : UX DEVICE CLASS RTOS Condition cause : null
2023-12-05 18:09:03,011 [WARN] ConditionMgr:438 - getConditionDescription Invalid condition id : UX DEVICE CLASS RTOS Condition cause : null
2023-12-05 18:09:03,013 [WARN] PackLoader:240 - Cannot read IP mode file for STMicroelectronics.X-CUBE-AZRTOS-WB.2.0.0
2023-12-05 18:09:03,014 [WARN] ConditionMgr:1039 - genDependencies : Invalid condition id : UX DEVICE CLASS RTOS Condition cause : null
2023-12-05 18:09:03,014 [WARN] ConditionMgr:1039 - genDependencies : Invalid condition id : UX DEVICE CLASS RTOS Condition cause : null
2023-12-05 18:09:03,015 [WARN] ConditionMgr:1039 - genDependencies : Invalid condition id : UX DEVICE CLASS RTOS Condition cause : null
2023-12-05 18:09:03,016 [WARN] ConditionMgr:1039 - genDependencies : Invalid condition id : UX DEVICE CLASS RTOS Condition cause : null
2023-12-05 18:09:03,016 [WARN] ConditionMgr:1039 - genDependencies : Invalid condition id : UX DEVICE CLASS RTOS Condition cause : null
2023-12-05 18:09:03,038 [WARN] PackLoader:240 - Cannot read IP mode file for STMicroelectronics.X-CUBE-SUBG2.5.0.0
2023-12-05 18:09:03,074 [WARN] PackLoader:240 - Cannot read IP mode file for STMicroelectronics.X-CUBE-AZRTOS-G4.2.0.0
2023-12-05 18:09:03,108 [WARN] PackLoader:240 - Cannot read IP mode file for Infineon.AIROC-Wi-Fi-Bluetooth-STM32.1.5.1
2023-12-05 18:09:03,137 [WARN] PackLoader:240 - Cannot read IP mode file for STMicroelectronics.FP-SNS-MOTENVWB1.1.3.1
2023-12-05 18:09:03,176 [WARN] PackLoader:240 - Cannot read IP mode file for STMicroelectronics.X-CUBE-MEMS1.10.0.0
2023-12-05 18:09:03,300 [WARN] PackLoader:240 - Cannot read IP mode file for STMicroelectronics.X-CUBE-FREERTOS.1.1.0
2023-12-05 18:09:03,324 [WARN] PackLoader:240 - Cannot read IP mode file for portGmbH.I-Cube-SoM-uGOAL.1.1.0
2023-12-05 18:09:03,349 [WARN] PackLoader:240 - Cannot read IP mode file for STMicroelectronics.X-CUBE-ALS.1.0.1
2023-12-05 18:09:03,372 [WARN] PackLoader:240 - Cannot read IP mode file for STMicroelectronics.FP-ATR-ASTRA1.2.0.0
2023-12-05 18:09:03,404 [WARN] PackLoader:240 - Cannot read IP mode file for STMicroelectronics.X-CUBE-TOF1.3.4.0
2023-12-05 18:09:03,410 [INFO] ThirdParty:978 - Integrity check success = true
2023-12-05 18:09:03,410 [INFO] IntegrityCheckThread:100 - exiting critical section [integrity check]
2023-12-05 18:09:03,410 [INFO] IntegrityCheckThread:103 - End integrity checks thread
2023-12-05 18:09:23,726 [ERROR] LogOutputStream:75 - [STDERR_REDIRECT] SLF4J: Failed to load class "org.slf4j.impl.StaticLoggerBinder".
2023-12-05 18:09:23,726 [ERROR] LogOutputStream:75 - [STDERR_REDIRECT] SLF4J: Defaulting to no-operation (NOP) logger implementation
2023-12-05 18:09:23,726 [ERROR] LogOutputStream:75 - [STDERR_REDIRECT] SLF4J: See http://www.slf4j.org/codes.html#StaticLoggerBinder for further details.
2023-12-05 19:04:03,573 [ERROR] ConfigurationRetriever:142 - IOException on connection: sw-center.st.com
2023-12-05 19:04:03,574 [ERROR] ConfigurationRetriever:142 - IOException on connection: sw-center.st.com
2023-12-05 19:04:03,575 [ERROR] ConfigurationRetriever:142 - IOException on connection: sw-center.st.com
2023-12-05 19:04:05,314 [ERROR] LogOutputStream:75 - [STDERR_REDIRECT] 
